+runOnce:7> mach build
+mach:1> env - 'HOME=/home/gmaudoux' 'DISPLAY=:0' 'TERM=screen' 'PKG_CONFIG_PATH=/nix/store/1dm1zygy7n0iqvxzzqf3livr7ydvs2mf-python3-3.6.5/lib/pkgconfig:/nix/store/wfv291gbplmq0l7h5pypdjb5xjnv5axg-libICE-1.0.9-dev/lib/pkgconfig:/nix/store/sl5cjzdpd2vk1lam52sxh4nyqa6s72zl-xproto-7.0.31/lib/pkgconfig:/nix/store/wdhvmkwrsd7ayxq24lz3wsnqhmxbfv1x-libSM-1.2.2-dev/lib/pkgconfig:/nix/store/l5acsgbn1vbl1m7iv12y56fvx83p5kn7-libX11-1.6.5-dev/lib/pkgconfig:/nix/store/kgylbxg6b6chcsa888rg45zr6q6mcg6v-libxcb-1.12-dev/lib/pkgconfig:/nix/store/8rw2fvr5xrmc8ri0i7l2v1fvabkp18r8-kbproto-1.0.7/lib/pkgconfig:/nix/store/pfldr84r68dg1rybrrfl7l03jhws4ph1-libXau-1.0.8-dev/lib/pkgconfig:/nix/store/3qv4dmbzrjkxnsxmgkh5ji3cwyxfvkpq-libXdmcp-1.1.2-dev/lib/pkgconfig:/nix/store/lxyd3mgllr8jj8vly4xfwrsbf2fk8pgn-libXext-1.3.3-dev/lib/pkgconfig:/nix/store/j38nc3a31ship4vznz5q33hizngifgbv-xextproto-7.3.0/lib/pkgconfig:/nix/store/kmkr3xk314mcnvmpyz716cr8qx4kbqar-libXt-1.1.5-dev/lib/pkgconfig:/nix/store/a6yf6gg9mkaabdnv1cpya9k2ssb9wi8i-printproto-1.0.5/lib/pkgconfig:/nix/store/k4wb4vyja1dcjqxpfgvzznwhg30nvhkp-renderproto-0.11.1/lib/pkgconfig:/nix/store/vqfayvls2gcvph9789krq36abnz9dcvs-libXcomposite-0.4.4-dev/lib/pkgconfig:/nix/store/6la8h3r7lxzkly4qf5knlsyfm8drjwhg-libXfixes-5.0.3-dev/lib/pkgconfig:/nix/store/jwbfi28vwyzjijr50zbkb98q7xa3zvij-fixesproto-5.0/lib/pkgconfig:/nix/store/xrdpdcidbngwwwia41ads3rlhxnv3xnv-compositeproto-0.4.2/lib/pkgconfig:/nix/store/2ym5x49h8fjyghjbzg3b0krcz0kqiswa-damageproto-1.2.1/lib/pkgconfig:/nix/store/0n6k21rggvk5c3zi7dpfadrhbwq7rjjf-libXdamage-1.1.4-dev/lib/pkgconfig:/nix/store/6ha6fvm8bjs9l0jd2sm43r13dfb5bagf-libXrender-0.9.10-dev/lib/pkgconfig:/nix/store/2r6bvw7za4ynd1n2xr65b1jrqfg0yjfp-libart_lgpl-2.3.21/lib/pkgconfig:/nix/store/8qizrxfh0yk1s9n1kzrc1lk7v1qprxrg-libbonobo-2.32.1-dev/lib/pkgconfig:/nix/store/yqv1mkxddrhd9m079cqwslxq8h2yl440-popt-1.16/lib/pkgconfig:/nix/store/cxf1sj5mkgb2z60qji1lyb9wp7fp76wa-glib-2.54.3-dev/lib/pkgconfig:/nix/store/8bsyix63bn598h4vr6zkx9r5yhv8f13r-zlib-1.2.11-dev/lib/pkgconfig:/nix/store/yb9axzdqhnamqssl2i9l8kl30x22pcb9-libffi-3.2.1-dev/lib/pkgconfig:/nix/store/7szhczx871gdip17crd7bg3rchhqa86y-ORBit2-2.14.19-dev/lib/pkgconfig:/nix/store/nccbs1aiwwajqg7gz8y3bgag31hmlqfb-libIDL-0.8.14/lib/pkgconfig:/nix/store/0sf0v8fz43n5sz0k7cjxaifkzjimh0x6-libbonoboui-2.24.5-dev/lib/pkgconfig:/nix/store/9mzk7afm6m8dh1iz197kqqdra9rnji4v-libgnomecanvas-2.30.3-dev/lib/pkgconfig:/nix/store/cc8z8srk4rqdrz234a4xzbbaf9i5b0nr-gtk+-2.24.32-dev/lib/pkgconfig:/nix/store/qbhfjb2fagmn9vz9wh280w0j73lq2hjg-cairo-1.14.10-dev/lib/pkgconfig:/nix/store/2lgd6qnfhrzhy3vy7lw25qn0fvsbvzd7-fontconfig-2.12.1-dev/lib/pkgconfig:/nix/store/9yksdd65yard03m7ads6mysrxgnnmdss-freetype-2.7.1-dev/lib/pkgconfig:/nix/store/yhzxhwikm403q7m01g63rr0rzvrsg825-bzip2-1.0.6.0.1-dev/lib/pkgconfig:/nix/store/k9fjbxm37cq6pv0m4j9hp74lg64p038z-libpng-apng-1.6.34-dev/lib/pkgconfig:/nix/store/8ncpzbdgbwg3h8889w67fmb0ay06dpm1-expat-2.2.5-dev/lib/pkgconfig:/nix/store/8zwkx851l4v782f8jdcvk1lk4z42s8x0-pixman-0.34.0/lib/pkgconfig:/nix/store/1j4yb6jnn5d1vkb8pbv25c51hvgdibpr-xcb-util-0.4.0-dev/lib/pkgconfig:/nix/store/yn4mvjyiif6vp37ys7kxq3m7yfkkhjrc-mesa-noglu-17.3.6-dev/lib/pkgconfig:/nix/store/8p0n1zla4w9ybj6iqzmd8qgikjm0fahf-libXxf86vm-1.1.4-dev/lib/pkgconfig:/nix/store/gsdakxyxgzb2j0fch1hgb9zq8cppasxa-xf86vidmodeproto-2.3.1/lib/pkgconfig:/nix/store/2pds79ywmlvxhzd90q7xyjda5vc4jp60-libdrm-2.4.90-dev/lib/pkgconfig:/nix/store/mxqzc40rai0j8z73lgxh1bsnxmddw3kz-pango-1.40.14-dev/lib/pkgconfig:/nix/store/45py252dqicp5zr8hm0gm6hacdmsks82-harfbuzz-1.7.1-dev/lib/pkgconfig:/nix/store/0cj94v3rj7ixn5fqd7a4kh1ajnlprz4r-graphite2-1.3.6/lib/pkgconfig:/nix/store/5hy0yyp0qnyb8xngb285z1vzg3lm5k10-libXft-2.3.2-dev/lib/pkgconfig:/nix/store/jwjlcjj1qq6hnf90kdfpqii5v8qhsnh3-gdk-pixbuf-2.36.7-dev/lib/pkgconfig:/nix/store/vaqvlcgav3ly3hdx5yvk6gssnh5b9wkb-libtiff-4.0.9-dev/lib/pkgconfig:/nix/store/g5wlw7fshg23288pbqyc505vm6ilhqxm-libjpeg-turbo-1.5.3-dev/lib/pkgconfig:/nix/store/ww996cjyv9gdsfvg5v6467adp5x00fjp-xz-5.2.3-dev/lib/pkgconfig:/nix/store/4wrn67c4r6lbx70vw5yvx7z9nl8yfkqk-jasper-2.0.14-dev/lib/pkgconfig:/nix/store/k5kaamp13w1jx8di5931zvc5nd4dnp10-atk-2.26.1-dev/lib/pkgconfig:/nix/store/nnd9y92fglhn0yw3brhz6yffxy97kvr2-libXrandr-1.5.1-dev/lib/pkgconfig:/nix/store/vcvhflwnwsmxfxljqcmq7y9fzraj4a2a-randrproto-1.5.0/lib/pkgconfig:/nix/store/bwb18dlcr0zsrk5pmb3wlj9kh8x3hgib-libXi-1.7.9-dev/lib/pkgconfig:/nix/store/fss7sk3lrr4v19qp3h5narp4xlyrzps6-inputproto-2.3.2/lib/pkgconfig:/nix/store/j89lj703pvshcw9b30ma68x191z42zrj-libXcursor-1.1.15-dev/lib/pkgconfig:/nix/store/m2jfscscvzp0x1isnqf35rvx5nmbz4ch-libXinerama-1.1.3-dev/lib/pkgconfig:/nix/store/64igm2b6wsffw4ab4rwsr0d6syq4cliq-xineramaproto-1.2.1/lib/pkgconfig:/nix/store/0vr9lni0n2y31r3q9a0ppmhvvz4mwh9d-libgnome-2.32.1-dev/lib/pkgconfig:/nix/store/2fvw424y8sk7k78wx91ypygp97bbpaql-libogg-1.3.3-dev/lib/pkgconfig:/nix/store/603pjqb39js7i6j4122vb90iij1z8sfh-libgnomeui-2.24.5-dev/lib/pkgconfig:/nix/store/5miakzzfrkqrx1pyanws2125m1r4msxf-gnome-vfs-2.24.4-dev/lib/pkgconfig:/nix/store/hql1dc0vdmwxv5dalr75nmkgwjl3m601-gconf-2.32.4-dev/lib/pkgconfig:/nix/store/30gy5qynrb97zyhlc9v4r74ryfxx9l5i-dbus-1.10.24-dev/lib/pkgconfig:/nix/store/64hw8wpmp4xq19kxl5m59qn916iciixa-dbus-glib-0.108-dev/lib/pkgconfig:/nix/store/la9ssv41cvkrp0pksh5lbv1qq4qxrjl1-alsa-lib-1.1.5-dev/lib/pkgconfig:/nix/store/8bxzpqbchyha2bn8qabd23dg34fpgp6v-libpulseaudio-11.1-dev/lib/pkgconfig:/nix/store/4k61wqjqi8qs6clmir5af09viwqvihj8-libcap-2.25-dev/lib/pkgconfig:/nix/store/rjx2ncvp8g4bq1xkr494sfzzga01pybh-gstreamer-0.10.36-dev/lib/pkgconfig:/nix/store/3143f24xkdh6ihww7q8cgjnlyzqd5zmc-libxml2-2.9.7-dev/lib/pkgconfig:/nix/store/3b3avm6bj80dlvjrv7qjk42lfq6i6w28-gst-plugins-base-0.10.36-dev/lib/pkgconfig:/nix/store/0mz62gba7s21qlhq4mph81ixf2v0nlb4-gtk+3-3.22.28-dev/lib/pkgconfig:/nix/store/wq9dxr9vzrv1gfzlb0z7jam6lp7m7xq1-at-spi2-atk-2.26.1/lib/pkgconfig:/nix/store/4p1h4n411927l2s2mwca33m0s1l1z61q-gsettings-desktop-schemas-3.24.1/share/pkgconfig:/nix/store/mlmm2a007gg49ia1wa2klniki4ph0jv1-wayland-1.14.0/lib/pkgconfig:/nix/store/qz0rr5xiqh4wa1ls5cqywkgz1brmb5fh-wayland-protocols-1.11/share/pkgconfig:/nix/store/vc7a2ay0pbs5isscc1fda3wa557jchs3-gobject-introspection-1.54.1-dev/lib/pkgconfig:/nix/store/awsi1h746ian2afdmrhpw8ajkn0gsavb-procps-3.3.12/lib/pkgconfig:/nix/store/nx3jw576gqw01iiijgsav39w2qa4cni2-python-2.7.14/lib/pkgconfig:/nix/store/jd644x3ppch1i92lbiw837bd1rylqgip-openssl-1.0.2o-dev/lib/pkgconfig:/nix/store/vbvlba36jl5dfqnma2xqdl1ci294rnbr-libnotify-0.7.7/lib/pkgconfig:/nix/store/i4k7d8vmqhxhzkq775067mf6gjmw439f-valgrind-3.13.0-dev/lib/pkgconfig:/nix/store/kwdbw37kpgym0a1bnd5yczcsxl84vya4-icu4c-59.1-dev/lib/pkgconfig:/nix/store/bwh528xapwgjzxnxsjbj3fyppxzpawh0-nss-3.35-dev/lib/pkgconfig:/nix/store/ysgkjcxkci63mj6smp8s2w72abhzxv4p-nspr-4.18-dev/lib/pkgconfig:/nix/store/n2w7c9m4kbwlqrlxcja1akvwasagpcbp-libvpx-1.6.1-dev/lib/pkgconfig:/nix/store/cxn4wv56d1871pq38fqbyd996p1kc8nj-hunspell-1.6.2-dev/lib/pkgconfig:/nix/store/gzcly4bpvm78alliyl8vbzjdxm3bsgfv-sqlite-3.21.0-dev/lib/pkgconfig:/nix/store/jnlz9n0avbnlrccdqmi91ibhkf905q7x-libstartup-notification-0.12/lib/pkgconfig' 'SHELL=/nix/store/zqh3l3lyw32q1ayb15bnvg9f24j5v2p0-bash-4.4-p12/bin/bash' 'PATH=/nix/store/y5rlyv6nz8134s687d95ysc2gakwx7am-patchelf-0.9/bin:/nix/store/rf7pnq8qk9bkjpl4s2pm5dm2pk4yqhrc-paxctl-0.9/bin:/nix/store/gqg2vrcq7krqi9rrl6pphvsg81sb8pjw-gcc-wrapper-7.3.0/bin:/nix/store/bm7pb1s7rx1ad80706b5xqrznq7fgpgx-gcc-7.3.0/bin:/nix/store/6ca5dl2wy0nh37li1n4b152fcazsp3f6-glibc-2.26-131-bin/bin:/nix/store/cb3slv3szhp46xkrczqw7mscy5mnk64l-coreutils-8.29/bin:/nix/store/cmxaqb5cbzy4jk26na842n6hy1s4yn19-binutils-wrapper-2.28.1/bin:/nix/store/b0zlxla7dmy1iwc3g459rjznx59797xy-binutils-2.28.1/bin:/nix/store/1dm1zygy7n0iqvxzzqf3livr7ydvs2mf-python3-3.6.5/bin:/nix/store/ixlf9p8sjmw0zvd2ggzmfcsl7i5dp3pq-python3.6-setuptools-38.4.0/bin:/nix/store/pnjn1fv5s5a89vpqa63cvb407dapzy6c-which-2.21/bin:/nix/store/6m16jx9snhl5k1y078az476g9vfqvk4k-autoconf-2.13/bin:/nix/store/s029gmjpgvm776wfb56naqny9qja9339-perl-5.24.3/bin:/nix/store/afs58x7k2mpgv9wdq5v6xr7g31jjihpl-unzip-6.0/bin:/nix/store/rq684hfjyi84crlry4pwdqhbyyxjsk2d-zip-3.0/bin:/nix/store/lhp5rw0dagi5mgqwr9i3x41240ba4ypz-gnumake-4.2.1/bin:/nix/store/ax0xvjs9kqz7fn2gr5giciiigi6q7n0k-yasm-1.3.0/bin:/nix/store/340wmknqs4by554nwpg3hcr52lshqdj2-pkg-config-0.29.2/bin:/nix/store/2r6bvw7za4ynd1n2xr65b1jrqfg0yjfp-libart_lgpl-2.3.21/bin:/nix/store/cxf1sj5mkgb2z60qji1lyb9wp7fp76wa-glib-2.54.3-dev/bin:/nix/store/7szhczx871gdip17crd7bg3rchhqa86y-ORBit2-2.14.19-dev/bin:/nix/store/nccbs1aiwwajqg7gz8y3bgag31hmlqfb-libIDL-0.8.14/bin:/nix/store/1psa21c6ycl337k7pm698l75bhxgyfzy-ORBit2-2.14.19/bin:/nix/store/jljvnr34rv1fzh2m03d46isvzk95ssdr-libbonobo-2.32.1/bin:/nix/store/cc8z8srk4rqdrz234a4xzbbaf9i5b0nr-gtk+-2.24.32-dev/bin:/nix/store/qbhfjb2fagmn9vz9wh280w0j73lq2hjg-cairo-1.14.10-dev/bin:/nix/store/9yksdd65yard03m7ads6mysrxgnnmdss-freetype-2.7.1-dev/bin:/nix/store/qqv6r9vkpb44rw5d8wyfpx64rgqzlvdm-bzip2-1.0.6.0.1-bin/bin:/nix/store/k9fjbxm37cq6pv0m4j9hp74lg64p038z-libpng-apng-1.6.34-dev/bin:/nix/store/0alz3scxpgnirzkyz254j3jvf2syf9d8-fontconfig-2.12.1-bin/bin:/nix/store/8ncpzbdgbwg3h8889w67fmb0ay06dpm1-expat-2.2.5-dev/bin:/nix/store/1pdl62g1inalcc13mfwbmvc5alzqal2n-libdrm-2.4.90-bin/bin:/nix/store/45py252dqicp5zr8hm0gm6hacdmsks82-harfbuzz-1.7.1-dev/bin:/nix/store/0cj94v3rj7ixn5fqd7a4kh1ajnlprz4r-graphite2-1.3.6/bin:/nix/store/3qvsxrsw5ij79wi1sn1y3z3hwqygx9gx-pango-1.40.14-bin/bin:/nix/store/jwjlcjj1qq6hnf90kdfpqii5v8qhsnh3-gdk-pixbuf-2.36.7-dev/bin:/nix/store/ssmhdid5b2s3gf4kwvky8q0119dy5vyf-libjpeg-turbo-1.5.3-bin/bin:/nix/store/aakgkcvw6j54zg38zrn1w00sgxx0zj8b-xz-5.2.3-bin/bin:/nix/store/nr17jlbss1jffdgh6rknf0wxvz9df219-libtiff-4.0.9-bin/bin:/nix/store/x0jclbms2bldcq7azzsw6c9z68sbhdgs-jasper-2.0.14-bin/bin:/nix/store/nnd0d1jbaph3xgs1z0s969xv5n3csdxa-gdk-pixbuf-2.36.7/bin:/nix/store/avcr8ri97kynqpqafg5c2bq3l67cca5v-cups-2.2.6-dev/bin:/nix/store/qbwhkl8qs76715cl5sa0893vp4fm8k7b-cups-2.2.6/bin:/nix/store/xwyp69b2b85y56h7akw9j7sxwzkr0y92-gtk+-2.24.32/bin:/nix/store/9ccy81kzwjnxjxsar78gkmakwwdfq26n-libgnome-2.32.1/bin:/nix/store/p2xv7zcg9pak48j5i689jl5nmkssmf98-libbonoboui-2.24.5/bin:/nix/store/s2xvg8k21w3y9pzhh51wlscwgz6h9v83-gconf-2.32.4/bin:/nix/store/rkzpvfz9f45lghj9i35p2z9ls66flvpi-gnome-vfs-2.24.4/bin:/nix/store/fcg60r125nzdzk0cimrd4z277gqf8ca9-dbus-1.10.24-lib/bin:/nix/store/ia9x1pjgqb3slk15sv2y1llrk9nplpri-dbus-1.10.24/bin:/nix/store/64hw8wpmp4xq19kxl5m59qn916iciixa-dbus-glib-0.108-dev/bin:/nix/store/n07bypvyip8xgjmynqg50q37wvmnfvs2-alsa-lib-1.1.5/bin:/nix/store/6bzyb2y3mkz1spg6l3i4wp2lmkkh6f3v-attr-2.4.47-bin/bin:/nix/store/ygi8766zlysmzqxvk7dhc6wkv93jcpzd-libcap-2.25/bin:/nix/store/3143f24xkdh6ihww7q8cgjnlyzqd5zmc-libxml2-2.9.7-dev/bin:/nix/store/mnm5w1h20ddkrd3i435n03qiqqqvll97-libxml2-2.9.7-bin/bin:/nix/store/c4i4fi42drpzyik34h0rlbkxk9g5nbc5-gstreamer-0.10.36/bin:/nix/store/icc4mss4gpi9yw8hk1wc7by1scmrv53v-gst-plugins-base-0.10.36/bin:/nix/store/0mz62gba7s21qlhq4mph81ixf2v0nlb4-gtk+3-3.22.28-dev/bin:/nix/store/mlmm2a007gg49ia1wa2klniki4ph0jv1-wayland-1.14.0/bin:/nix/store/19y1sm233aa4q93qsbib04za9brvax64-gtk+3-3.22.28/bin:/nix/store/vc7a2ay0pbs5isscc1fda3wa557jchs3-gobject-introspection-1.54.1-dev/bin:/nix/store/awsi1h746ian2afdmrhpw8ajkn0gsavb-procps-3.3.12/bin:/nix/store/6lkl4g8jbg0m4fgl5s1jclafic2k6lhx-git-2.16.2/bin:/nix/store/d7gspk4njym9k88qk2a3sqjasi8ab2z6-mercurial-4.5/bin:/nix/store/a3qhl9b5v89b3gh0qjna6my1wl5vbqq7-python2.7-dulwich-0.18.6/bin:/nix/store/nx3jw576gqw01iiijgsav39w2qa4cni2-python-2.7.14/bin:/nix/store/xr3li4as4jycwk9lgqn08s0q9s86svqf-python2.7-setuptools-38.4.0/bin:/nix/store/0bgnx6v0i3zi6kpc4dnh98l8isix3rw2-openssl-1.0.2o-bin/bin:/nix/store/5dh5x82i892s162bqrlrym71qp4dwvq3-cmake-3.10.2/bin:/nix/store/vbvlba36jl5dfqnma2xqdl1ci294rnbr-libnotify-0.7.7/bin:/nix/store/j35sgbqnyxfn7rz31812r7l82az9zmzk-valgrind-3.13.0/bin:/nix/store/vyl4q1bhxnqbgkslbaxzp09nh48x6wdb-gdb-8.1/bin:/nix/store/1591qvjywwvw9f1m0smzkb1p3yfk8gpd-rr-5.1.0/bin:/nix/store/bk3hvkxywzc537m2w3di68aw7pwz80df-ccache-3.4.1/bin:/nix/store/0i0b8390dab21pd34x7wjgl49301qqgb-rustc-1.24.0/bin:/nix/store/d6g30kgzg9j7jvf1hci8k813vbay2iqb-cargo-0.24.0/bin:/nix/store/77bsskn86yf6h11mx96xkxm9bqv42kqg-zsh-5.5.1/bin:/nix/store/lmq72s0kwyd3dfm1k9ahmaha5zcj5igh-tup/bin:/nix/store/pxsrm9avcrp833rd96sp6vgs45yzrij9-fusermount/bin:/nix/store/xa5qvlg5pp5rh2dshlwvd708ks066azv-librsvg-2.42.2/bin:/nix/store/kwdbw37kpgym0a1bnd5yczcsxl84vya4-icu4c-59.1-dev/bin:/nix/store/bwh528xapwgjzxnxsjbj3fyppxzpawh0-nss-3.35-dev/bin:/nix/store/ysgkjcxkci63mj6smp8s2w72abhzxv4p-nspr-4.18-dev/bin:/nix/store/cffgk5hna0yljhy7japikcbxy7f55arl-libvpx-1.6.1-bin/bin:/nix/store/iy5737v30gb1zwyai59c5y83f3ymy797-hunspell-1.6.2-bin/bin:/nix/store/jhrwlpfijc4igz6xsx01z4z45k50kjsv-sqlite-3.21.0-bin/bin:/nix/store/364b5gkvgrm87bh1scxm5h8shp975n0r-findutils-4.6.0/bin:/nix/store/cg3yhpr5hfr00y0aah23pgxiijpzl6nz-diffutils-3.6/bin:/nix/store/navldm477k3ar6cy0zlw9rk43i459g69-gnused-4.4/bin:/nix/store/s63b2myh6rxfl4aqwi9yxd6rq66djk33-gnugrep-3.1/bin:/nix/store/j79xs2j519bmvq0gihz8ff4nw5aj3vlh-gawk-4.2.0/bin:/nix/store/2p00w952ljb1172nsf3jm7nsjgsw5qpw-gnutar-1.30/bin:/nix/store/d7895h1an2pgcd6a3vx3yb5fbg786lci-gzip-1.9/bin:/nix/store/zqh3l3lyw32q1ayb15bnvg9f24j5v2p0-bash-4.4-p12/bin:/nix/store/gd1mp76qr4zpbw3lccivhvi30b025x51-patch-2.7.6/bin' 'PYTHONDONTWRITEBYTECODE=True' ./mach build
Build configuration changed. Regenerating backend.
 0:00.40 /home/gmaudoux/projets/gecko-tup/gecko-dev/obj-tup/_virtualenv/bin/python /home/gmaudoux/projets/gecko-tup/gecko-dev/obj-tup/config.status
 0:10.03 /nix/store/lmq72s0kwyd3dfm1k9ahmaha5zcj5igh-tup/bin/tup upd /home/gmaudoux/projets/gecko-tup/gecko-dev/obj-tup -j4 --no-environ-check
 0:10.04 [ tup ] [0.000s] Scanning filesystem...
 0:10.98 [ tup ] [0.944s] No tup.config changes (environment check disabled).
 0:10.98 [ tup ] [0.946s] Parsing Tupfiles...
 0:10.99    3%  1) [0.002s] dom/interfaces/html
 0:10.99    7%  2) [0.001s] services/common/tests/unit
 0:10.99   11%  3) [0.002s] mobile/android/base/java/org/mozilla/gecko/mma
 0:11.07   14%  4) [0.079s] obj-tup/xpcom/xpidl
 0:11.08   18%  5) [0.006s] obj-tup/xpcom/reflect/xptinfo
 0:11.49   22%  6) [0.407s] obj-tup/toolkit/library
 0:11.50   25%  7) [0.008s] obj-tup/js/xpconnect/shell
 0:11.50   29%  8) [0.005s] obj-tup/ipc/app
 0:11.54   33%  9) [0.041s] obj-tup/dist/idl
 0:11.54   37% 10) [0.001s] testing/mochitest/chrome
 0:11.54   40% 11) [0.001s] testing/mochitest/tests/python/files
 0:11.54   44% 12) [0.001s] testing/mochitest/tests/browser
 0:11.54   48% 13) [0.002s] browser/components/extensions/test/browser
 0:11.54   51% 14) [0.002s] layout/reftests/xul
 0:11.55   55% 15) [0.005s] layout/reftests/bugs
 0:11.55   59% 16) [0.001s] layout/reftests/native-theme
 0:11.55   62% 17) [0.001s] gfx/tests/reftest
 0:11.55   66% 18) [0.002s] toolkit/components/extensions/test/xpcshell
 0:11.56   70% 19) [0.005s] obj-tup/dist/bin/browser/chrome/browser/res/payments/formautofill
 0:11.56   74% 20) [0.001s] browser/components/payments/res/containers
 0:11.56   77% 21) [0.001s] obj-tup/dist/bin/browser/chrome/browser/res/payments/containers
 0:11.56   81% 22) [0.001s] browser/components/payments/test/browser
 0:11.56   85% 23) [0.000s] browser/components/payments/test/mochitest
 0:11.56   88% 24) [0.002s] testing/tools/view_gecko_profile
 0:11.56   92% 25) [0.002s] devtools/client/application/test
 0:11.56   96% 26) [0.001s] devtools/client/application/test/service-workers
 0:11.57  100% 27) [0.002s] js/src/jsapi-tests/binast/parser/multipart/unit
 0:11.57 [ tup ] [1.532s] Deleting files...
 0:11.57 [ tup ] [1.532s] Deleting 1 command...
 0:11.57   25% 1) rm: obj-tup/dist/xpcrs/bt/nsIDOMHTMLInputElement.rs
 0:11.57   50% 2) rm: obj-tup/dist/xpcrs/rt/nsIDOMHTMLInputElement.rs
 0:11.57   75% 3) rm: obj-tup/dist/idl/nsIDOMHTMLInputElement.idl
 0:11.57  100% 4) rm: obj-tup/dist/include/nsIDOMHTMLInputElement.h
 0:11.58 [ tup ] [1.541s] Generating .gitignore files...
 0:11.62 [ tup ] [1.585s] Executing Commands...
 0:12.15    1%  1) [0.529s] obj-tup/xpcom/xpidl: XPIDL dom_html
 0:12.16    2%  2) [0.535s] obj-tup/xpcom/xpidl: XPIDL reputationservice
 0:12.16    3%  3) [0.542s] obj-tup/xpcom/xpidl: XPIDL satchel
 0:12.16    4%  4) [0.002s] obj-tup/dist/bin/browser/chrome/browser/res/payments/containers: symlink address-form.js -> /home/gmaudoux/projets/gecko-tup/gecko-dev/browser/components/payments/res/containers/address-form.js
 0:12.17    5%  5) [0.002s] obj-tup/dist/bin/browser/chrome/browser/res/payments/formautofill: symlink editAddress.xhtml -> /home/gmaudoux/projets/gecko-tup/gecko-dev/browser/extensions/formautofill/content/editAddress.xhtml
 0:12.24    6%  6) [0.620s] obj-tup/xpcom/xpidl: XPIDL loginmgr
 0:13.69    8%  7) [1.444s] obj-tup/xpcom/reflect/xptinfo: XPIDL xptcodegen.py xptdata.cpp
 0:18.68    9%  8) [6.438s] obj-tup/toolkit/components/build: CXX /home/gmaudoux/projets/gecko-tup/gecko-dev/toolkit/components/build/nsToolkitCompsModule.cpp
 0:31.97   10%  9) [13.291s] obj-tup/xpcom/reflect/xptinfo: CXX /home/gmaudoux/projets/gecko-tup/gecko-dev/obj-tup/xpcom/reflect/xptinfo/xptdata.cpp
 0:51.32   11% 10) [39.074s] obj-tup/toolkit/components/reputationservice: CXX Unified_cpp_reputationservice0.cpp
 0:55.16   12% 11) [23.185s] obj-tup/js/src: CXX /home/gmaudoux/projets/gecko-tup/gecko-dev/js/src/frontend/BinSource-auto.cpp
 0:55.16 /home/gmaudoux/projets/gecko-tup/gecko-dev/js/src/frontend/BinSource-auto.cpp: In member function 'JS::Result<js::frontend::ParseNode*> js::frontend::BinASTParser<Tok>::parseInterfaceBinaryExpression(size_t, js::frontend::BinKind, const BinFields&) [with Tok = js::frontend::BinTokenReaderTester]':
 0:55.16 /home/gmaudoux/projets/gecko-tup/gecko-dev/js/src/frontend/BinSource-auto.cpp:3523:27: warning: 'pnk' may be used uninitialized in this function [-Wmaybe-uninitialized]
 0:55.17      if (left->isKind(pnk) &&
 0:55.17 In file included from /home/gmaudoux/projets/gecko-tup/gecko-dev/js/src/frontend/FullParseHandler.h:15:0,
 0:55.17                  from /home/gmaudoux/projets/gecko-tup/gecko-dev/js/src/frontend/BCEParserHandle.h:11,
 0:55.17                  from /home/gmaudoux/projets/gecko-tup/gecko-dev/js/src/frontend/BinSource.h:19,
 0:55.17                  from /home/gmaudoux/projets/gecko-tup/gecko-dev/js/src/frontend/BinSource-auto.cpp:20:
 0:55.17 /home/gmaudoux/projets/gecko-tup/gecko-dev/js/src/frontend/ParseNode.h: In member function 'JS::Result<js::frontend::ParseNode*> js::frontend::BinASTParser<Tok>::parseInterfaceUnaryExpression(size_t, js::frontend::BinKind, const BinFields&) [with Tok = js::frontend::BinTokenReaderTester]':
 0:55.17 /home/gmaudoux/projets/gecko-tup/gecko-dev/js/src/frontend/ParseNode.h:493:24: warning: 'pnk' may be used uninitialized in this function [-Wmaybe-uninitialized]
 0:55.17          pn_next(nullptr)
 0:55.17                         ^
 0:55.17 /home/gmaudoux/projets/gecko-tup/gecko-dev/js/src/frontend/BinSource-auto.cpp:7355:19: note: 'pnk' was declared here
 0:55.17      ParseNodeKind pnk;
 0:55.17                    ^~~
 0:55.17 In file included from /home/gmaudoux/projets/gecko-tup/gecko-dev/js/src/frontend/FullParseHandler.h:15:0,
 0:55.17                  from /home/gmaudoux/projets/gecko-tup/gecko-dev/js/src/frontend/BCEParserHandle.h:11,
 0:55.17                  from /home/gmaudoux/projets/gecko-tup/gecko-dev/js/src/frontend/BinSource.h:19,
 0:55.17                  from /home/gmaudoux/projets/gecko-tup/gecko-dev/js/src/frontend/BinSource-auto.cpp:20:
 0:55.17 /home/gmaudoux/projets/gecko-tup/gecko-dev/js/src/frontend/ParseNode.h: In member function 'JS::Result<js::frontend::ParseNode*> js::frontend::BinASTParser<Tok>::parseInterfaceUpdateExpression(size_t, js::frontend::BinKind, const BinFields&) [with Tok = js::frontend::BinTokenReaderTester]':
 0:55.17 /home/gmaudoux/projets/gecko-tup/gecko-dev/js/src/frontend/ParseNode.h:493:24: warning: 'pnk' may be used uninitialized in this function [-Wmaybe-uninitialized]
 0:55.17          pn_next(nullptr)
 0:55.17                         ^
 0:55.17 /home/gmaudoux/projets/gecko-tup/gecko-dev/js/src/frontend/BinSource-auto.cpp:7453:19: note: 'pnk' was declared here
 0:55.17      ParseNodeKind pnk;
 0:55.17                    ^~~
 0:55.17 In file included from /home/gmaudoux/projets/gecko-tup/gecko-dev/js/src/frontend/BCEParserHandle.h:11:0,
 0:55.17                  from /home/gmaudoux/projets/gecko-tup/gecko-dev/js/src/frontend/BinSource.h:19,
 0:55.17                  from /home/gmaudoux/projets/gecko-tup/gecko-dev/js/src/frontend/BinSource-auto.cpp:20:
 0:55.17 /home/gmaudoux/projets/gecko-tup/gecko-dev/js/src/frontend/FullParseHandler.h: In member function 'JS::Result<js::frontend::ParseNode*> js::frontend::BinASTParser<Tok>::parseInterfaceCompoundAssignmentExpression(size_t, js::frontend::BinKind, const BinFields&) [with Tok = js::frontend::BinTokenReaderTester]':
 0:55.17 /home/gmaudoux/projets/gecko-tup/gecko-dev/js/src/frontend/FullParseHandler.h:750:79: warning: 'pnk' may be used uninitialized in this function [-Wmaybe-uninitialized]
 0:55.17          if (kind == ParseNodeKind::Assign && lhs->isKind(ParseNodeKind::Name) &&
 0:55.17              ~~~~~~~~~~~~~~~~~~~~~~~~~~~~~~~~~~~~~~~~~~~~~~~~~~~~~~~~~~~~~~~~~~^~
 0:55.17              !lhs->isInParens())
 0:55.17              ~~~~~~~~~~~~~~~~~~
 0:55.17 /home/gmaudoux/projets/gecko-tup/gecko-dev/js/src/frontend/BinSource-auto.cpp:4048:19: note: 'pnk' was declared here
 0:55.18      ParseNodeKind pnk;
 0:55.18                    ^~~
 0:55.18 In file included from /home/gmaudoux/projets/gecko-tup/gecko-dev/js/src/frontend/FullParseHandler.h:15:0,
 0:55.18                  from /home/gmaudoux/projets/gecko-tup/gecko-dev/js/src/frontend/BCEParserHandle.h:11,
 0:55.18                  from /home/gmaudoux/projets/gecko-tup/gecko-dev/js/src/frontend/BinSource.h:19,
 0:55.18                  from /home/gmaudoux/projets/gecko-tup/gecko-dev/js/src/frontend/BinSource-auto.cpp:20:
 0:55.18 /home/gmaudoux/projets/gecko-tup/gecko-dev/js/src/frontend/ParseNode.h: In member function 'JS::Result<js::frontend::ParseNode*> js::frontend::BinASTParser<Tok>::parseInterfaceVariableDeclaration(size_t, js::frontend::BinKind, const BinFields&) [with Tok = js::frontend::BinTokenReaderTester]':
 0:55.18 /home/gmaudoux/projets/gecko-tup/gecko-dev/js/src/frontend/ParseNode.h:509:17: warning: 'pnk' may be used uninitialized in this function [-Wmaybe-uninitialized]
 0:55.18          pn_type = kind;
 0:55.18          ~~~~~~~~^~~~~~
 0:55.18 /home/gmaudoux/projets/gecko-tup/gecko-dev/js/src/frontend/BinSource-auto.cpp:7519:19: note: 'pnk' was declared here
 0:55.18      ParseNodeKind pnk;
 0:55.18                    ^~~
 0:55.18 /home/gmaudoux/projets/gecko-tup/gecko-dev/js/src/frontend/BinSource-auto.cpp: In member function 'JS::Result<js::frontend::ParseNode*> js::frontend::BinASTParser<Tok>::parseInterfaceBinaryExpression(size_t, js::frontend::BinKind, const BinFields&) [with Tok = js::frontend::BinTokenReaderMultipart]':
 0:55.19 /home/gmaudoux/projets/gecko-tup/gecko-dev/js/src/frontend/BinSource-auto.cpp:3523:27: warning: 'pnk' may be used uninitialized in this function [-Wmaybe-uninitialized]
 0:55.19      if (left->isKind(pnk) &&
 0:55.19 In file included from /home/gmaudoux/projets/gecko-tup/gecko-dev/js/src/frontend/FullParseHandler.h:15:0,
 0:55.19                  from /home/gmaudoux/projets/gecko-tup/gecko-dev/js/src/frontend/BCEParserHandle.h:11,
 0:55.19                  from /home/gmaudoux/projets/gecko-tup/gecko-dev/js/src/frontend/BinSource.h:19,
 0:55.19                  from /home/gmaudoux/projets/gecko-tup/gecko-dev/js/src/frontend/BinSource-auto.cpp:20:
 0:55.19 /home/gmaudoux/projets/gecko-tup/gecko-dev/js/src/frontend/ParseNode.h: In member function 'JS::Result<js::frontend::ParseNode*> js::frontend::BinASTParser<Tok>::parseInterfaceUnaryExpression(size_t, js::frontend::BinKind, const BinFields&) [with Tok = js::frontend::BinTokenReaderMultipart]':
 0:55.20 /home/gmaudoux/projets/gecko-tup/gecko-dev/js/src/frontend/ParseNode.h:493:24: warning: 'pnk' may be used uninitialized in this function [-Wmaybe-uninitialized]
 0:55.20          pn_next(nullptr)
 0:55.20                         ^
 0:55.20 /home/gmaudoux/projets/gecko-tup/gecko-dev/js/src/frontend/BinSource-auto.cpp:7355:19: note: 'pnk' was declared here
 0:55.20      ParseNodeKind pnk;
 0:55.20                    ^~~
 0:55.20 In file included from /home/gmaudoux/projets/gecko-tup/gecko-dev/js/src/frontend/FullParseHandler.h:15:0,
 0:55.20                  from /home/gmaudoux/projets/gecko-tup/gecko-dev/js/src/frontend/BCEParserHandle.h:11,
 0:55.20                  from /home/gmaudoux/projets/gecko-tup/gecko-dev/js/src/frontend/BinSource.h:19,
 0:55.20                  from /home/gmaudoux/projets/gecko-tup/gecko-dev/js/src/frontend/BinSource-auto.cpp:20:
 0:55.20 /home/gmaudoux/projets/gecko-tup/gecko-dev/js/src/frontend/ParseNode.h: In member function 'JS::Result<js::frontend::ParseNode*> js::frontend::BinASTParser<Tok>::parseInterfaceUpdateExpression(size_t, js::frontend::BinKind, const BinFields&) [with Tok = js::frontend::BinTokenReaderMultipart]':
 0:55.20 /home/gmaudoux/projets/gecko-tup/gecko-dev/js/src/frontend/ParseNode.h:493:24: warning: 'pnk' may be used uninitialized in this function [-Wmaybe-uninitialized]
 0:55.20          pn_next(nullptr)
 0:55.20                         ^
 0:55.20 /home/gmaudoux/projets/gecko-tup/gecko-dev/js/src/frontend/BinSource-auto.cpp:7453:19: note: 'pnk' was declared here
 0:55.20      ParseNodeKind pnk;
 0:55.20                    ^~~
 0:55.20 In file included from /home/gmaudoux/projets/gecko-tup/gecko-dev/js/src/frontend/BCEParserHandle.h:11:0,
 0:55.20                  from /home/gmaudoux/projets/gecko-tup/gecko-dev/js/src/frontend/BinSource.h:19,
 0:55.20                  from /home/gmaudoux/projets/gecko-tup/gecko-dev/js/src/frontend/BinSource-auto.cpp:20:
 0:55.20 /home/gmaudoux/projets/gecko-tup/gecko-dev/js/src/frontend/FullParseHandler.h: In member function 'JS::Result<js::frontend::ParseNode*> js::frontend::BinASTParser<Tok>::parseInterfaceCompoundAssignmentExpression(size_t, js::frontend::BinKind, const BinFields&) [with Tok = js::frontend::BinTokenReaderMultipart]':
 0:55.20 /home/gmaudoux/projets/gecko-tup/gecko-dev/js/src/frontend/FullParseHandler.h:750:79: warning: 'pnk' may be used uninitialized in this function [-Wmaybe-uninitialized]
 0:55.20          if (kind == ParseNodeKind::Assign && lhs->isKind(ParseNodeKind::Name) &&
 0:55.20              ~~~~~~~~~~~~~~~~~~~~~~~~~~~~~~~~~~~~~~~~~~~~~~~~~~~~~~~~~~~~~~~~~~^~
 0:55.20              !lhs->isInParens())
 0:55.20              ~~~~~~~~~~~~~~~~~~
 0:55.20 /home/gmaudoux/projets/gecko-tup/gecko-dev/js/src/frontend/BinSource-auto.cpp:4048:19: note: 'pnk' was declared here
 0:55.21      ParseNodeKind pnk;
 0:55.21                    ^~~
 0:55.21 In file included from /home/gmaudoux/projets/gecko-tup/gecko-dev/js/src/frontend/FullParseHandler.h:15:0,
 0:55.21                  from /home/gmaudoux/projets/gecko-tup/gecko-dev/js/src/frontend/BCEParserHandle.h:11,
 0:55.21                  from /home/gmaudoux/projets/gecko-tup/gecko-dev/js/src/frontend/BinSource.h:19,
 0:55.21                  from /home/gmaudoux/projets/gecko-tup/gecko-dev/js/src/frontend/BinSource-auto.cpp:20:
 0:55.21 /home/gmaudoux/projets/gecko-tup/gecko-dev/js/src/frontend/ParseNode.h: In member function 'JS::Result<js::frontend::ParseNode*> js::frontend::BinASTParser<Tok>::parseInterfaceVariableDeclaration(size_t, js::frontend::BinKind, const BinFields&) [with Tok = js::frontend::BinTokenReaderMultipart]':
 0:55.21 /home/gmaudoux/projets/gecko-tup/gecko-dev/js/src/frontend/ParseNode.h:509:17: warning: 'pnk' may be used uninitialized in this function [-Wmaybe-uninitialized]
 0:55.21          pn_type = kind;
 0:55.21          ~~~~~~~~^~~~~~
 0:55.21 /home/gmaudoux/projets/gecko-tup/gecko-dev/js/src/frontend/BinSource-auto.cpp:7519:19: note: 'pnk' was declared here
 0:55.21      ParseNodeKind pnk;
 0:55.21                    ^~~
 0:58.40   13% 12) [3.231s] obj-tup/js/src/build: AR libjs_static.a
 1:03.80   14% 13) [5.396s] obj-tup/js/src/build: python /home/gmaudoux/projets/gecko-tup/gecko-dev/config/run_spidermonkey_checks.py:main -> [spidermonkey_checks spidermonkey_checks.pp]
 1:03.80 TEST-PASS | check_spidermonkey_style.py | ok
 1:03.80 TEST-PASS | check_macroassembler_style.py | ok
 1:03.80 TEST-PASS | check_js_opcode.py | ok
 1:05.30   16% 14) [51.610s] obj-tup/dom/ipc: CXX Unified_cpp_dom_ipc0.cpp
 1:05.30 In file included from Unified_cpp_dom_ipc0.cpp:56:0:
 1:05.30 /home/gmaudoux/projets/gecko-tup/gecko-dev/dom/ipc/ContentProcess.cpp: In member function 'virtual bool mozilla::dom::ContentProcess::Init(int, char**)':
 1:05.30 /home/gmaudoux/projets/gecko-tup/gecko-dev/dom/ipc/ContentProcess.cpp:217:22: warning: 'schedulerPrefs' may be used uninitialized in this function [-Wmaybe-uninitialized]
 1:05.30    Scheduler::SetPrefs(*schedulerPrefs);
 1:05.30    ~~~~~~~~~~~~~~~~~~~^~~~~~~~~~~~~~~~~
 1:05.30 /home/gmaudoux/projets/gecko-tup/gecko-dev/dom/ipc/ContentProcess.cpp:210:15: warning: 'prefsLen' may be used uninitialized in this function [-Wmaybe-uninitialized]
 1:05.30    if (!shm.Map(*prefsLen)) {
 1:05.30         ~~~~~~~^~~~~~~~~~~
 1:05.30 /home/gmaudoux/projets/gecko-tup/gecko-dev/dom/ipc/ContentProcess.cpp:222:17: warning: 'isForBrowser' may be used uninitialized in this function [-Wmaybe-uninitialized]
 1:05.30                  *isForBrowser);
 1:05.30                  ^~~~~~~~~~~~~
 1:05.30 /home/gmaudoux/projets/gecko-tup/gecko-dev/dom/ipc/ContentProcess.cpp:218:16: warning: 'childID' may be used uninitialized in this function [-Wmaybe-uninitialized]
 1:05.30    mContent.Init(IOThreadChild::message_loop(),
 1:05.30    ~~~~~~~~~~~~~^~~~~~~~~~~~~~~~~~~~~~~~~~~~~~~
 1:05.30                  ParentPid(),
 1:05.30                  ~~~~~~~~~~~~
 1:05.30                  IOThreadChild::channel(),
 1:05.30                  ~~~~~~~~~~~~~~~~~~~~~~~~~
 1:05.30                  *childID,
 1:05.30                  ~~~~~~~~~
 1:05.30                  *isForBrowser);
 1:05.30                  ~~~~~~~~~~~~~~
 1:14.93   17% 15) [11.138s] obj-tup/js/src/shell: LINK ../../../dist/bin/js
 1:19.07   18% 16) [13.769s] obj-tup/toolkit/components/satchel: CXX /home/gmaudoux/projets/gecko-tup/gecko-dev/toolkit/components/satchel/nsFormFillController.cpp
 1:33.14   19% 17) [41.822s] obj-tup/dom/bindings: CXX UnifiedBindings7.cpp
 1:35.89   20% 18) [16.820s] obj-tup/layout/forms: CXX Unified_cpp_layout_forms1.cpp
 1:46.01   21% 19) [93.769s] obj-tup/toolkit/library/rust: RUSTC libgkrust.a
 1:46.01    Compiling xpcom_macros v0.1.0 (file:///home/gmaudoux/projets/gecko-tup/gecko-dev/xpcom/rust/xpcom/xpcom_macros)
 1:46.01    Compiling xpcom v0.1.0 (file:///home/gmaudoux/projets/gecko-tup/gecko-dev/xpcom/rust/xpcom)
 1:46.01    Compiling mozurl v0.0.1 (file:///home/gmaudoux/projets/gecko-tup/gecko-dev/netwerk/base/mozurl)
 1:46.01    Compiling gkrust-shared v0.1.0 (file:///home/gmaudoux/projets/gecko-tup/gecko-dev/toolkit/library/rust/shared)
 1:46.01    Compiling gkrust v0.1.0 (file:///home/gmaudoux/projets/gecko-tup/gecko-dev/toolkit/library/rust)
 1:46.01     Finished release [optimized] target(s) in 90.8 secs
 1:46.01 + MOZ_OBJ_ROOT=../../..
 1:46.01 + topsrcdir=../../../..
 1:46.01 + rm -rf ../../../dist/rust_bindings ../../../../servo/components/style/properties/data.pyc ../../../../servo/components/style/properties/build.pyc
 1:46.59   22% 20) [31.653s] obj-tup/layout/build: CXX Unified_cpp_layout_build0.cpp
 1:55.69   24% 21) [19.797s] obj-tup/layout/generic: CXX Unified_cpp_layout_generic0.cpp
 1:55.69 In file included from /home/gmaudoux/projets/gecko-tup/gecko-dev/layout/generic/ReflowInput.cpp:23:0,
 1:55.69                  from Unified_cpp_layout_generic0.cpp:65:
 1:55.69 /home/gmaudoux/projets/gecko-tup/gecko-dev/layout/tables/nsTableFrame.h: In member function 'void mozilla::ReflowInput::InitConstraints(nsPresContext*, const mozilla::LogicalSize&, const nsMargin*, const nsMargin*, mozilla::LayoutFrameType)':
 1:55.69 /home/gmaudoux/projets/gecko-tup/gecko-dev/layout/tables/nsTableFrame.h:45:20: warning: 'fType' may be used uninitialized in this function [-Wmaybe-uninitialized]
 1:55.69           frameType == mozilla::LayoutFrameType::BCTableCell;
 1:55.69           ~~~~~~~~~~^~~~~~~~~~
 1:55.69 In file included from Unified_cpp_layout_generic0.cpp:65:0:
 1:55.69 /home/gmaudoux/projets/gecko-tup/gecko-dev/layout/generic/ReflowInput.cpp:2226:21: note: 'fType' was declared here
 1:55.69      LayoutFrameType fType;
 1:55.69                      ^~~~~
 2:01.65   25% 22) [15.637s] obj-tup/accessible/html: CXX Unified_cpp_accessible_html0.cpp
 2:02.15   26% 23) [29.007s] obj-tup/layout/forms: CXX Unified_cpp_layout_forms0.cpp
 2:02.15 In file included from /home/gmaudoux/projets/gecko-tup/gecko-dev/layout/generic/nsIFrame.h:36:0,
 2:02.15                  from /home/gmaudoux/projets/gecko-tup/gecko-dev/layout/painting/nsCSSRenderingBorders.h:18,
 2:02.15                  from /home/gmaudoux/projets/gecko-tup/gecko-dev/layout/forms/nsButtonFrameRenderer.h:12,
 2:02.15                  from /home/gmaudoux/projets/gecko-tup/gecko-dev/layout/forms/nsButtonFrameRenderer.cpp:6,
 2:02.15                  from Unified_cpp_layout_forms0.cpp:2:
 2:02.15 /home/gmaudoux/projets/gecko-tup/gecko-dev/obj-tup/dist/include/mozilla/ReflowOutput.h: In member function 'virtual void nsDateTimeControlFrame::Reflow(nsPresContext*, nsIFrame::ReflowOutput&, const ReflowInput&, nsReflowStatus&)':
 2:02.15 /home/gmaudoux/projets/gecko-tup/gecko-dev/obj-tup/dist/include/mozilla/ReflowOutput.h:258:12: warning: 'borderBoxBSize' may be used uninitialized in this function [-Wmaybe-uninitialized]
 2:02.15      mBSize = convertedSize.BSize(mWritingMode);
 2:02.15      ~~~~~~~^~~~~~~~~~~~~~~~~~~~~~~~~~~~~~~~~~~
 2:02.15 In file included from Unified_cpp_layout_forms0.cpp:38:0:
 2:02.15 /home/gmaudoux/projets/gecko-tup/gecko-dev/layout/forms/nsDateTimeControlFrame.cpp:217:11: note: 'borderBoxBSize' was declared here
 2:02.15    nscoord borderBoxBSize;
 2:02.15            ^~~~~~~~~~~~~~
 2:19.69   27% 24) [18.034s] obj-tup/layout/printing: CXX Unified_cpp_layout_printing0.cpp
 2:28.03   28% 25) [32.342s] obj-tup/dom/bindings: CXX UnifiedBindings22.cpp
 2:30.73   29% 26) [44.142s] obj-tup/dom/bindings: CXX UnifiedBindings6.cpp
 2:41.34   31% 27) [39.186s] obj-tup/layout/generic: CXX Unified_cpp_layout_generic3.cpp
 2:41.34 In file included from /home/gmaudoux/projets/gecko-tup/gecko-dev/layout/generic/nsIFrame.h:36:0,
 2:41.34                  from /home/gmaudoux/projets/gecko-tup/gecko-dev/layout/xul/nsBox.h:11,
 2:41.34                  from /home/gmaudoux/projets/gecko-tup/gecko-dev/layout/generic/nsFrame.h:15,
 2:41.34                  from /home/gmaudoux/projets/gecko-tup/gecko-dev/layout/generic/nsSplittableFrame.h:16,
 2:41.34                  from /home/gmaudoux/projets/gecko-tup/gecko-dev/layout/generic/nsContainerFrame.h:13,
 2:41.34                  from /home/gmaudoux/projets/gecko-tup/gecko-dev/layout/generic/nsRubyBaseContainerFrame.h:12,
 2:41.34                  from /home/gmaudoux/projets/gecko-tup/gecko-dev/layout/generic/nsRubyBaseContainerFrame.cpp:9,
 2:41.34                  from Unified_cpp_layout_generic3.cpp:2:
 2:41.34 /home/gmaudoux/projets/gecko-tup/gecko-dev/obj-tup/dist/include/mozilla/ReflowOutput.h: In member function 'virtual void nsVideoFrame::Reflow(nsPresContext*, nsIFrame::ReflowOutput&, const ReflowInput&, nsReflowStatus&)':
 2:41.34 /home/gmaudoux/projets/gecko-tup/gecko-dev/obj-tup/dist/include/mozilla/ReflowOutput.h:259:12: warning: 'borderBoxBSize' may be used uninitialized in this function [-Wmaybe-uninitialized]
 2:41.34      mISize = convertedSize.ISize(mWritingMode);
 2:41.34      ~~~~~~~^~~~~~~~~~~~~~~~~~~~~~~~~~~~~~~~~~~
 2:41.34 In file included from Unified_cpp_layout_generic3.cpp:110:0:
 2:41.34 /home/gmaudoux/projets/gecko-tup/gecko-dev/layout/generic/nsVideoFrame.cpp:301:11: note: 'borderBoxBSize' was declared here
 2:41.34    nscoord borderBoxBSize;
 2:41.34            ^~~~~~~~~~~~~~
 2:41.34 In file included from /home/gmaudoux/projets/gecko-tup/gecko-dev/layout/generic/nsIFrame.h:27:0,
 2:41.34                  from /home/gmaudoux/projets/gecko-tup/gecko-dev/layout/xul/nsBox.h:11,
 2:41.34                  from /home/gmaudoux/projets/gecko-tup/gecko-dev/layout/generic/nsFrame.h:15,
 2:41.34                  from /home/gmaudoux/projets/gecko-tup/gecko-dev/layout/generic/nsSplittableFrame.h:16,
 2:41.34                  from /home/gmaudoux/projets/gecko-tup/gecko-dev/layout/generic/nsContainerFrame.h:13,
 2:41.34                  from /home/gmaudoux/projets/gecko-tup/gecko-dev/layout/generic/nsRubyBaseContainerFrame.h:12,
 2:41.34                  from /home/gmaudoux/projets/gecko-tup/gecko-dev/layout/generic/nsRubyBaseContainerFrame.cpp:9,
 2:41.34                  from Unified_cpp_layout_generic3.cpp:2:
 2:41.34 /home/gmaudoux/projets/gecko-tup/gecko-dev/layout/base/FrameProperties.h: In member function 'virtual nsIFrame::RenderedText nsTextFrame::GetRenderedText(uint32_t, uint32_t, nsIFrame::TextOffsetType, nsIFrame::TrailingWhitespace)':
 2:41.34 /home/gmaudoux/projets/gecko-tup/gecko-dev/layout/base/FrameProperties.h:179:5: warning: 'autoLineCursor.nsBlockFrame::AutoLineCursorSetup::mOrigCursor' may be used uninitialized in this function [-Wmaybe-uninitialized]
 2:41.34      SetInternal(aProperty, ptr, aFrame);
 2:41.34      ^~~~~~~~~~~
 2:41.34 In file included from Unified_cpp_layout_generic3.cpp:83:0:
 2:41.34 /home/gmaudoux/projets/gecko-tup/gecko-dev/layout/generic/nsTextFrame.cpp:10035:44: note: 'autoLineCursor.nsBlockFrame::AutoLineCursorSetup::mOrigCursor' was declared here
 2:41.34    Maybe<nsBlockFrame::AutoLineCursorSetup> autoLineCursor;
 2:41.34                                             ^~~~~~~~~~~~~~
 2:41.34 In file included from /home/gmaudoux/projets/gecko-tup/gecko-dev/layout/xul/nsBox.h:11:0,
 2:41.34                  from /home/gmaudoux/projets/gecko-tup/gecko-dev/layout/generic/nsFrame.h:15,
 2:41.34                  from /home/gmaudoux/projets/gecko-tup/gecko-dev/layout/generic/nsSplittableFrame.h:16,
 2:41.34                  from /home/gmaudoux/projets/gecko-tup/gecko-dev/layout/generic/nsContainerFrame.h:13,
 2:41.34                  from /home/gmaudoux/projets/gecko-tup/gecko-dev/layout/generic/nsRubyBaseContainerFrame.h:12,
 2:41.34                  from /home/gmaudoux/projets/gecko-tup/gecko-dev/layout/generic/nsRubyBaseContainerFrame.cpp:9,
 2:41.34                  from Unified_cpp_layout_generic3.cpp:2:
 2:41.35 /home/gmaudoux/projets/gecko-tup/gecko-dev/layout/generic/nsIFrame.h:3586:5: warning: 'autoLineCursor.nsBlockFrame::AutoLineCursorSetup::mFrame' may be used uninitialized in this function [-Wmaybe-uninitialized]
 2:41.35      mProperties.Set(aProperty, aValue, this);
 2:41.35      ^~~~~~~~~~~
 2:41.35 In file included from Unified_cpp_layout_generic3.cpp:83:0:
 2:41.35 /home/gmaudoux/projets/gecko-tup/gecko-dev/layout/generic/nsTextFrame.cpp:10035:44: note: 'autoLineCursor.nsBlockFrame::AutoLineCursorSetup::mFrame' was declared here
 2:41.35    Maybe<nsBlockFrame::AutoLineCursorSetup> autoLineCursor;
 2:41.35                                             ^~~~~~~~~~~~~~
 3:03.09   32% 28) [32.364s] obj-tup/layout/style: CXX Unified_cpp_layout_style1.cpp
 3:08.59   33% 29) [27.254s] obj-tup/dom/events: CXX /home/gmaudoux/projets/gecko-tup/gecko-dev/dom/events/EventStateManager.cpp
 3:11.13   34% 30) [43.099s] obj-tup/layout/base: CXX Unified_cpp_layout_base0.cpp
 3:11.13 In file included from Unified_cpp_layout_base0.cpp:65:0:
 3:11.13 /home/gmaudoux/projets/gecko-tup/gecko-dev/layout/base/PresShell.cpp: In member function 'virtual void mozilla::PresShell::FrameNeedsReflow(nsIFrame*, nsIPresShell::IntrinsicDirty, nsFrameState, nsIPresShell::ReflowRootHandling)':
 3:11.13 /home/gmaudoux/projets/gecko-tup/gecko-dev/layout/base/PresShell.cpp:2744:23: warning: 'targetNeedsReflowFromParent' may be used uninitialized in this function [-Wmaybe-uninitialized]
 3:11.13     (_f != subtreeRoot || !targetNeedsReflowFromParent))
 3:11.13                        ^~
 3:15.43   35% 31) [55.751s] obj-tup/layout/generic: CXX Unified_cpp_layout_generic1.cpp
 3:15.44 In file included from Unified_cpp_layout_generic1.cpp:128:0:
 3:15.44 /home/gmaudoux/projets/gecko-tup/gecko-dev/layout/generic/nsFrame.cpp: In member function 'nscoord nsIFrame::ComputeISizeValue(gfxContext*, nscoord, nscoord, nscoord, const nsStyleCoord&, nsIFrame::ComputeSizeFlags)':
 3:15.44 /home/gmaudoux/projets/gecko-tup/gecko-dev/layout/generic/nsFrame.cpp:6417:11: warning: 'result' may be used uninitialized in this function [-Wmaybe-uninitialized]
 3:15.44    nscoord result;
 3:15.44            ^~~~~~
 3:15.44 In file included from Unified_cpp_layout_generic1.cpp:101:0:
 3:15.44 /home/gmaudoux/projets/gecko-tup/gecko-dev/layout/generic/nsFlexContainerFrame.cpp: In member function 'void nsFlexContainerFrame::ResolveAutoFlexBasisAndMinSize(nsPresContext*, nsFlexContainerFrame::FlexItem&, const ReflowInput&, const nsFlexContainerFrame::FlexboxAxisTracker&)':
 3:15.45 /home/gmaudoux/projets/gecko-tup/gecko-dev/layout/generic/nsFlexContainerFrame.cpp:1577:11: warning: 'resolvedMinSize' may be used uninitialized in this function [-Wmaybe-uninitialized]
 3:15.45    nscoord resolvedMinSize; // (only set/used if isMainMinSizeAuto==true)
 3:15.45            ^~~~~~~~~~~~~~~
 3:15.45 In file included from /home/gmaudoux/projets/gecko-tup/gecko-dev/layout/base/Units.h:18:0,
 3:15.45                  from /home/gmaudoux/projets/gecko-tup/gecko-dev/layout/base/nsIPresShell.h:45,
 3:15.45                  from /home/gmaudoux/projets/gecko-tup/gecko-dev/layout/base/nsPresContext.h:20,
 3:15.45                  from /home/gmaudoux/projets/gecko-tup/gecko-dev/obj-tup/dist/include/mozilla/dom/Element.h:27,
 3:15.45                  from /home/gmaudoux/projets/gecko-tup/gecko-dev/obj-tup/dist/include/mozilla/ServoElementSnapshot.h:13,
 3:15.45                  from /home/gmaudoux/projets/gecko-tup/gecko-dev/obj-tup/dist/include/mozilla/ServoBindings.h:15,
 3:15.45                  from /home/gmaudoux/projets/gecko-tup/gecko-dev/obj-tup/dist/include/mozilla/ComputedStyleInlines.h:20,
 3:15.45                  from /home/gmaudoux/projets/gecko-tup/gecko-dev/obj-tup/dist/include/mozilla/WritingModes.h:11,
 3:15.45                  from /home/gmaudoux/projets/gecko-tup/gecko-dev/layout/generic/nsIFrame.h:32,
 3:15.45                  from /home/gmaudoux/projets/gecko-tup/gecko-dev/layout/xul/nsBox.h:11,
 3:15.45                  from /home/gmaudoux/projets/gecko-tup/gecko-dev/layout/generic/nsFrame.h:15,
 3:15.45                  from /home/gmaudoux/projets/gecko-tup/gecko-dev/layout/generic/nsSplittableFrame.h:16,
 3:15.45                  from /home/gmaudoux/projets/gecko-tup/gecko-dev/layout/generic/nsContainerFrame.h:13,
 3:15.45                  from /home/gmaudoux/projets/gecko-tup/gecko-dev/layout/painting/nsDisplayList.h:27,
 3:15.45                  from /home/gmaudoux/projets/gecko-tup/gecko-dev/layout/generic/TextOverflow.h:10,
 3:15.45                  from /home/gmaudoux/projets/gecko-tup/gecko-dev/layout/generic/TextOverflow.cpp:7,
 3:15.45                  from Unified_cpp_layout_generic1.cpp:2:
 3:15.45 /home/gmaudoux/projets/gecko-tup/gecko-dev/obj-tup/dist/include/nsRegion.h: In member function 'void nsDisplayItem::ComputeInvalidationRegionDifference(nsDisplayListBuilder*, const nsDisplayItemBoundsGeometry*, nsRegion*) const':
 3:15.45 /home/gmaudoux/projets/gecko-tup/gecko-dev/obj-tup/dist/include/nsRegion.h:2199:47: warning: 'idx.nsRegion::RectIterator::mCurrentStrip' may be used uninitialized in this function [-Wmaybe-uninitialized]
 3:15.45          mCurrentStrip->right - mCurrentStrip->left,
 3:15.45                                 ~~~~~~~~~~~~~~~^~~~
 3:15.45 /home/gmaudoux/projets/gecko-tup/gecko-dev/obj-tup/dist/include/nsRegion.h:986:23: note: 'idx.nsRegion::RectIterator::mCurrentStrip' was declared here
 3:15.45      for (RectIterator idx(aRgn2); !idx.Done(); idx.Next()) {
 3:15.46                        ^~~
 3:15.46 In file included from /home/gmaudoux/projets/gecko-tup/gecko-dev/obj-tup/dist/include/nsSize.h:10:0,
 3:15.46                  from /home/gmaudoux/projets/gecko-tup/gecko-dev/obj-tup/dist/include/gfxASurface.h:16,
 3:15.46                  from /home/gmaudoux/projets/gecko-tup/gecko-dev/obj-tup/dist/include/gfxContext.h:11,
 3:15.46                  from /home/gmaudoux/projets/gecko-tup/gecko-dev/layout/painting/nsDisplayList.h:17,
 3:15.46                  from /home/gmaudoux/projets/gecko-tup/gecko-dev/layout/generic/TextOverflow.h:10,
 3:15.46                  from /home/gmaudoux/projets/gecko-tup/gecko-dev/layout/generic/TextOverflow.cpp:7,
 3:15.46                  from Unified_cpp_layout_generic1.cpp:2:
 3:15.46 /home/gmaudoux/projets/gecko-tup/gecko-dev/obj-tup/dist/include/nsCoord.h: In member function 'mozilla::LogicalSize nsFrame::ComputeSizeWithIntrinsicDimensions(gfxContext*, mozilla::WritingMode, const mozilla::IntrinsicSize&, nsSize, const mozilla::LogicalSize&, const mozilla::LogicalSize&, const mozilla::LogicalSize&, const mozilla::LogicalSize&, nsIFrame::ComputeSizeFlags)':
 3:15.46 /home/gmaudoux/projets/gecko-tup/gecko-dev/obj-tup/dist/include/nsCoord.h:82:11: warning: 'bSize' may be used uninitialized in this function [-Wmaybe-uninitialized]
 3:15.46    return (int64_t(aMult1) * int64_t(aMult2) / int64_t(aDiv));
 3:15.46            ^~~~~~~~~~~~~~~
 3:15.46 In file included from Unified_cpp_layout_generic1.cpp:128:0:
 3:15.46 /home/gmaudoux/projets/gecko-tup/gecko-dev/layout/generic/nsFrame.cpp:5991:38: note: 'bSize' was declared here
 3:15.46    nscoord iSize, minISize, maxISize, bSize, minBSize, maxBSize;
 3:15.46                                       ^~~~~
 3:15.47 /home/gmaudoux/projets/gecko-tup/gecko-dev/layout/generic/nsFrame.cpp:6193:45: warning: 'iSize' may be used uninitialized in this function [-Wmaybe-uninitialized]
 3:15.47            stretchI != eStretch && tentISize > iSize) {
 3:15.47                                    ~~~~~~~~~~^~~~~~~
 3:15.47 In file included from /home/gmaudoux/projets/gecko-tup/gecko-dev/layout/generic/TextOverflow.h:10:0,
 3:15.47                  from /home/gmaudoux/projets/gecko-tup/gecko-dev/layout/generic/TextOverflow.cpp:7,
 3:15.47                  from Unified_cpp_layout_generic1.cpp:2:
 3:15.47 /home/gmaudoux/projets/gecko-tup/gecko-dev/layout/painting/nsDisplayList.h: In member function 'void nsIFrame::BuildDisplayListForStackingContext(nsDisplayListBuilder*, nsDisplayList*, bool*)':
 3:15.47 /home/gmaudoux/projets/gecko-tup/gecko-dev/layout/painting/nsDisplayList.h:1201:41: warning: 'perspectiveIndex.nsDisplayListBuilder::AutoSaveRestorePerspectiveIndex::mCachedItemIndex' may be used uninitialized in this function [-Wmaybe-uninitialized]
 3:15.47          mBuilder->mPerspectiveItemIndex = mCachedItemIndex;
 3:15.47          ~~~~~~~~~~~~~~~~~~~~~~~~~~~~~~~~^~~~~~~~~~~~~~~~~~
 3:15.47 In file included from Unified_cpp_layout_generic1.cpp:128:0:
 3:15.47 /home/gmaudoux/projets/gecko-tup/gecko-dev/layout/generic/nsFrame.cpp:3053:7: note: 'perspectiveIndex.nsDisplayListBuilder::AutoSaveRestorePerspectiveIndex::mCachedItemIndex' was declared here
 3:15.47        perspectiveIndex(aBuilder, childrenHavePerspective);
 3:15.47        ^~~~~~~~~~~~~~~~
 3:15.48 In file included from Unified_cpp_layout_generic1.cpp:101:0:
 3:15.48 /home/gmaudoux/projets/gecko-tup/gecko-dev/layout/generic/nsFlexContainerFrame.cpp: In member function 'void nsFlexContainerFrame::DoFlexLayout(nsPresContext*, nsIFrame::ReflowOutput&, const ReflowInput&, nsReflowStatus&, nscoord, nscoord, nsTArray<nsFlexContainerFrame::StrutInfo>&, const nsFlexContainerFrame::FlexboxAxisTracker&)':
 3:15.48 /home/gmaudoux/projets/gecko-tup/gecko-dev/layout/generic/nsFlexContainerFrame.cpp:4821:31: warning: 'flexContainerAscent' may be used uninitialized in this function [-Wmaybe-uninitialized]
 3:15.48            flexContainerAscent == nscoord_MIN) {
 3:25.10   36% 32) [16.509s] obj-tup/dom/browser-element: CXX /home/gmaudoux/projets/gecko-tup/gecko-dev/dom/browser-element/BrowserElementParent.cpp
 3:27.62   37% 33) [24.528s] obj-tup/dom/xul: CXX Unified_cpp_dom_xul0.cpp
 3:31.82   39% 34) [20.691s] obj-tup/widget/gtk: CXX Unified_cpp_widget_gtk2.cpp
 3:36.80   40% 35) [21.366s] obj-tup/widget: CXX Unified_cpp_widget1.cpp
 3:47.74   41% 36) [10.934s] obj-tup/dom/html/input: CXX Unified_cpp_dom_html_input0.cpp
 3:55.83   42% 37) [30.735s] obj-tup/dom/base: CXX Unified_cpp_dom_base8.cpp
 4:06.24   43% 38) [34.422s] obj-tup/dom/base: CXX /home/gmaudoux/projets/gecko-tup/gecko-dev/dom/base/nsContentUtils.cpp
 4:17.83   44% 39) [30.090s] obj-tup/dom/html: CXX Unified_cpp_dom_html5.cpp
 4:19.50   45% 40) [23.666s] obj-tup/dom/html: CXX Unified_cpp_dom_html4.cpp
 4:37.41   47% 41) [69.793s] obj-tup/dom/base: CXX Unified_cpp_dom_base6.cpp
 4:39.50   48% 42) [33.257s] obj-tup/dom/html: CXX Unified_cpp_dom_html2.cpp
 4:50.37   49% 43) [32.543s] obj-tup/dom/html: CXX Unified_cpp_dom_html1.cpp
 4:52.03   50% 44) [32.525s] obj-tup/dom/events: CXX Unified_cpp_dom_events1.cpp
 5:01.64   51% 45) [24.224s] obj-tup/dom/xbl: CXX Unified_cpp_dom_xbl0.cpp
 5:02.97   52% 46) [23.471s] obj-tup/dom/webbrowserpersist: CXX Unified_cpp_webbrowserpersist0.cpp
 5:18.16   54% 47) [27.788s] obj-tup/dom/ipc: CXX Unified_cpp_dom_ipc1.cpp
 5:20.99   55% 48) [19.347s] obj-tup/layout/painting: CXX Unified_cpp_layout_painting1.cpp
 5:28.55   56% 49) [25.576s] obj-tup/ipc/ipdl: CXX UnifiedProtocols28.cpp
 5:34.91   57% 50) [42.886s] obj-tup/gfx/layers: CXX Unified_cpp_gfx_layers2.cpp
 5:43.33   58% 51) [22.342s] obj-tup/layout/ipc: CXX Unified_cpp_layout_ipc0.cpp
 5:53.89   59% 52) [25.329s] obj-tup/layout/xul: CXX Unified_cpp_layout_xul0.cpp
 6:10.88   60% 53) [35.958s] obj-tup/layout/tables: CXX Unified_cpp_layout_tables0.cpp
 6:15.90   62% 54) [22.012s] obj-tup/layout/generic: CXX /home/gmaudoux/projets/gecko-tup/gecko-dev/layout/generic/nsPluginFrame.cpp
 6:22.92   63% 55) [64.752s] obj-tup/layout/painting: CXX Unified_cpp_layout_painting0.cpp
 6:22.92 In file included from /home/gmaudoux/projets/gecko-tup/gecko-dev/layout/painting/nsCSSRenderingBorders.cpp:22:0,
 6:22.92                  from Unified_cpp_layout_painting0.cpp:110:
 6:22.92 /home/gmaudoux/projets/gecko-tup/gecko-dev/layout/painting/nsCSSRenderingGradients.h: In static member function 'static mozilla::nsCSSGradientRenderer mozilla::nsCSSGradientRenderer::Create(nsPresContext*, nsStyleGradient*, const nsSize&)':
 6:22.92 /home/gmaudoux/projets/gecko-tup/gecko-dev/layout/painting/nsCSSRenderingGradients.h:31:66: warning: 'position' may be used uninitialized in this function [-Wmaybe-uninitialized]
 6:22.92      mPosition(aPosition), mIsMidpoint(aIsMidPoint), mColor(aColor) {}
 6:22.92                                                                   ^
 6:22.92 In file included from Unified_cpp_layout_painting0.cpp:119:0:
 6:22.92 /home/gmaudoux/projets/gecko-tup/gecko-dev/layout/painting/nsCSSRenderingGradients.cpp:580:12: note: 'position' was declared here
 6:22.92      double position;
 6:22.92             ^~~~~~~~
 6:22.92 In file included from /home/gmaudoux/projets/gecko-tup/gecko-dev/obj-tup/dist/include/Units.h:18:0,
 6:22.92                  from /home/gmaudoux/projets/gecko-tup/gecko-dev/obj-tup/dist/include/nsIPresShell.h:45,
 6:22.92                  from /home/gmaudoux/projets/gecko-tup/gecko-dev/obj-tup/dist/include/nsIDocument.h:25,
 6:22.92                  from /home/gmaudoux/projets/gecko-tup/gecko-dev/obj-tup/dist/include/nsRFPService.h:12,
 6:22.92                  from /home/gmaudoux/projets/gecko-tup/gecko-dev/obj-tup/dist/include/mozilla/AnimationUtils.h:13,
 6:22.92                  from /home/gmaudoux/projets/gecko-tup/gecko-dev/layout/painting/ActiveLayerTracker.cpp:9,
 6:22.92                  from Unified_cpp_layout_painting0.cpp:2:
 6:22.92 /home/gmaudoux/projets/gecko-tup/gecko-dev/obj-tup/dist/include/nsRegion.h: In member function 'nsRegion& nsRegion::Or(const nsRegion&, const nsRegion&)':
 6:22.92 /home/gmaudoux/projets/gecko-tup/gecko-dev/obj-tup/dist/include/nsRegion.h:2199:47: warning: 'idx.nsRegion::RectIterator::mCurrentStrip' may be used uninitialized in this function [-Wmaybe-uninitialized]
 6:22.92          mCurrentStrip->right - mCurrentStrip->left,
 6:22.92                                 ~~~~~~~~~~~~~~~^~~~
 6:22.92 /home/gmaudoux/projets/gecko-tup/gecko-dev/obj-tup/dist/include/nsRegion.h:986:23: note: 'idx.nsRegion::RectIterator::mCurrentStrip' was declared here
 6:22.92      for (RectIterator idx(aRgn2); !idx.Done(); idx.Next()) {
 6:22.92                        ^~~
 6:22.92 /home/gmaudoux/projets/gecko-tup/gecko-dev/obj-tup/dist/include/nsRegion.h: In member function 'nsRegion& nsRegion::OrWith(const nsRegion&)':
 6:22.92 /home/gmaudoux/projets/gecko-tup/gecko-dev/obj-tup/dist/include/nsRegion.h:2199:47: warning: 'idx.nsRegion::RectIterator::mCurrentStrip' may be used uninitialized in this function [-Wmaybe-uninitialized]
 6:22.92          mCurrentStrip->right - mCurrentStrip->left,
 6:22.92                                 ~~~~~~~~~~~~~~~^~~~
 6:22.92 /home/gmaudoux/projets/gecko-tup/gecko-dev/obj-tup/dist/include/nsRegion.h:971:23: note: 'idx.nsRegion::RectIterator::mCurrentStrip' was declared here
 6:22.92      for (RectIterator idx(aOther); !idx.Done(); idx.Next()) {
 6:22.92                        ^~~
 6:22.92 /home/gmaudoux/projets/gecko-tup/gecko-dev/obj-tup/dist/include/nsRegion.h: In static member function 'static void mozilla::FrameLayerBuilder::RecomputeVisibilityForItems(nsTArray<mozilla::AssignedDisplayItem>&, nsDisplayListBuilder*, const nsIntRegion&, const nsIntPoint&, int32_t, float, float)':
 6:22.93 /home/gmaudoux/projets/gecko-tup/gecko-dev/obj-tup/dist/include/nsRegion.h:2199:47: warning: 'iter.nsRegion::RectIterator::mCurrentStrip' may be used uninitialized in this function [-Wmaybe-uninitialized]
 6:22.93          mCurrentStrip->right - mCurrentStrip->left,
 6:22.93                                 ~~~~~~~~~~~~~~~^~~~
 6:22.93 /home/gmaudoux/projets/gecko-tup/gecko-dev/obj-tup/dist/include/nsRegion.h:2461:15: note: 'iter.nsRegion::RectIterator::mCurrentStrip' was declared here
 6:22.93      for (auto iter = RectIterator(*this); !iter.Done(); iter.Next()) {
 6:22.93                ^~~~
 6:34.93   64% 56) [51.599s] obj-tup/layout/generic: CXX Unified_cpp_layout_generic2.cpp
 6:34.93 In file included from Unified_cpp_layout_generic2.cpp:29:0:
 6:34.93 /home/gmaudoux/projets/gecko-tup/gecko-dev/layout/generic/nsGfxScrollFrame.cpp: In member function 'void mozilla::ScrollFrameHelper::BuildDisplayList(nsDisplayListBuilder*, const nsDisplayListSet&)':
 6:34.93 /home/gmaudoux/projets/gecko-tup/gecko-dev/layout/generic/nsGfxScrollFrame.cpp:3313:23: warning: 'extraContentBoxClipForNonCaretContent' may be used uninitialized in this function [-Wmaybe-uninitialized]
 6:34.93    ClipItemsExceptCaret(aLists->Content(), aBuilder, aClipFrame, aExtraClip, cache);
 6:34.93    ~~~~~~~~~~~~~~~~~~~~^~~~~~~~~~~~~~~~~~~~~~~~~~~~~~~~~~~~~~~~~~~~~~~~~~~~~~~~~~~~
 6:34.93 /home/gmaudoux/projets/gecko-tup/gecko-dev/layout/generic/nsGfxScrollFrame.cpp:3470:38: note: 'extraContentBoxClipForNonCaretContent' was declared here
 6:34.93    Maybe<const DisplayItemClipChain*> extraContentBoxClipForNonCaretContent;
 6:34.93                                       ^~~~~~~~~~~~~~~~~~~~~~~~~~~~~~~~~~~~~
 6:51.31   65% 57) [35.413s] obj-tup/gfx/thebes: CXX Unified_cpp_gfx_thebes1.cpp
 6:51.31 In file included from Unified_cpp_gfx_thebes1.cpp:2:0:
 6:51.31 /home/gmaudoux/projets/gecko-tup/gecko-dev/gfx/thebes/gfxGraphiteShaper.cpp: In member function 'nsresult gfxGraphiteShaper::SetGlyphsFromSegment(gfxShapedText*, uint32_t, uint32_t, const char16_t*, gr_segment*, gfxFontShaper::RoundingFlags)':
 6:51.31 /home/gmaudoux/projets/gecko-tup/gecko-dev/gfx/thebes/gfxGraphiteShaper.cpp:349:36: warning: 'clusterLoc' may be used uninitialized in this function [-Wmaybe-uninitialized]
 6:51.31                      float dx = rtl ? (xLocs[j] - clusterLoc) :
 6:51.31                                 ~~~~^~~~~~~~~~~~~~~~~~~~~~~~~~~
 6:51.31                                       (xLocs[j] - clusterLoc - adv);
 6:51.31                                       ~~~~~~~~~~~~~~~~~~~~~~~~~~~~~
 6:53.59   66% 58) [30.671s] obj-tup/gfx/thebes: CXX Unified_cpp_gfx_thebes0.cpp
 7:07.12   67% 59) [32.181s] obj-tup/gfx/layers: CXX Unified_cpp_gfx_layers9.cpp
 7:14.39   68% 60) [63.518s] obj-tup/layout/base: CXX Unified_cpp_layout_base1.cpp
 7:14.39 In file included from /home/gmaudoux/projets/gecko-tup/gecko-dev/layout/base/Units.h:18:0,
 7:14.39                  from /home/gmaudoux/projets/gecko-tup/gecko-dev/layout/base/nsIPresShell.h:45,
 7:14.39                  from /home/gmaudoux/projets/gecko-tup/gecko-dev/layout/base/nsPresContext.h:20,
 7:14.39                  from /home/gmaudoux/projets/gecko-tup/gecko-dev/obj-tup/dist/include/mozilla/dom/Element.h:27,
 7:14.39                  from /home/gmaudoux/projets/gecko-tup/gecko-dev/obj-tup/dist/include/mozilla/ServoElementSnapshot.h:13,
 7:14.39                  from /home/gmaudoux/projets/gecko-tup/gecko-dev/obj-tup/dist/include/mozilla/ServoBindings.h:15,
 7:14.39                  from /home/gmaudoux/projets/gecko-tup/gecko-dev/obj-tup/dist/include/mozilla/ComputedStyleInlines.h:20,
 7:14.39                  from /home/gmaudoux/projets/gecko-tup/gecko-dev/obj-tup/dist/include/mozilla/WritingModes.h:11,
 7:14.39                  from /home/gmaudoux/projets/gecko-tup/gecko-dev/layout/generic/nsIFrame.h:32,
 7:14.39                  from /home/gmaudoux/projets/gecko-tup/gecko-dev/layout/base/nsBidi.h:12,
 7:14.39                  from /home/gmaudoux/projets/gecko-tup/gecko-dev/layout/base/nsBidiPresUtils.h:11,
 7:14.39                  from /home/gmaudoux/projets/gecko-tup/gecko-dev/layout/base/nsBidiPresUtils.cpp:7,
 7:14.39                  from Unified_cpp_layout_base1.cpp:2:
 7:14.39 /home/gmaudoux/projets/gecko-tup/gecko-dev/obj-tup/dist/include/nsRegion.h: In static member function 'static void nsLayoutUtils::TransformToAncestorAndCombineRegions(const nsRegion&, nsIFrame*, const nsIFrame*, nsRegion*, nsRegion*, mozilla::Maybe<mozilla::gfx::Matrix4x4TypedFlagged<mozilla::gfx::UnknownUnits, mozilla::gfx::UnknownUnits> >*, const mozilla::DisplayItemClip*)':
 7:14.39 /home/gmaudoux/projets/gecko-tup/gecko-dev/obj-tup/dist/include/nsRegion.h:2199:47: warning: 'idx.nsRegion::RectIterator::mCurrentStrip' may be used uninitialized in this function [-Wmaybe-uninitialized]
 7:14.39          mCurrentStrip->right - mCurrentStrip->left,
 7:14.39                                 ~~~~~~~~~~~~~~~^~~~
 7:14.39 /home/gmaudoux/projets/gecko-tup/gecko-dev/obj-tup/dist/include/nsRegion.h:971:23: note: 'idx.nsRegion::RectIterator::mCurrentStrip' was declared here
 7:14.39      for (RectIterator idx(aOther); !idx.Done(); idx.Next()) {
 7:14.40                        ^~~
 7:25.78   70% 61) [32.194s] obj-tup/gfx/layers: CXX Unified_cpp_gfx_layers7.cpp
 7:29.80   71% 62) [38.477s] obj-tup/gfx/layers: CXX Unified_cpp_gfx_layers8.cpp
 7:33.92   72% 63) [26.801s] obj-tup/gfx/layers: CXX Unified_cpp_gfx_layers3.cpp
 7:50.25   73% 64) [24.459s] obj-tup/gfx/layers: CXX Unified_cpp_gfx_layers0.cpp
 7:51.31   74% 65) [36.917s] obj-tup/gfx/layers: CXX Unified_cpp_gfx_layers11.cpp
 8:03.06   75% 66) [33.274s] obj-tup/ipc/ipdl: CXX UnifiedProtocols9.cpp
 8:07.03   77% 67) [33.107s] obj-tup/widget: CXX Unified_cpp_widget0.cpp
 8:15.56   78% 68) [25.313s] obj-tup/widget: CXX /home/gmaudoux/projets/gecko-tup/gecko-dev/widget/nsBaseWidget.cpp
 8:19.64   79% 69) [28.328s] obj-tup/dom/base: CXX /home/gmaudoux/projets/gecko-tup/gecko-dev/dom/base/nsDOMWindowUtils.cpp
 8:48.74   80% 70) [45.676s] obj-tup/dom/canvas: CXX Unified_cpp_dom_canvas0.cpp
 8:52.42   81% 71) [32.776s] obj-tup/accessible/generic: CXX Unified_cpp_accessible_generic0.cpp
 8:55.88   82% 72) [48.854s] obj-tup/dom/bindings: CXX UnifiedBindings9.cpp
 9:00.76   83% 73) [45.187s] obj-tup/dom/bindings: CXX UnifiedBindings2.cpp
 9:20.70   85% 74) [28.281s] obj-tup/dom/html: CXX Unified_cpp_dom_html0.cpp
 9:23.88   86% 75) [23.121s] obj-tup/gfx/vr: CXX Unified_cpp_gfx_vr0.cpp
 9:26.01   87% 76) [37.268s] obj-tup/dom/base: CXX Unified_cpp_dom_base2.cpp
 9:31.01   88% 77) [10.302s] obj-tup/dom/canvas: CXX Unified_cpp_dom_canvas6.cpp
 9:42.54   89% 78) [11.537s] obj-tup/dom/canvas: CXX Unified_cpp_dom_canvas3.cpp
 9:46.57   90% 79) [20.553s] obj-tup/dom/canvas: CXX Unified_cpp_dom_canvas4.cpp
 9:57.88   91% 80) [33.993s] obj-tup/dom/canvas: CXX Unified_cpp_dom_canvas5.cpp
 9:59.73   93% 81) [17.193s] obj-tup/dom/canvas: CXX Unified_cpp_dom_canvas2.cpp
10:08.08   94% 82) [21.514s] obj-tup/dom/canvas: CXX Unified_cpp_dom_canvas1.cpp
10:21.98   95% 83) [86.094s] obj-tup/dom/bindings: CXX UnifiedBindings21.cpp
11:30.48   96% 84) [68.498s] obj-tup/toolkit/library: LINK libxul.so
11:31.71   97% 85) [1.236s] obj-tup/toolkit/library: python /home/gmaudoux/projets/gecko-tup/gecko-dev/toolkit/library/dependentlibs.py:gen_list -> [dependentlibs.list dependentlibs.list.gtest dependentlibs.list.pp]
11:32.42   98% 86) [1.941s] obj-tup/ipc/app: LINK ../../dist/bin/plugin-container
11:32.42  100% 87) [1.946s] obj-tup/js/xpconnect/shell: LINK ../../../dist/bin/xpcshell
11:32.53 [ tup ] [682.491s] Updated.
11:33.32 418 compiler warnings present.
11:33.72 Overall system resources - Wall time: 693s; CPU: 90%; Read bytes: 2344103936; Write bytes: 4573622272; Read time: 19275; Write time: 1689600
11:33.72 Swap in/out (MB): 0/1
11:33.92 warning: dom/ipc/ContentProcess.cpp:210:15 [-Wmaybe-uninitialized] 'prefsLen' may be used uninitialized in this function
11:33.92 warning: dom/ipc/ContentProcess.cpp:217:22 [-Wmaybe-uninitialized] 'schedulerPrefs' may be used uninitialized in this function
11:33.92 warning: dom/ipc/ContentProcess.cpp:218:16 [-Wmaybe-uninitialized] 'childID' may be used uninitialized in this function
11:33.92 warning: dom/ipc/ContentProcess.cpp:222:17 [-Wmaybe-uninitialized] 'isForBrowser' may be used uninitialized in this function
11:33.92 warning: gfx/thebes/gfxGraphiteShaper.cpp:349:36 [-Wmaybe-uninitialized] 'clusterLoc' may be used uninitialized in this function
11:33.92 warning: js/src/frontend/BinSource-auto.cpp:3523:27 [-Wmaybe-uninitialized] 'pnk' may be used uninitialized in this function
11:33.92 warning: js/src/frontend/FullParseHandler.h:750:79 [-Wmaybe-uninitialized] 'pnk' may be used uninitialized in this function
11:33.92 warning: js/src/frontend/ParseNode.h:493:24 [-Wmaybe-uninitialized] 'pnk' may be used uninitialized in this function
11:33.93 warning: js/src/frontend/ParseNode.h:509:17 [-Wmaybe-uninitialized] 'pnk' may be used uninitialized in this function
11:33.93 warning: layout/base/FrameProperties.h:179:5 [-Wmaybe-uninitialized] 'autoLineCursor.nsBlockFrame::AutoLineCursorSetup::mOrigCursor' may be used uninitialized in this function
11:33.93 warning: layout/base/PresShell.cpp:2744:23 [-Wmaybe-uninitialized] 'targetNeedsReflowFromParent' may be used uninitialized in this function
11:33.93 warning: layout/generic/nsFlexContainerFrame.cpp:1577:11 [-Wmaybe-uninitialized] 'resolvedMinSize' may be used uninitialized in this function
11:33.93 warning: layout/generic/nsFlexContainerFrame.cpp:4821:31 [-Wmaybe-uninitialized] 'flexContainerAscent' may be used uninitialized in this function
11:33.93 warning: layout/generic/nsFrame.cpp:6193:45 [-Wmaybe-uninitialized] 'iSize' may be used uninitialized in this function
11:33.93 warning: layout/generic/nsFrame.cpp:6417:11 [-Wmaybe-uninitialized] 'result' may be used uninitialized in this function
11:33.93 warning: layout/generic/nsGfxScrollFrame.cpp:3313:23 [-Wmaybe-uninitialized] 'extraContentBoxClipForNonCaretContent' may be used uninitialized in this function
11:33.93 warning: layout/generic/nsIFrame.h:3586:5 [-Wmaybe-uninitialized] 'autoLineCursor.nsBlockFrame::AutoLineCursorSetup::mFrame' may be used uninitialized in this function
11:33.93 warning: layout/painting/nsCSSRenderingGradients.h:31:66 [-Wmaybe-uninitialized] 'position' may be used uninitialized in this function
11:33.93 warning: layout/painting/nsDisplayList.h:1201:41 [-Wmaybe-uninitialized] 'perspectiveIndex.nsDisplayListBuilder::AutoSaveRestorePerspectiveIndex::mCachedItemIndex' may be used uninitialized in this function
11:33.93 warning: layout/tables/nsTableFrame.h:45:20 [-Wmaybe-uninitialized] 'fType' may be used uninitialized in this function
11:33.93 warning: obj-tup/dist/include/mozilla/ReflowOutput.h:258:12 [-Wmaybe-uninitialized] 'borderBoxBSize' may be used uninitialized in this function
11:33.93 warning: obj-tup/dist/include/mozilla/ReflowOutput.h:259:12 [-Wmaybe-uninitialized] 'borderBoxBSize' may be used uninitialized in this function
11:33.93 warning: obj-tup/dist/include/nsCoord.h:82:11 [-Wmaybe-uninitialized] 'bSize' may be used uninitialized in this function
11:33.93 warning: obj-tup/dist/include/nsRegion.h:2199:47 [-Wmaybe-uninitialized] 'idx.nsRegion::RectIterator::mCurrentStrip' may be used uninitialized in this function
11:33.93 warning: obj-tup/dist/include/nsRegion.h:2199:47 [-Wmaybe-uninitialized] 'iter.nsRegion::RectIterator::mCurrentStrip' may be used uninitialized in this function
11:33.94 /nix/store/vbvlba36jl5dfqnma2xqdl1ci294rnbr-libnotify-0.7.7/bin/notify-send --app-name=Mozilla Build System Mozilla Build System Build complete
11:34.10 We know it took a while, but your build finally finished successfully!
To view resource usage of the build, run |mach resource-usage|.
To take your build for a test drive, run: |mach run|
For more information on what to do now, see https://developer.mozilla.org/docs/Developer_Guide/So_You_Just_Built_Firefox
