+runOnce:7> mach build
+mach:1> env - 'HOME=/home/gmaudoux' 'DISPLAY=:0' 'TERM=screen' 'PKG_CONFIG_PATH=/nix/store/1dm1zygy7n0iqvxzzqf3livr7ydvs2mf-python3-3.6.5/lib/pkgconfig:/nix/store/wfv291gbplmq0l7h5pypdjb5xjnv5axg-libICE-1.0.9-dev/lib/pkgconfig:/nix/store/sl5cjzdpd2vk1lam52sxh4nyqa6s72zl-xproto-7.0.31/lib/pkgconfig:/nix/store/wdhvmkwrsd7ayxq24lz3wsnqhmxbfv1x-libSM-1.2.2-dev/lib/pkgconfig:/nix/store/l5acsgbn1vbl1m7iv12y56fvx83p5kn7-libX11-1.6.5-dev/lib/pkgconfig:/nix/store/kgylbxg6b6chcsa888rg45zr6q6mcg6v-libxcb-1.12-dev/lib/pkgconfig:/nix/store/8rw2fvr5xrmc8ri0i7l2v1fvabkp18r8-kbproto-1.0.7/lib/pkgconfig:/nix/store/pfldr84r68dg1rybrrfl7l03jhws4ph1-libXau-1.0.8-dev/lib/pkgconfig:/nix/store/3qv4dmbzrjkxnsxmgkh5ji3cwyxfvkpq-libXdmcp-1.1.2-dev/lib/pkgconfig:/nix/store/lxyd3mgllr8jj8vly4xfwrsbf2fk8pgn-libXext-1.3.3-dev/lib/pkgconfig:/nix/store/j38nc3a31ship4vznz5q33hizngifgbv-xextproto-7.3.0/lib/pkgconfig:/nix/store/kmkr3xk314mcnvmpyz716cr8qx4kbqar-libXt-1.1.5-dev/lib/pkgconfig:/nix/store/a6yf6gg9mkaabdnv1cpya9k2ssb9wi8i-printproto-1.0.5/lib/pkgconfig:/nix/store/k4wb4vyja1dcjqxpfgvzznwhg30nvhkp-renderproto-0.11.1/lib/pkgconfig:/nix/store/vqfayvls2gcvph9789krq36abnz9dcvs-libXcomposite-0.4.4-dev/lib/pkgconfig:/nix/store/6la8h3r7lxzkly4qf5knlsyfm8drjwhg-libXfixes-5.0.3-dev/lib/pkgconfig:/nix/store/jwbfi28vwyzjijr50zbkb98q7xa3zvij-fixesproto-5.0/lib/pkgconfig:/nix/store/xrdpdcidbngwwwia41ads3rlhxnv3xnv-compositeproto-0.4.2/lib/pkgconfig:/nix/store/2ym5x49h8fjyghjbzg3b0krcz0kqiswa-damageproto-1.2.1/lib/pkgconfig:/nix/store/0n6k21rggvk5c3zi7dpfadrhbwq7rjjf-libXdamage-1.1.4-dev/lib/pkgconfig:/nix/store/6ha6fvm8bjs9l0jd2sm43r13dfb5bagf-libXrender-0.9.10-dev/lib/pkgconfig:/nix/store/2r6bvw7za4ynd1n2xr65b1jrqfg0yjfp-libart_lgpl-2.3.21/lib/pkgconfig:/nix/store/8qizrxfh0yk1s9n1kzrc1lk7v1qprxrg-libbonobo-2.32.1-dev/lib/pkgconfig:/nix/store/yqv1mkxddrhd9m079cqwslxq8h2yl440-popt-1.16/lib/pkgconfig:/nix/store/cxf1sj5mkgb2z60qji1lyb9wp7fp76wa-glib-2.54.3-dev/lib/pkgconfig:/nix/store/8bsyix63bn598h4vr6zkx9r5yhv8f13r-zlib-1.2.11-dev/lib/pkgconfig:/nix/store/yb9axzdqhnamqssl2i9l8kl30x22pcb9-libffi-3.2.1-dev/lib/pkgconfig:/nix/store/7szhczx871gdip17crd7bg3rchhqa86y-ORBit2-2.14.19-dev/lib/pkgconfig:/nix/store/nccbs1aiwwajqg7gz8y3bgag31hmlqfb-libIDL-0.8.14/lib/pkgconfig:/nix/store/0sf0v8fz43n5sz0k7cjxaifkzjimh0x6-libbonoboui-2.24.5-dev/lib/pkgconfig:/nix/store/9mzk7afm6m8dh1iz197kqqdra9rnji4v-libgnomecanvas-2.30.3-dev/lib/pkgconfig:/nix/store/cc8z8srk4rqdrz234a4xzbbaf9i5b0nr-gtk+-2.24.32-dev/lib/pkgconfig:/nix/store/qbhfjb2fagmn9vz9wh280w0j73lq2hjg-cairo-1.14.10-dev/lib/pkgconfig:/nix/store/2lgd6qnfhrzhy3vy7lw25qn0fvsbvzd7-fontconfig-2.12.1-dev/lib/pkgconfig:/nix/store/9yksdd65yard03m7ads6mysrxgnnmdss-freetype-2.7.1-dev/lib/pkgconfig:/nix/store/yhzxhwikm403q7m01g63rr0rzvrsg825-bzip2-1.0.6.0.1-dev/lib/pkgconfig:/nix/store/k9fjbxm37cq6pv0m4j9hp74lg64p038z-libpng-apng-1.6.34-dev/lib/pkgconfig:/nix/store/8ncpzbdgbwg3h8889w67fmb0ay06dpm1-expat-2.2.5-dev/lib/pkgconfig:/nix/store/8zwkx851l4v782f8jdcvk1lk4z42s8x0-pixman-0.34.0/lib/pkgconfig:/nix/store/1j4yb6jnn5d1vkb8pbv25c51hvgdibpr-xcb-util-0.4.0-dev/lib/pkgconfig:/nix/store/yn4mvjyiif6vp37ys7kxq3m7yfkkhjrc-mesa-noglu-17.3.6-dev/lib/pkgconfig:/nix/store/8p0n1zla4w9ybj6iqzmd8qgikjm0fahf-libXxf86vm-1.1.4-dev/lib/pkgconfig:/nix/store/gsdakxyxgzb2j0fch1hgb9zq8cppasxa-xf86vidmodeproto-2.3.1/lib/pkgconfig:/nix/store/2pds79ywmlvxhzd90q7xyjda5vc4jp60-libdrm-2.4.90-dev/lib/pkgconfig:/nix/store/mxqzc40rai0j8z73lgxh1bsnxmddw3kz-pango-1.40.14-dev/lib/pkgconfig:/nix/store/45py252dqicp5zr8hm0gm6hacdmsks82-harfbuzz-1.7.1-dev/lib/pkgconfig:/nix/store/0cj94v3rj7ixn5fqd7a4kh1ajnlprz4r-graphite2-1.3.6/lib/pkgconfig:/nix/store/5hy0yyp0qnyb8xngb285z1vzg3lm5k10-libXft-2.3.2-dev/lib/pkgconfig:/nix/store/jwjlcjj1qq6hnf90kdfpqii5v8qhsnh3-gdk-pixbuf-2.36.7-dev/lib/pkgconfig:/nix/store/vaqvlcgav3ly3hdx5yvk6gssnh5b9wkb-libtiff-4.0.9-dev/lib/pkgconfig:/nix/store/g5wlw7fshg23288pbqyc505vm6ilhqxm-libjpeg-turbo-1.5.3-dev/lib/pkgconfig:/nix/store/ww996cjyv9gdsfvg5v6467adp5x00fjp-xz-5.2.3-dev/lib/pkgconfig:/nix/store/4wrn67c4r6lbx70vw5yvx7z9nl8yfkqk-jasper-2.0.14-dev/lib/pkgconfig:/nix/store/k5kaamp13w1jx8di5931zvc5nd4dnp10-atk-2.26.1-dev/lib/pkgconfig:/nix/store/nnd9y92fglhn0yw3brhz6yffxy97kvr2-libXrandr-1.5.1-dev/lib/pkgconfig:/nix/store/vcvhflwnwsmxfxljqcmq7y9fzraj4a2a-randrproto-1.5.0/lib/pkgconfig:/nix/store/bwb18dlcr0zsrk5pmb3wlj9kh8x3hgib-libXi-1.7.9-dev/lib/pkgconfig:/nix/store/fss7sk3lrr4v19qp3h5narp4xlyrzps6-inputproto-2.3.2/lib/pkgconfig:/nix/store/j89lj703pvshcw9b30ma68x191z42zrj-libXcursor-1.1.15-dev/lib/pkgconfig:/nix/store/m2jfscscvzp0x1isnqf35rvx5nmbz4ch-libXinerama-1.1.3-dev/lib/pkgconfig:/nix/store/64igm2b6wsffw4ab4rwsr0d6syq4cliq-xineramaproto-1.2.1/lib/pkgconfig:/nix/store/0vr9lni0n2y31r3q9a0ppmhvvz4mwh9d-libgnome-2.32.1-dev/lib/pkgconfig:/nix/store/2fvw424y8sk7k78wx91ypygp97bbpaql-libogg-1.3.3-dev/lib/pkgconfig:/nix/store/603pjqb39js7i6j4122vb90iij1z8sfh-libgnomeui-2.24.5-dev/lib/pkgconfig:/nix/store/5miakzzfrkqrx1pyanws2125m1r4msxf-gnome-vfs-2.24.4-dev/lib/pkgconfig:/nix/store/hql1dc0vdmwxv5dalr75nmkgwjl3m601-gconf-2.32.4-dev/lib/pkgconfig:/nix/store/30gy5qynrb97zyhlc9v4r74ryfxx9l5i-dbus-1.10.24-dev/lib/pkgconfig:/nix/store/64hw8wpmp4xq19kxl5m59qn916iciixa-dbus-glib-0.108-dev/lib/pkgconfig:/nix/store/la9ssv41cvkrp0pksh5lbv1qq4qxrjl1-alsa-lib-1.1.5-dev/lib/pkgconfig:/nix/store/8bxzpqbchyha2bn8qabd23dg34fpgp6v-libpulseaudio-11.1-dev/lib/pkgconfig:/nix/store/4k61wqjqi8qs6clmir5af09viwqvihj8-libcap-2.25-dev/lib/pkgconfig:/nix/store/rjx2ncvp8g4bq1xkr494sfzzga01pybh-gstreamer-0.10.36-dev/lib/pkgconfig:/nix/store/3143f24xkdh6ihww7q8cgjnlyzqd5zmc-libxml2-2.9.7-dev/lib/pkgconfig:/nix/store/3b3avm6bj80dlvjrv7qjk42lfq6i6w28-gst-plugins-base-0.10.36-dev/lib/pkgconfig:/nix/store/0mz62gba7s21qlhq4mph81ixf2v0nlb4-gtk+3-3.22.28-dev/lib/pkgconfig:/nix/store/wq9dxr9vzrv1gfzlb0z7jam6lp7m7xq1-at-spi2-atk-2.26.1/lib/pkgconfig:/nix/store/4p1h4n411927l2s2mwca33m0s1l1z61q-gsettings-desktop-schemas-3.24.1/share/pkgconfig:/nix/store/mlmm2a007gg49ia1wa2klniki4ph0jv1-wayland-1.14.0/lib/pkgconfig:/nix/store/qz0rr5xiqh4wa1ls5cqywkgz1brmb5fh-wayland-protocols-1.11/share/pkgconfig:/nix/store/vc7a2ay0pbs5isscc1fda3wa557jchs3-gobject-introspection-1.54.1-dev/lib/pkgconfig:/nix/store/awsi1h746ian2afdmrhpw8ajkn0gsavb-procps-3.3.12/lib/pkgconfig:/nix/store/nx3jw576gqw01iiijgsav39w2qa4cni2-python-2.7.14/lib/pkgconfig:/nix/store/jd644x3ppch1i92lbiw837bd1rylqgip-openssl-1.0.2o-dev/lib/pkgconfig:/nix/store/vbvlba36jl5dfqnma2xqdl1ci294rnbr-libnotify-0.7.7/lib/pkgconfig:/nix/store/i4k7d8vmqhxhzkq775067mf6gjmw439f-valgrind-3.13.0-dev/lib/pkgconfig:/nix/store/kwdbw37kpgym0a1bnd5yczcsxl84vya4-icu4c-59.1-dev/lib/pkgconfig:/nix/store/bwh528xapwgjzxnxsjbj3fyppxzpawh0-nss-3.35-dev/lib/pkgconfig:/nix/store/ysgkjcxkci63mj6smp8s2w72abhzxv4p-nspr-4.18-dev/lib/pkgconfig:/nix/store/n2w7c9m4kbwlqrlxcja1akvwasagpcbp-libvpx-1.6.1-dev/lib/pkgconfig:/nix/store/cxn4wv56d1871pq38fqbyd996p1kc8nj-hunspell-1.6.2-dev/lib/pkgconfig:/nix/store/gzcly4bpvm78alliyl8vbzjdxm3bsgfv-sqlite-3.21.0-dev/lib/pkgconfig:/nix/store/jnlz9n0avbnlrccdqmi91ibhkf905q7x-libstartup-notification-0.12/lib/pkgconfig' 'SHELL=/nix/store/zqh3l3lyw32q1ayb15bnvg9f24j5v2p0-bash-4.4-p12/bin/bash' 'PATH=/nix/store/y5rlyv6nz8134s687d95ysc2gakwx7am-patchelf-0.9/bin:/nix/store/rf7pnq8qk9bkjpl4s2pm5dm2pk4yqhrc-paxctl-0.9/bin:/nix/store/gqg2vrcq7krqi9rrl6pphvsg81sb8pjw-gcc-wrapper-7.3.0/bin:/nix/store/bm7pb1s7rx1ad80706b5xqrznq7fgpgx-gcc-7.3.0/bin:/nix/store/6ca5dl2wy0nh37li1n4b152fcazsp3f6-glibc-2.26-131-bin/bin:/nix/store/cb3slv3szhp46xkrczqw7mscy5mnk64l-coreutils-8.29/bin:/nix/store/cmxaqb5cbzy4jk26na842n6hy1s4yn19-binutils-wrapper-2.28.1/bin:/nix/store/b0zlxla7dmy1iwc3g459rjznx59797xy-binutils-2.28.1/bin:/nix/store/1dm1zygy7n0iqvxzzqf3livr7ydvs2mf-python3-3.6.5/bin:/nix/store/ixlf9p8sjmw0zvd2ggzmfcsl7i5dp3pq-python3.6-setuptools-38.4.0/bin:/nix/store/pnjn1fv5s5a89vpqa63cvb407dapzy6c-which-2.21/bin:/nix/store/6m16jx9snhl5k1y078az476g9vfqvk4k-autoconf-2.13/bin:/nix/store/s029gmjpgvm776wfb56naqny9qja9339-perl-5.24.3/bin:/nix/store/afs58x7k2mpgv9wdq5v6xr7g31jjihpl-unzip-6.0/bin:/nix/store/rq684hfjyi84crlry4pwdqhbyyxjsk2d-zip-3.0/bin:/nix/store/lhp5rw0dagi5mgqwr9i3x41240ba4ypz-gnumake-4.2.1/bin:/nix/store/ax0xvjs9kqz7fn2gr5giciiigi6q7n0k-yasm-1.3.0/bin:/nix/store/340wmknqs4by554nwpg3hcr52lshqdj2-pkg-config-0.29.2/bin:/nix/store/2r6bvw7za4ynd1n2xr65b1jrqfg0yjfp-libart_lgpl-2.3.21/bin:/nix/store/cxf1sj5mkgb2z60qji1lyb9wp7fp76wa-glib-2.54.3-dev/bin:/nix/store/7szhczx871gdip17crd7bg3rchhqa86y-ORBit2-2.14.19-dev/bin:/nix/store/nccbs1aiwwajqg7gz8y3bgag31hmlqfb-libIDL-0.8.14/bin:/nix/store/1psa21c6ycl337k7pm698l75bhxgyfzy-ORBit2-2.14.19/bin:/nix/store/jljvnr34rv1fzh2m03d46isvzk95ssdr-libbonobo-2.32.1/bin:/nix/store/cc8z8srk4rqdrz234a4xzbbaf9i5b0nr-gtk+-2.24.32-dev/bin:/nix/store/qbhfjb2fagmn9vz9wh280w0j73lq2hjg-cairo-1.14.10-dev/bin:/nix/store/9yksdd65yard03m7ads6mysrxgnnmdss-freetype-2.7.1-dev/bin:/nix/store/qqv6r9vkpb44rw5d8wyfpx64rgqzlvdm-bzip2-1.0.6.0.1-bin/bin:/nix/store/k9fjbxm37cq6pv0m4j9hp74lg64p038z-libpng-apng-1.6.34-dev/bin:/nix/store/0alz3scxpgnirzkyz254j3jvf2syf9d8-fontconfig-2.12.1-bin/bin:/nix/store/8ncpzbdgbwg3h8889w67fmb0ay06dpm1-expat-2.2.5-dev/bin:/nix/store/1pdl62g1inalcc13mfwbmvc5alzqal2n-libdrm-2.4.90-bin/bin:/nix/store/45py252dqicp5zr8hm0gm6hacdmsks82-harfbuzz-1.7.1-dev/bin:/nix/store/0cj94v3rj7ixn5fqd7a4kh1ajnlprz4r-graphite2-1.3.6/bin:/nix/store/3qvsxrsw5ij79wi1sn1y3z3hwqygx9gx-pango-1.40.14-bin/bin:/nix/store/jwjlcjj1qq6hnf90kdfpqii5v8qhsnh3-gdk-pixbuf-2.36.7-dev/bin:/nix/store/ssmhdid5b2s3gf4kwvky8q0119dy5vyf-libjpeg-turbo-1.5.3-bin/bin:/nix/store/aakgkcvw6j54zg38zrn1w00sgxx0zj8b-xz-5.2.3-bin/bin:/nix/store/nr17jlbss1jffdgh6rknf0wxvz9df219-libtiff-4.0.9-bin/bin:/nix/store/x0jclbms2bldcq7azzsw6c9z68sbhdgs-jasper-2.0.14-bin/bin:/nix/store/nnd0d1jbaph3xgs1z0s969xv5n3csdxa-gdk-pixbuf-2.36.7/bin:/nix/store/avcr8ri97kynqpqafg5c2bq3l67cca5v-cups-2.2.6-dev/bin:/nix/store/qbwhkl8qs76715cl5sa0893vp4fm8k7b-cups-2.2.6/bin:/nix/store/xwyp69b2b85y56h7akw9j7sxwzkr0y92-gtk+-2.24.32/bin:/nix/store/9ccy81kzwjnxjxsar78gkmakwwdfq26n-libgnome-2.32.1/bin:/nix/store/p2xv7zcg9pak48j5i689jl5nmkssmf98-libbonoboui-2.24.5/bin:/nix/store/s2xvg8k21w3y9pzhh51wlscwgz6h9v83-gconf-2.32.4/bin:/nix/store/rkzpvfz9f45lghj9i35p2z9ls66flvpi-gnome-vfs-2.24.4/bin:/nix/store/fcg60r125nzdzk0cimrd4z277gqf8ca9-dbus-1.10.24-lib/bin:/nix/store/ia9x1pjgqb3slk15sv2y1llrk9nplpri-dbus-1.10.24/bin:/nix/store/64hw8wpmp4xq19kxl5m59qn916iciixa-dbus-glib-0.108-dev/bin:/nix/store/n07bypvyip8xgjmynqg50q37wvmnfvs2-alsa-lib-1.1.5/bin:/nix/store/6bzyb2y3mkz1spg6l3i4wp2lmkkh6f3v-attr-2.4.47-bin/bin:/nix/store/ygi8766zlysmzqxvk7dhc6wkv93jcpzd-libcap-2.25/bin:/nix/store/3143f24xkdh6ihww7q8cgjnlyzqd5zmc-libxml2-2.9.7-dev/bin:/nix/store/mnm5w1h20ddkrd3i435n03qiqqqvll97-libxml2-2.9.7-bin/bin:/nix/store/c4i4fi42drpzyik34h0rlbkxk9g5nbc5-gstreamer-0.10.36/bin:/nix/store/icc4mss4gpi9yw8hk1wc7by1scmrv53v-gst-plugins-base-0.10.36/bin:/nix/store/0mz62gba7s21qlhq4mph81ixf2v0nlb4-gtk+3-3.22.28-dev/bin:/nix/store/mlmm2a007gg49ia1wa2klniki4ph0jv1-wayland-1.14.0/bin:/nix/store/19y1sm233aa4q93qsbib04za9brvax64-gtk+3-3.22.28/bin:/nix/store/vc7a2ay0pbs5isscc1fda3wa557jchs3-gobject-introspection-1.54.1-dev/bin:/nix/store/awsi1h746ian2afdmrhpw8ajkn0gsavb-procps-3.3.12/bin:/nix/store/6lkl4g8jbg0m4fgl5s1jclafic2k6lhx-git-2.16.2/bin:/nix/store/d7gspk4njym9k88qk2a3sqjasi8ab2z6-mercurial-4.5/bin:/nix/store/a3qhl9b5v89b3gh0qjna6my1wl5vbqq7-python2.7-dulwich-0.18.6/bin:/nix/store/nx3jw576gqw01iiijgsav39w2qa4cni2-python-2.7.14/bin:/nix/store/xr3li4as4jycwk9lgqn08s0q9s86svqf-python2.7-setuptools-38.4.0/bin:/nix/store/0bgnx6v0i3zi6kpc4dnh98l8isix3rw2-openssl-1.0.2o-bin/bin:/nix/store/5dh5x82i892s162bqrlrym71qp4dwvq3-cmake-3.10.2/bin:/nix/store/vbvlba36jl5dfqnma2xqdl1ci294rnbr-libnotify-0.7.7/bin:/nix/store/j35sgbqnyxfn7rz31812r7l82az9zmzk-valgrind-3.13.0/bin:/nix/store/vyl4q1bhxnqbgkslbaxzp09nh48x6wdb-gdb-8.1/bin:/nix/store/1591qvjywwvw9f1m0smzkb1p3yfk8gpd-rr-5.1.0/bin:/nix/store/bk3hvkxywzc537m2w3di68aw7pwz80df-ccache-3.4.1/bin:/nix/store/0i0b8390dab21pd34x7wjgl49301qqgb-rustc-1.24.0/bin:/nix/store/d6g30kgzg9j7jvf1hci8k813vbay2iqb-cargo-0.24.0/bin:/nix/store/77bsskn86yf6h11mx96xkxm9bqv42kqg-zsh-5.5.1/bin:/nix/store/lmq72s0kwyd3dfm1k9ahmaha5zcj5igh-tup/bin:/nix/store/pxsrm9avcrp833rd96sp6vgs45yzrij9-fusermount/bin:/nix/store/xa5qvlg5pp5rh2dshlwvd708ks066azv-librsvg-2.42.2/bin:/nix/store/kwdbw37kpgym0a1bnd5yczcsxl84vya4-icu4c-59.1-dev/bin:/nix/store/bwh528xapwgjzxnxsjbj3fyppxzpawh0-nss-3.35-dev/bin:/nix/store/ysgkjcxkci63mj6smp8s2w72abhzxv4p-nspr-4.18-dev/bin:/nix/store/cffgk5hna0yljhy7japikcbxy7f55arl-libvpx-1.6.1-bin/bin:/nix/store/iy5737v30gb1zwyai59c5y83f3ymy797-hunspell-1.6.2-bin/bin:/nix/store/jhrwlpfijc4igz6xsx01z4z45k50kjsv-sqlite-3.21.0-bin/bin:/nix/store/364b5gkvgrm87bh1scxm5h8shp975n0r-findutils-4.6.0/bin:/nix/store/cg3yhpr5hfr00y0aah23pgxiijpzl6nz-diffutils-3.6/bin:/nix/store/navldm477k3ar6cy0zlw9rk43i459g69-gnused-4.4/bin:/nix/store/s63b2myh6rxfl4aqwi9yxd6rq66djk33-gnugrep-3.1/bin:/nix/store/j79xs2j519bmvq0gihz8ff4nw5aj3vlh-gawk-4.2.0/bin:/nix/store/2p00w952ljb1172nsf3jm7nsjgsw5qpw-gnutar-1.30/bin:/nix/store/d7895h1an2pgcd6a3vx3yb5fbg786lci-gzip-1.9/bin:/nix/store/zqh3l3lyw32q1ayb15bnvg9f24j5v2p0-bash-4.4-p12/bin:/nix/store/gd1mp76qr4zpbw3lccivhvi30b025x51-patch-2.7.6/bin' 'PYTHONDONTWRITEBYTECODE=True' ./mach build
 0:00.47 /nix/store/lmq72s0kwyd3dfm1k9ahmaha5zcj5igh-tup/bin/tup upd /home/gmaudoux/projets/gecko-tup/gecko-dev/obj-tup -j4 --no-environ-check
 0:00.47 [ tup ] [0.000s] Scanning filesystem...
 0:01.43 [ tup ] [0.957s] No tup.config changes (environment check disabled).
 0:01.43 [ tup ] [0.960s] Parsing Tupfiles...
 0:01.44   25% 1) [0.003s] .
 0:01.44   50% 2) [0.005s] obj-tup
 0:01.45   75% 3) [0.002s] obj-tup/dist/bin
 0:01.45  100% 4) [0.003s] obj-tup/build
 0:01.45 [ tup ] [0.979s] No files to delete.
 0:01.45 [ tup ] [0.979s] Generating .gitignore files...
 0:01.49 [ tup ] [1.022s] Executing Commands...
 0:10.87    0%  1) [9.369s] obj-tup/js/src: CXX /home/gmaudoux/projets/gecko-tup/gecko-dev/js/src/gc/StoreBuffer.cpp
 0:17.36    1%  2) [15.859s] obj-tup/js/src: CXX /home/gmaudoux/projets/gecko-tup/gecko-dev/js/src/builtin/RegExp.cpp
 0:21.77    2%  3) [10.904s] obj-tup/js/src: CXX /home/gmaudoux/projets/gecko-tup/gecko-dev/js/src/jit/x86-shared/Disassembler-x86-shared.cpp
 0:25.61    3%  4) [24.110s] obj-tup/js/src: CXX /home/gmaudoux/projets/gecko-tup/gecko-dev/js/src/ctypes/CTypes.cpp
 0:29.92    4%  5) [12.563s] obj-tup/js/src: CXX /home/gmaudoux/projets/gecko-tup/gecko-dev/js/src/jsmath.cpp
 0:30.89    4%  6) [9.110s] obj-tup/js/src: CXX /home/gmaudoux/projets/gecko-tup/gecko-dev/js/src/jsutil.cpp
 0:30.91    6%  7) [29.413s] obj-tup/js/src: CXX /home/gmaudoux/projets/gecko-tup/gecko-dev/js/src/frontend/Parser.cpp
 0:37.69    6%  8) [7.771s] obj-tup/js/src: CXX /home/gmaudoux/projets/gecko-tup/gecko-dev/js/src/vtune/VTuneWrapper.cpp
 0:57.27    8%  9) [31.652s] obj-tup/js/src: CXX /home/gmaudoux/projets/gecko-tup/gecko-dev/js/src/vm/Interpreter.cpp
 0:57.50   10% 10) [26.618s] obj-tup/js/src: CXX Unified_cpp_js_src0.cpp
 1:02.92   11% 11) [25.231s] obj-tup/js/src: CXX Unified_cpp_js_src10.cpp
 1:05.65   13% 12) [34.738s] obj-tup/js/src: CXX Unified_cpp_js_src1.cpp
 1:05.65 In file included from /home/gmaudoux/projets/gecko-tup/gecko-dev/obj-tup/dist/include/js/GCAPI.h:15:0,
 1:05.65                  from /home/gmaudoux/projets/gecko-tup/gecko-dev/obj-tup/dist/include/js/Value.h:24,
 1:05.65                  from /home/gmaudoux/projets/gecko-tup/gecko-dev/obj-tup/dist/include/js/CallArgs.h:74,
 1:05.65                  from /home/gmaudoux/projets/gecko-tup/gecko-dev/js/src/jsapi.h:29,
 1:05.65                  from /home/gmaudoux/projets/gecko-tup/gecko-dev/js/src/builtin/ModuleObject.h:12,
 1:05.65                  from /home/gmaudoux/projets/gecko-tup/gecko-dev/js/src/builtin/ModuleObject.cpp:7,
 1:05.65                  from Unified_cpp_js_src1.cpp:2:
 1:05.65 /home/gmaudoux/projets/gecko-tup/gecko-dev/obj-tup/dist/include/mozilla/Vector.h: In lambda function:
 1:05.65 /home/gmaudoux/projets/gecko-tup/gecko-dev/obj-tup/dist/include/mozilla/Vector.h:1399:11: warning: 'vlength' may be used uninitialized in this function [-Wmaybe-uninitialized]
 1:05.65    mLength += aInsLength;
 1:05.65    ~~~~~~~~^~~~~~~~~~~~~
 1:05.65 In file included from Unified_cpp_js_src1.cpp:11:0:
 1:05.65 /home/gmaudoux/projets/gecko-tup/gecko-dev/js/src/builtin/Object.cpp:289:25: note: 'vlength' was declared here
 1:05.65          size_t voffset, vlength;
 1:05.65                          ^~~~~~~
 1:05.65 In file included from /home/gmaudoux/projets/gecko-tup/gecko-dev/js/src/builtin/Object.cpp:17:0,
 1:05.65                  from Unified_cpp_js_src1.cpp:11:
 1:05.65 /home/gmaudoux/projets/gecko-tup/gecko-dev/js/src/util/StringBuffer.h:303:35: warning: 'voffset' may be used uninitialized in this function [-Wmaybe-uninitialized]
 1:05.65             ? twoByteChars().append(base->latin1Chars(nogc) + off, len)
 1:05.65               ~~~~~~~~~~~~~~~~~~~~~^~~~~~~~~~~~~~~~~~~~~~~~~~~~~~~~~~~~
 1:05.65 In file included from Unified_cpp_js_src1.cpp:11:0:
 1:05.65 /home/gmaudoux/projets/gecko-tup/gecko-dev/js/src/builtin/Object.cpp:289:16: note: 'voffset' was declared here
 1:05.65          size_t voffset, vlength;
 1:05.65                 ^~~~~~~
 1:21.32   14% 13) [15.665s] obj-tup/js/src: CXX Unified_cpp_js_src14.cpp
 1:28.24   16% 14) [30.743s] obj-tup/js/src: CXX Unified_cpp_js_src12.cpp
 1:30.75   18% 15) [33.483s] obj-tup/js/src: CXX Unified_cpp_js_src11.cpp
 1:51.84   19% 16) [21.095s] obj-tup/js/src: CXX Unified_cpp_js_src17.cpp
 1:52.03   20% 17) [23.786s] obj-tup/js/src: CXX Unified_cpp_js_src16.cpp
 1:53.24   23% 18) [50.318s] obj-tup/js/src: CXX Unified_cpp_js_src13.cpp
 2:16.82   26% 19) [55.492s] obj-tup/js/src: CXX Unified_cpp_js_src15.cpp
 2:16.82 In file included from Unified_cpp_js_src15.cpp:38:0:
 2:16.82 /home/gmaudoux/projets/gecko-tup/gecko-dev/js/src/jit/IonCacheIRCompiler.cpp: In member function 'bool js::jit::IonCacheIRCompiler::emitStoreUnboxedProperty()':
 2:16.82 /home/gmaudoux/projets/gecko-tup/gecko-dev/js/src/jit/IonCacheIRCompiler.cpp:1775:32: warning: '*((void*)& scratch +8)' may be used uninitialized in this function [-Wmaybe-uninitialized]
 2:16.82      Maybe<AutoScratchRegister> scratch;
 2:16.82                                 ^~~~~~~
 2:16.82 /home/gmaudoux/projets/gecko-tup/gecko-dev/js/src/jit/IonCacheIRCompiler.cpp: In member function 'bool js::jit::IonCacheIRCompiler::emitStoreFixedSlot()':
 2:16.82 /home/gmaudoux/projets/gecko-tup/gecko-dev/js/src/jit/IonCacheIRCompiler.cpp:1616:32: warning: '*((void*)& scratch +8)' may be used uninitialized in this function [-Wmaybe-uninitialized]
 2:16.82      Maybe<AutoScratchRegister> scratch;
 2:16.82                                 ^~~~~~~
 2:19.36   28% 20) [27.328s] obj-tup/js/src: CXX Unified_cpp_js_src19.cpp
 2:19.36 In file included from /home/gmaudoux/projets/gecko-tup/gecko-dev/js/src/jsutil.h:24:0,
 2:19.36                  from /home/gmaudoux/projets/gecko-tup/gecko-dev/js/src/jit/InlineList.h:10,
 2:19.36                  from /home/gmaudoux/projets/gecko-tup/gecko-dev/js/src/jit/MoveResolver.h:10,
 2:19.36                  from /home/gmaudoux/projets/gecko-tup/gecko-dev/js/src/jit/MoveResolver.cpp:7,
 2:19.36                  from Unified_cpp_js_src19.cpp:2:
 2:19.36 /home/gmaudoux/projets/gecko-tup/gecko-dev/obj-tup/dist/include/js/Value.h: In member function 'virtual bool js::jit::RSignExtendInt32::recover(JSContext*, js::jit::SnapshotIterator&) const':
 2:19.36 /home/gmaudoux/projets/gecko-tup/gecko-dev/obj-tup/dist/include/js/Value.h:404:51: warning: 'result' may be used uninitialized in this function [-Wmaybe-uninitialized]
 2:19.36          return fromTagAndPayload(JSVAL_TAG_INT32, uint32_t(i));
 2:19.37                                                    ^~~~~~~~~~~
 2:19.37 In file included from Unified_cpp_js_src19.cpp:47:0:
 2:19.37 /home/gmaudoux/projets/gecko-tup/gecko-dev/js/src/jit/Recover.cpp:356:13: note: 'result' was declared here
 2:19.37      int32_t result;
 2:19.37              ^~~~~~
 2:42.71   31% 21) [50.870s] obj-tup/js/src: CXX Unified_cpp_js_src18.cpp
 2:42.71 In file included from /home/gmaudoux/projets/gecko-tup/gecko-dev/js/src/jsutil.h:24:0,
 2:42.71                  from /home/gmaudoux/projets/gecko-tup/gecko-dev/js/src/ds/LifoAlloc.h:24,
 2:42.71                  from /home/gmaudoux/projets/gecko-tup/gecko-dev/js/src/jit/JitAllocPolicy.h:15,
 2:42.71                  from /home/gmaudoux/projets/gecko-tup/gecko-dev/js/src/jit/IonAnalysis.h:12,
 2:42.71                  from /home/gmaudoux/projets/gecko-tup/gecko-dev/js/src/jit/RangeAnalysis.h:13,
 2:42.71                  from /home/gmaudoux/projets/gecko-tup/gecko-dev/js/src/jit/LoopUnroller.h:10,
 2:42.71                  from /home/gmaudoux/projets/gecko-tup/gecko-dev/js/src/jit/LoopUnroller.cpp:7,
 2:42.71                  from Unified_cpp_js_src18.cpp:2:
 2:42.71 /home/gmaudoux/projets/gecko-tup/gecko-dev/obj-tup/dist/include/js/Value.h: In member function 'virtual js::jit::MDefinition* js::jit::MSignExtendInt32::foldsTo(js::jit::TempAllocator&)':
 2:42.72 /home/gmaudoux/projets/gecko-tup/gecko-dev/obj-tup/dist/include/js/Value.h:404:51: warning: 'res' may be used uninitialized in this function [-Wmaybe-uninitialized]
 2:42.72          return fromTagAndPayload(JSVAL_TAG_INT32, uint32_t(i));
 2:42.72                                                    ^~~~~~~~~~~
 2:42.72 In file included from Unified_cpp_js_src18.cpp:29:0:
 2:42.72 /home/gmaudoux/projets/gecko-tup/gecko-dev/js/src/jit/MIR.cpp:4521:17: note: 'res' was declared here
 2:42.72          int32_t res;
 2:42.72                  ^~~
 2:42.72 /home/gmaudoux/projets/gecko-tup/gecko-dev/js/src/jit/MIR.cpp: In member function 'virtual js::jit::MDefinition* js::jit::MSignExtendInt64::foldsTo(js::jit::TempAllocator&)':
 2:42.72 /home/gmaudoux/projets/gecko-tup/gecko-dev/js/src/jit/MIR.cpp:4544:46: warning: 'res' may be used uninitialized in this function [-Wmaybe-uninitialized]
 2:42.72          return MConstant::NewInt64(alloc, res);
 2:42.72                                               ^
 2:46.36   33% 22) [29.540s] obj-tup/js/src: CXX Unified_cpp_js_src20.cpp
 2:46.80   36% 23) [53.558s] obj-tup/js/src: CXX Unified_cpp_js_src2.cpp
 2:51.90   38% 24) [32.541s] obj-tup/js/src: CXX Unified_cpp_js_src21.cpp
 3:02.00   39% 25) [19.295s] obj-tup/js/src: CXX Unified_cpp_js_src22.cpp
 3:02.58   40% 26) [15.779s] obj-tup/js/src: CXX Unified_cpp_js_src24.cpp
 3:06.56   41% 27) [20.197s] obj-tup/js/src: CXX Unified_cpp_js_src23.cpp
 3:18.39   42% 28) [11.833s] obj-tup/js/src: CXX Unified_cpp_js_src28.cpp
 3:20.93   43% 29) [18.354s] obj-tup/js/src: CXX Unified_cpp_js_src27.cpp
 3:21.89   44% 30) [29.990s] obj-tup/js/src: CXX Unified_cpp_js_src25.cpp
 3:30.93   45% 31) [12.535s] obj-tup/js/src: CXX Unified_cpp_js_src29.cpp
 3:37.10   47% 32) [35.097s] obj-tup/js/src: CXX Unified_cpp_js_src26.cpp
 3:40.97   48% 33) [20.032s] obj-tup/js/src: CXX Unified_cpp_js_src3.cpp
 3:45.06   50% 34) [23.169s] obj-tup/js/src: CXX Unified_cpp_js_src30.cpp
 4:05.34   51% 35) [24.375s] obj-tup/js/src: CXX Unified_cpp_js_src33.cpp
 4:05.38   53% 36) [28.272s] obj-tup/js/src: CXX Unified_cpp_js_src32.cpp
 4:16.59   55% 37) [45.658s] obj-tup/js/src: CXX Unified_cpp_js_src31.cpp
 4:16.59 In file included from Unified_cpp_js_src31.cpp:47:0:
 4:16.59 /home/gmaudoux/projets/gecko-tup/gecko-dev/js/src/vm/Debugger.cpp: In static member function 'static bool js::DebuggerEnvironment::typeGetter(JSContext*, unsigned int, JS::Value*)':
 4:16.59 /home/gmaudoux/projets/gecko-tup/gecko-dev/js/src/vm/Debugger.cpp:10849:52: warning: 's' may be used uninitialized in this function [-Wmaybe-uninitialized]
 4:16.59      JSAtom* str = Atomize(cx, s, strlen(s), PinAtom);
 4:16.59                                                     ^
 4:20.49   57% 38) [35.425s] obj-tup/js/src: CXX Unified_cpp_js_src34.cpp
 4:20.49 In file included from /home/gmaudoux/projets/gecko-tup/gecko-dev/js/src/vm/JSCompartment.h:13:0,
 4:20.49                  from /home/gmaudoux/projets/gecko-tup/gecko-dev/js/src/vm/JSCompartment-inl.h:10,
 4:20.49                  from /home/gmaudoux/projets/gecko-tup/gecko-dev/js/src/vm/JSCompartment.cpp:7,
 4:20.49                  from Unified_cpp_js_src34.cpp:2:
 4:20.49 /home/gmaudoux/projets/gecko-tup/gecko-dev/obj-tup/dist/include/mozilla/Tuple.h: In member function 'void js::WrapperMap::sweep()':
 4:20.49 /home/gmaudoux/projets/gecko-tup/gecko-dev/obj-tup/dist/include/mozilla/Tuple.h:152:41: warning: 't.mozilla::detail::TupleImpl<0, js::NativeObject*, JSObject*, js::CrossCompartmentKey::DebuggerObjectKind>::mHead' may be used uninitialized in this function [-Wmaybe-uninitialized]
 4:20.49      , mHead(Forward<HeadT>(Head(aOther))) {}
 4:20.49                                          ^
 4:20.49 In file included from /home/gmaudoux/projets/gecko-tup/gecko-dev/obj-tup/dist/include/js/TracingAPI.h:11:0,
 4:20.49                  from /home/gmaudoux/projets/gecko-tup/gecko-dev/obj-tup/dist/include/js/GCPolicyAPI.h:47,
 4:20.49                  from /home/gmaudoux/projets/gecko-tup/gecko-dev/obj-tup/dist/include/js/RootingAPI.h:22,
 4:20.49                  from /home/gmaudoux/projets/gecko-tup/gecko-dev/obj-tup/dist/include/js/CallArgs.h:73,
 4:20.49                  from /home/gmaudoux/projets/gecko-tup/gecko-dev/obj-tup/dist/include/js/CallNonGenericMethod.h:12,
 4:20.49                  from /home/gmaudoux/projets/gecko-tup/gecko-dev/js/src/NamespaceImports.h:15,
 4:20.49                  from /home/gmaudoux/projets/gecko-tup/gecko-dev/js/src/gc/Barrier.h:10,
 4:20.49                  from /home/gmaudoux/projets/gecko-tup/gecko-dev/js/src/vm/JSCompartment.h:19,
 4:20.49                  from /home/gmaudoux/projets/gecko-tup/gecko-dev/js/src/vm/JSCompartment-inl.h:10,
 4:20.49                  from /home/gmaudoux/projets/gecko-tup/gecko-dev/js/src/vm/JSCompartment.cpp:7,
 4:20.49                  from Unified_cpp_js_src34.cpp:2:
 4:20.49 /home/gmaudoux/projets/gecko-tup/gecko-dev/obj-tup/dist/include/js/HashTable.h:1893:47: note: 't.mozilla::detail::TupleImpl<0, js::NativeObject*, JSObject*, js::CrossCompartmentKey::DebuggerObjectKind>::mHead' was declared here
 4:20.49          typename HashTableEntry<T>::NonConstT t(mozilla::Move(*p));
 4:20.49                                                ^
 4:20.49 In file included from /home/gmaudoux/projets/gecko-tup/gecko-dev/js/src/vm/JSCompartment.h:13:0,
 4:20.49                  from /home/gmaudoux/projets/gecko-tup/gecko-dev/js/src/vm/JSCompartment-inl.h:10,
 4:20.49                  from /home/gmaudoux/projets/gecko-tup/gecko-dev/js/src/vm/JSCompartment.cpp:7,
 4:20.49                  from Unified_cpp_js_src34.cpp:2:
 4:20.49 /home/gmaudoux/projets/gecko-tup/gecko-dev/obj-tup/dist/include/mozilla/Tuple.h:152:41: warning: 't.mozilla::detail::TupleImpl<1, JSObject*, js::CrossCompartmentKey::DebuggerObjectKind>::mHead' may be used uninitialized in this function [-Wmaybe-uninitialized]
 4:20.49      , mHead(Forward<HeadT>(Head(aOther))) {}
 4:20.49                                          ^
 4:20.49 In file included from /home/gmaudoux/projets/gecko-tup/gecko-dev/obj-tup/dist/include/js/TracingAPI.h:11:0,
 4:20.49                  from /home/gmaudoux/projets/gecko-tup/gecko-dev/obj-tup/dist/include/js/GCPolicyAPI.h:47,
 4:20.49                  from /home/gmaudoux/projets/gecko-tup/gecko-dev/obj-tup/dist/include/js/RootingAPI.h:22,
 4:20.49                  from /home/gmaudoux/projets/gecko-tup/gecko-dev/obj-tup/dist/include/js/CallArgs.h:73,
 4:20.49                  from /home/gmaudoux/projets/gecko-tup/gecko-dev/obj-tup/dist/include/js/CallNonGenericMethod.h:12,
 4:20.49                  from /home/gmaudoux/projets/gecko-tup/gecko-dev/js/src/NamespaceImports.h:15,
 4:20.49                  from /home/gmaudoux/projets/gecko-tup/gecko-dev/js/src/gc/Barrier.h:10,
 4:20.49                  from /home/gmaudoux/projets/gecko-tup/gecko-dev/js/src/vm/JSCompartment.h:19,
 4:20.49                  from /home/gmaudoux/projets/gecko-tup/gecko-dev/js/src/vm/JSCompartment-inl.h:10,
 4:20.49                  from /home/gmaudoux/projets/gecko-tup/gecko-dev/js/src/vm/JSCompartment.cpp:7,
 4:20.49                  from Unified_cpp_js_src34.cpp:2:
 4:20.49 /home/gmaudoux/projets/gecko-tup/gecko-dev/obj-tup/dist/include/js/HashTable.h:1893:47: note: 't.mozilla::detail::TupleImpl<1, JSObject*, js::CrossCompartmentKey::DebuggerObjectKind>::mHead' was declared here
 4:20.49          typename HashTableEntry<T>::NonConstT t(mozilla::Move(*p));
 4:20.49                                                ^
 4:20.95   58% 39) [15.571s] obj-tup/js/src: CXX Unified_cpp_js_src36.cpp
 4:48.43   61% 40) [43.094s] obj-tup/js/src: CXX Unified_cpp_js_src35.cpp
 4:50.56   62% 41) [30.073s] obj-tup/js/src: CXX Unified_cpp_js_src38.cpp
 4:54.69   64% 42) [38.103s] obj-tup/js/src: CXX Unified_cpp_js_src37.cpp
 5:03.06   67% 43) [42.111s] obj-tup/js/src: CXX Unified_cpp_js_src39.cpp
 5:05.08   68% 44) [16.642s] obj-tup/js/src: CXX Unified_cpp_js_src4.cpp
 5:22.85   69% 45) [28.164s] obj-tup/js/src: CXX Unified_cpp_js_src41.cpp
 5:22.85 In file included from /home/gmaudoux/projets/gecko-tup/gecko-dev/js/src/wasm/WasmBinaryToAST.h:24:0,
 5:22.85                  from /home/gmaudoux/projets/gecko-tup/gecko-dev/js/src/wasm/WasmBinaryToAST.cpp:19,
 5:22.85                  from Unified_cpp_js_src41.cpp:2:
 5:22.85 /home/gmaudoux/projets/gecko-tup/gecko-dev/js/src/wasm/WasmAST.h: In function 'bool AstDecodeExpr(AstDecodeContext&)':
 5:22.85 /home/gmaudoux/projets/gecko-tup/gecko-dev/js/src/wasm/WasmAST.h:232:32: warning: 'type' may be used uninitialized in this function [-Wmaybe-uninitialized]
 5:22.85        : kind_(kind), type_(type)
 5:22.85                                 ^
 5:22.85 In file included from Unified_cpp_js_src41.cpp:2:0:
 5:22.85 /home/gmaudoux/projets/gecko-tup/gecko-dev/js/src/wasm/WasmBinaryToAST.cpp:826:14: note: 'type' was declared here
 5:22.85      ExprType type;
 5:22.85               ^~~~
 5:22.86 /home/gmaudoux/projets/gecko-tup/gecko-dev/js/src/wasm/WasmBinaryToAST.cpp:55:18: warning: 'type' may be used uninitialized in this function [-Wmaybe-uninitialized]
 5:22.86          type(type)
 5:22.86                   ^
 5:22.86 /home/gmaudoux/projets/gecko-tup/gecko-dev/js/src/wasm/WasmBinaryToAST.cpp:570:14: note: 'type' was declared here
 5:22.86      ExprType type;
 5:22.86               ^~~~
 5:22.86 /home/gmaudoux/projets/gecko-tup/gecko-dev/js/src/wasm/WasmBinaryToAST.cpp:55:18: warning: 'type' may be used uninitialized in this function [-Wmaybe-uninitialized]
 5:22.86          type(type)
 5:22.86                   ^
 5:22.86 /home/gmaudoux/projets/gecko-tup/gecko-dev/js/src/wasm/WasmBinaryToAST.cpp:585:14: note: 'type' was declared here
 5:22.86      ExprType type;
 5:22.86               ^~~~
 5:22.86 In file included from /home/gmaudoux/projets/gecko-tup/gecko-dev/js/src/wasm/WasmBinaryToAST.cpp:26:0,
 5:22.86                  from Unified_cpp_js_src41.cpp:2:
 5:22.86 /home/gmaudoux/projets/gecko-tup/gecko-dev/js/src/wasm/WasmOpIter.h:135:62: warning: 'trueType' may be used uninitialized in this function [-Wmaybe-uninitialized]
 5:22.86      if (gcTypesEnabled == HasGcTypes::True && IsRefType(one) && IsRefType(two)) {
 5:22.86          ~~~~~~~~~~~~~~~~~~~~~~~~~~~~~~~~~~~~~~~~~~~~~~~~~~~~~^~~~~~~~~~~~~~~~~
 5:22.86 /home/gmaudoux/projets/gecko-tup/gecko-dev/js/src/wasm/WasmOpIter.h:1453:15: note: 'trueType' was declared here
 5:22.86      StackType trueType;
 5:22.86                ^~~~~~~~
 5:22.86 /home/gmaudoux/projets/gecko-tup/gecko-dev/js/src/wasm/WasmOpIter.h:135:44: warning: 'falseType' may be used uninitialized in this function [-Wmaybe-uninitialized]
 5:22.86      if (gcTypesEnabled == HasGcTypes::True && IsRefType(one) && IsRefType(two)) {
 5:22.86          ~~~~~~~~~~~~~~~~~~~~~~~~~~~~~~~~~~~^~~~~~~~~~~~~~~~~
 5:22.86 /home/gmaudoux/projets/gecko-tup/gecko-dev/js/src/wasm/WasmOpIter.h:1449:15: note: 'falseType' was declared here
 5:22.86      StackType falseType;
 5:22.86                ^~~~~~~~~
 5:22.86 In file included from /home/gmaudoux/projets/gecko-tup/gecko-dev/obj-tup/dist/include/js/GCAPI.h:15:0,
 5:22.87                  from /home/gmaudoux/projets/gecko-tup/gecko-dev/obj-tup/dist/include/js/Value.h:24,
 5:22.87                  from /home/gmaudoux/projets/gecko-tup/gecko-dev/js/src/jsutil.h:24,
 5:22.87                  from /home/gmaudoux/projets/gecko-tup/gecko-dev/js/src/ds/LifoAlloc.h:24,
 5:22.87                  from /home/gmaudoux/projets/gecko-tup/gecko-dev/js/src/wasm/WasmBinaryToAST.h:22,
 5:22.87                  from /home/gmaudoux/projets/gecko-tup/gecko-dev/js/src/wasm/WasmBinaryToAST.cpp:19,
 5:22.87                  from Unified_cpp_js_src41.cpp:2:
 5:22.87 /home/gmaudoux/projets/gecko-tup/gecko-dev/obj-tup/dist/include/mozilla/Vector.h: In function 'bool js::wasm::BinaryToAst(JSContext*, const uint8_t*, uint32_t, js::LifoAlloc&, js::wasm::AstModule**)':
 5:22.87 /home/gmaudoux/projets/gecko-tup/gecko-dev/obj-tup/dist/include/mozilla/Vector.h:172:5: warning: 'func' may be used uninitialized in this function [-Wmaybe-uninitialized]
 5:22.87      *aDst = temp;
 5:22.87      ^
 5:22.87 In file included from Unified_cpp_js_src41.cpp:2:0:
 5:22.87 /home/gmaudoux/projets/gecko-tup/gecko-dev/js/src/wasm/WasmBinaryToAST.cpp:2225:18: note: 'func' was declared here
 5:22.87          AstFunc* func;
 5:22.87                   ^~~~
 5:22.87 /home/gmaudoux/projets/gecko-tup/gecko-dev/js/src/wasm/WasmBinaryToAST.cpp:2130:64: warning: 'index' may be used uninitialized in this function [-Wmaybe-uninitialized]
 5:22.87          AstExport* e = new(c.lifo) AstExport(name, exp.kind(), AstRef(index));
 5:22.87                                                                 ^~~~~~~~~~~~~
 5:22.87 /home/gmaudoux/projets/gecko-tup/gecko-dev/js/src/wasm/WasmBinaryToAST.cpp:2118:16: note: 'index' was declared here
 5:22.87          size_t index;
 5:22.87                 ^~~~~
 5:29.32   71% 46) [24.241s] obj-tup/js/src: CXX Unified_cpp_js_src43.cpp
 5:38.40   73% 47) [47.832s] obj-tup/js/src: CXX Unified_cpp_js_src40.cpp
 5:38.40 In file included from Unified_cpp_js_src40.cpp:38:0:
 5:38.40 /home/gmaudoux/projets/gecko-tup/gecko-dev/js/src/wasm/AsmJS.cpp: In member function 'bool ModuleValidator::declareFuncPtrTable(js::wasm::Sig&&, js::PropertyName*, uint32_t, uint32_t, uint32_t*)':
 5:38.40 /home/gmaudoux/projets/gecko-tup/gecko-dev/js/src/wasm/AsmJS.cpp:2261:43: warning: 'sigIndex' may be used uninitialized in this function [-Wmaybe-uninitialized]
 5:38.40          env_.asmJSSigToTableIndex[sigIndex] = env_.tables.length();
 5:38.40                                            ^
 5:38.40 In file included from Unified_cpp_js_src40.cpp:47:0:
 5:38.41 /home/gmaudoux/projets/gecko-tup/gecko-dev/js/src/wasm/WasmBaselineCompile.cpp: In member function 'void js::wasm::BaseCompiler::emitQuotientI32()':
 5:38.41 /home/gmaudoux/projets/gecko-tup/gecko-dev/js/src/wasm/WasmBaselineCompile.cpp:6077:22: warning: 'c' may be used uninitialized in this function [-Wmaybe-uninitialized]
 5:38.41          if (!isConst || c == -1)
 5:38.41              ~~~~~~~~~^~~~~~~~~~
 5:38.41 /home/gmaudoux/projets/gecko-tup/gecko-dev/js/src/wasm/WasmBaselineCompile.cpp: In member function 'void js::wasm::BaseCompiler::emitRemainderI32()':
 5:38.41 /home/gmaudoux/projets/gecko-tup/gecko-dev/js/src/wasm/WasmBaselineCompile.cpp:6145:22: warning: 'c' may be used uninitialized in this function [-Wmaybe-uninitialized]
 5:38.41          if (!isConst || c == -1)
 5:38.41              ~~~~~~~~~^~~~~~~~~~
 5:38.41 /home/gmaudoux/projets/gecko-tup/gecko-dev/js/src/wasm/WasmBaselineCompile.cpp: In member function 'bool js::wasm::BaseCompiler::emitElse()':
 5:38.42 /home/gmaudoux/projets/gecko-tup/gecko-dev/js/src/wasm/WasmBaselineCompile.cpp:7454:33: warning: 'thenType' may be used uninitialized in this function [-Wmaybe-uninitialized]
 5:38.42          r = popJoinRegUnlessVoid(thenType);
 5:38.42              ~~~~~~~~~~~~~~~~~~~~^~~~~~~~~~
 5:38.42 /home/gmaudoux/projets/gecko-tup/gecko-dev/js/src/wasm/WasmBaselineCompile.cpp: In member function 'bool js::wasm::BaseCompiler::emitEnd()':
 5:38.42 /home/gmaudoux/projets/gecko-tup/gecko-dev/js/src/wasm/WasmBaselineCompile.cpp:7527:5: warning: 'kind' may be used uninitialized in this function [-Wmaybe-uninitialized]
 5:38.42      switch (kind) {
 5:38.42      ^~~~~~
 5:38.42 /home/gmaudoux/projets/gecko-tup/gecko-dev/js/src/wasm/WasmBaselineCompile.cpp:7528:38: warning: 'type' may be used uninitialized in this function [-Wmaybe-uninitialized]
 5:38.42        case LabelKind::Block: endBlock(type); break;
 5:38.42                               ~~~~~~~~^~~~~~
 5:38.42 /home/gmaudoux/projets/gecko-tup/gecko-dev/js/src/wasm/WasmBaselineCompile.cpp: In member function 'bool js::wasm::BaseCompiler::emitBr()':
 5:38.43 /home/gmaudoux/projets/gecko-tup/gecko-dev/js/src/wasm/WasmBaselineCompile.cpp:7557:48: warning: 'type' may be used uninitialized in this function [-Wmaybe-uninitialized]
 5:38.43      Maybe<AnyReg> r = popJoinRegUnlessVoid(type);
 5:38.43                                                 ^
 5:38.43 /home/gmaudoux/projets/gecko-tup/gecko-dev/js/src/wasm/WasmBaselineCompile.cpp: In member function 'bool js::wasm::BaseCompiler::emitBrIf()':
 5:38.43 /home/gmaudoux/projets/gecko-tup/gecko-dev/js/src/wasm/WasmBaselineCompile.cpp:5644:34: warning: 'type' may be used uninitialized in this function [-Wmaybe-uninitialized]
 5:38.43              resultType(resultType)
 5:38.43                                   ^
 5:38.43 /home/gmaudoux/projets/gecko-tup/gecko-dev/js/src/wasm/WasmBaselineCompile.cpp:7576:14: note: 'type' was declared here
 5:38.43      ExprType type;
 5:38.43               ^~~~
 5:38.43 /home/gmaudoux/projets/gecko-tup/gecko-dev/js/src/wasm/WasmBaselineCompile.cpp: In member function 'bool js::wasm::BaseCompiler::emitSelect()':
 5:38.44 /home/gmaudoux/projets/gecko-tup/gecko-dev/js/src/wasm/WasmBaselineCompile.cpp:8635:5: warning: 'type' may be used uninitialized in this function [-Wmaybe-uninitialized]
 5:38.44      switch (NonAnyToValType(type)) {
 5:38.44      ^~~~~~
 5:38.44 In file included from /home/gmaudoux/projets/gecko-tup/gecko-dev/js/src/wasm/WasmBaselineCompile.cpp:139:0,
 5:38.44                  from Unified_cpp_js_src40.cpp:47:
 5:38.44 /home/gmaudoux/projets/gecko-tup/gecko-dev/js/src/wasm/WasmOpIter.h:120:5: warning: 'trueType' may be used uninitialized in this function [-Wmaybe-uninitialized]
 5:38.44      if (MOZ_LIKELY(one == two)) {
 5:38.44      ^~
 5:38.44 /home/gmaudoux/projets/gecko-tup/gecko-dev/js/src/wasm/WasmOpIter.h:1453:15: note: 'trueType' was declared here
 5:38.44      StackType trueType;
 5:38.44                ^~~~~~~~
 5:38.44 /home/gmaudoux/projets/gecko-tup/gecko-dev/js/src/wasm/WasmOpIter.h:120:5: warning: 'falseType' may be used uninitialized in this function [-Wmaybe-uninitialized]
 5:38.44      if (MOZ_LIKELY(one == two)) {
 5:38.44      ^~
 5:38.44 /home/gmaudoux/projets/gecko-tup/gecko-dev/js/src/wasm/WasmOpIter.h:1449:15: note: 'falseType' was declared here
 5:38.44      StackType falseType;
 5:38.44                ^~~~~~~~~
 5:48.66   76% 48) [45.599s] obj-tup/js/src: CXX Unified_cpp_js_src42.cpp
 5:48.66 In file included from Unified_cpp_js_src42.cpp:38:0:
 5:48.66 /home/gmaudoux/projets/gecko-tup/gecko-dev/js/src/wasm/WasmIonCompile.cpp: In function 'bool EmitSimdOp({anonymous}::FunctionCompiler&, js::wasm::ValType, js::SimdOperation, js::SimdSign)':
 5:48.66 /home/gmaudoux/projets/gecko-tup/gecko-dev/js/src/wasm/WasmIonCompile.cpp:3026:23: warning: 'lane' may be used uninitialized in this function [-Wmaybe-uninitialized]
 5:48.66      f.iter().setResult(f.insertElementSimd(vector, scalar, lane, ToMIRType(simdType)));
 5:48.66      ~~~~~~~~~~~~~~~~~~^~~~~~~~~~~~~~~~~~~~~~~~~~~~~~~~~~~~~~~~~~~~~~~~~~~~~~~~~~~~~~~~
 5:48.66 /home/gmaudoux/projets/gecko-tup/gecko-dev/js/src/wasm/WasmIonCompile.cpp:3020:13: note: 'lane' was declared here
 5:48.66      uint8_t lane;
 5:48.66              ^~~~
 5:48.66 /home/gmaudoux/projets/gecko-tup/gecko-dev/js/src/wasm/WasmIonCompile.cpp:3000:23: warning: 'lane' may be used uninitialized in this function [-Wmaybe-uninitialized]
 5:48.66      f.iter().setResult(f.extractSimdElement(lane, vector,
 5:48.66      ~~~~~~~~~~~~~~~~~~^~~~~~~~~~~~~~~~~~~~~~~~~~~~~~~~~~~
 5:48.66                                              ToMIRType(SimdToLaneType(operandType)), sign));
 5:48.66                                              ~~~~~~~~~~~~~~~~~~~~~~~~~~~~~~~~~~~~~~~~~~~~~~
 5:48.66 /home/gmaudoux/projets/gecko-tup/gecko-dev/js/src/wasm/WasmIonCompile.cpp:2995:13: note: 'lane' was declared here
 5:48.66      uint8_t lane;
 5:48.66              ^~~~
 5:48.66 /home/gmaudoux/projets/gecko-tup/gecko-dev/js/src/wasm/WasmIonCompile.cpp: In function 'bool js::wasm::IonCompileFunctions(const js::wasm::ModuleEnvironment&, js::LifoAlloc&, const FuncCompileInputVector&, js::wasm::CompiledCode*, JS::UniqueChars*)':
 5:48.67 /home/gmaudoux/projets/gecko-tup/gecko-dev/js/src/wasm/WasmIonCompile.cpp:2836:78: warning: 'op' may be used uninitialized in this function [-Wmaybe-uninitialized]
 5:48.67      auto* ins = f.atomicBinopHeap(op, addr.base, &access, ValType::I32, value);
 5:48.67                                                                               ^
 5:48.67 /home/gmaudoux/projets/gecko-tup/gecko-dev/js/src/wasm/WasmIonCompile.cpp:2828:14: note: 'op' was declared here
 5:48.67      AtomicOp op;
 5:48.67               ^~
 5:48.67 In file included from /home/gmaudoux/projets/gecko-tup/gecko-dev/js/src/wasm/WasmIonCompile.cpp:27:0,
 5:48.67                  from Unified_cpp_js_src42.cpp:38:
 5:48.67 /home/gmaudoux/projets/gecko-tup/gecko-dev/js/src/wasm/WasmOpIter.h:135:44: warning: 'falseType' may be used uninitialized in this function [-Wmaybe-uninitialized]
 5:48.67      if (gcTypesEnabled == HasGcTypes::True && IsRefType(one) && IsRefType(two)) {
 5:48.67          ~~~~~~~~~~~~~~~~~~~~~~~~~~~~~~~~~~~^~~~~~~~~~~~~~~~~
 5:48.67 /home/gmaudoux/projets/gecko-tup/gecko-dev/js/src/wasm/WasmOpIter.h:1449:15: note: 'falseType' was declared here
 5:48.67      StackType falseType;
 5:48.67                ^~~~~~~~~
 5:48.67 In file included from /home/gmaudoux/projets/gecko-tup/gecko-dev/js/src/jit/JitAllocPolicy.h:16:0,
 5:48.67                  from /home/gmaudoux/projets/gecko-tup/gecko-dev/js/src/jit/BitSet.h:12,
 5:48.67                  from /home/gmaudoux/projets/gecko-tup/gecko-dev/js/src/jit/Safepoints.h:10,
 5:48.67                  from /home/gmaudoux/projets/gecko-tup/gecko-dev/js/src/jit/JitFrames.h:13,
 5:48.67                  from /home/gmaudoux/projets/gecko-tup/gecko-dev/js/src/jit/x64/MacroAssembler-x64.h:10,
 5:48.67                  from /home/gmaudoux/projets/gecko-tup/gecko-dev/js/src/jit/MacroAssembler.h:19,
 5:48.67                  from /home/gmaudoux/projets/gecko-tup/gecko-dev/js/src/wasm/WasmDebug.cpp:26,
 5:48.67                  from Unified_cpp_js_src42.cpp:2:
 5:48.67 /home/gmaudoux/projets/gecko-tup/gecko-dev/js/src/jit/InlineList.h:352:9: warning: 'falseValue' may be used uninitialized in this function [-Wmaybe-uninitialized]
 5:48.67          at->next = item;
 5:48.67          ^~
 5:48.67 In file included from Unified_cpp_js_src42.cpp:38:0:
 5:48.67 /home/gmaudoux/projets/gecko-tup/gecko-dev/js/src/wasm/WasmIonCompile.cpp:2633:18: note: 'falseValue' was declared here
 5:48.67      MDefinition* falseValue;
 5:48.67                   ^~~~~~~~~~
 5:48.68 /home/gmaudoux/projets/gecko-tup/gecko-dev/js/src/wasm/WasmIonCompile.cpp:2074:5: warning: 'type' may be used uninitialized in this function [-Wmaybe-uninitialized]
 5:48.68      if (IsVoid(type)) {
 5:48.68      ^~
 5:48.68 /home/gmaudoux/projets/gecko-tup/gecko-dev/js/src/wasm/WasmIonCompile.cpp:2069:14: note: 'type' was declared here
 5:48.68      ExprType type;
 5:48.68               ^~~~
 5:48.68 /home/gmaudoux/projets/gecko-tup/gecko-dev/js/src/wasm/WasmIonCompile.cpp:2007:5: warning: 'thenType' may be used uninitialized in this function [-Wmaybe-uninitialized]
 5:48.68      if (!IsVoid(thenType))
 5:48.68      ^~
 5:48.68 /home/gmaudoux/projets/gecko-tup/gecko-dev/js/src/wasm/WasmIonCompile.cpp:2002:14: note: 'thenType' was declared here
 5:48.68      ExprType thenType;
 5:48.68               ^~~~~~~~
 5:48.68 /home/gmaudoux/projets/gecko-tup/gecko-dev/js/src/wasm/WasmIonCompile.cpp:2033:5: warning: 'kind' may be used uninitialized in this function [-Wmaybe-uninitialized]
 5:48.68      switch (kind) {
 5:48.68      ^~~~~~
 5:48.68 /home/gmaudoux/projets/gecko-tup/gecko-dev/js/src/wasm/WasmIonCompile.cpp:2019:15: note: 'kind' was declared here
 5:48.68      LabelKind kind;
 5:48.68                ^~~~
 5:48.68 /home/gmaudoux/projets/gecko-tup/gecko-dev/js/src/wasm/WasmIonCompile.cpp:2029:5: warning: 'type' may be used uninitialized in this function [-Wmaybe-uninitialized]
 5:48.69      if (!IsVoid(type))
 5:48.69      ^~
 5:48.69 /home/gmaudoux/projets/gecko-tup/gecko-dev/js/src/wasm/WasmIonCompile.cpp:2020:14: note: 'type' was declared here
 5:48.69      ExprType type;
 5:48.69               ^~~~
 5:55.73   78% 49) [32.879s] obj-tup/js/src: CXX Unified_cpp_js_src5.cpp
 6:01.71   79% 50) [23.309s] obj-tup/js/src: CXX Unified_cpp_js_src7.cpp
 6:09.32   82% 51) [39.998s] obj-tup/js/src: CXX Unified_cpp_js_src6.cpp
 6:09.32 In file included from /home/gmaudoux/projets/gecko-tup/gecko-dev/obj-tup/dist/include/js/TracingAPI.h:11:0,
 6:09.32                  from /home/gmaudoux/projets/gecko-tup/gecko-dev/obj-tup/dist/include/js/GCPolicyAPI.h:47,
 6:09.32                  from /home/gmaudoux/projets/gecko-tup/gecko-dev/obj-tup/dist/include/js/RootingAPI.h:22,
 6:09.33                  from /home/gmaudoux/projets/gecko-tup/gecko-dev/obj-tup/dist/include/js/CallArgs.h:73,
 6:09.33                  from /home/gmaudoux/projets/gecko-tup/gecko-dev/js/src/jsapi.h:29,
 6:09.33                  from /home/gmaudoux/projets/gecko-tup/gecko-dev/js/src/builtin/ModuleObject.h:12,
 6:09.33                  from /home/gmaudoux/projets/gecko-tup/gecko-dev/js/src/frontend/ParseNode.h:12,
 6:09.33                  from /home/gmaudoux/projets/gecko-tup/gecko-dev/js/src/frontend/ParseNode-inl.h:10,
 6:09.33                  from /home/gmaudoux/projets/gecko-tup/gecko-dev/js/src/frontend/ParseNode.cpp:7,
 6:09.33                  from Unified_cpp_js_src6.cpp:2:
 6:09.33 /home/gmaudoux/projets/gecko-tup/gecko-dev/obj-tup/dist/include/js/HashTable.h: In member function 'void js::gc::GCRuntime::beginSweepPhase(JS::gcreason::Reason, js::gc::AutoTraceSession&)':
 6:09.33 /home/gmaudoux/projets/gecko-tup/gecko-dev/obj-tup/dist/include/js/HashTable.h:1127:17: warning: 'e.js::detail::HashTable<js::HashMapEntry<JSCompartment*, js::NurseryAwareHashMap<js::CrossCompartmentKey, JS::Value, js::CrossCompartmentKey::Hasher, js::SystemAllocPolicy> >, js::HashMap<JSCompartment*, js::NurseryAwareHashMap<js::CrossCompartmentKey, JS::Value, js::CrossCompartmentKey::Hasher, js::SystemAllocPolicy>, js::DefaultHasher<JSCompartment*>, js::SystemAllocPolicy>::MapHashPolicy, js::SystemAllocPolicy>::Enum::rekeyed' may be used uninitialized in this function [-Wmaybe-uninitialized]
 6:09.33              if (rekeyed) {
 6:09.33                  ^~~~~~~
 6:09.33 /home/gmaudoux/projets/gecko-tup/gecko-dev/obj-tup/dist/include/js/HashTable.h:1128:17: warning: 'e.js::detail::HashTable<js::HashMapEntry<JSCompartment*, js::NurseryAwareHashMap<js::CrossCompartmentKey, JS::Value, js::CrossCompartmentKey::Hasher, js::SystemAllocPolicy> >, js::HashMap<JSCompartment*, js::NurseryAwareHashMap<js::CrossCompartmentKey, JS::Value, js::CrossCompartmentKey::Hasher, js::SystemAllocPolicy>, js::DefaultHasher<JSCompartment*>, js::SystemAllocPolicy>::MapHashPolicy, js::SystemAllocPolicy>::Enum::table_' may be used uninitialized in this function [-Wmaybe-uninitialized]
 6:09.33                  table_.gen++;
 6:09.33                  ^~~~~~
 6:09.33 /home/gmaudoux/projets/gecko-tup/gecko-dev/obj-tup/dist/include/js/HashTable.h:1132:17: warning: 'e.js::detail::HashTable<js::HashMapEntry<JSCompartment*, js::NurseryAwareHashMap<js::CrossCompartmentKey, JS::Value, js::CrossCompartmentKey::Hasher, js::SystemAllocPolicy> >, js::HashMap<JSCompartment*, js::NurseryAwareHashMap<js::CrossCompartmentKey, JS::Value, js::CrossCompartmentKey::Hasher, js::SystemAllocPolicy>, js::DefaultHasher<JSCompartment*>, js::SystemAllocPolicy>::MapHashPolicy, js::SystemAllocPolicy>::Enum::removed' may be used uninitialized in this function [-Wmaybe-uninitialized]
 6:09.33              if (removed)
 6:09.33                  ^~~~~~~
 6:09.33 /home/gmaudoux/projets/gecko-tup/gecko-dev/obj-tup/dist/include/js/HashTable.h:1133:17: warning: 'e.js::detail::HashTable<js::HashMapEntry<JSCompartment*, js::NurseryAwareHashMap<js::CrossCompartmentKey, JS::Value, js::CrossCompartmentKey::Hasher, js::SystemAllocPolicy> >, js::HashMap<JSCompartment*, js::NurseryAwareHashMap<js::CrossCompartmentKey, JS::Value, js::CrossCompartmentKey::Hasher, js::SystemAllocPolicy>, js::DefaultHasher<JSCompartment*>, js::SystemAllocPolicy>::MapHashPolicy, js::SystemAllocPolicy>::Enum::table_' may be used uninitialized in this function [-Wmaybe-uninitialized]
 6:09.34                  table_.compactIfUnderloaded();
 6:09.34                  ^~~~~~
 6:09.88   83% 52) [21.224s] obj-tup/js/src: CXX Unified_cpp_js_src8.cpp
 6:16.31   84% 53) [20.573s] obj-tup/js/src: CXX Unified_cpp_js_src9.cpp
 6:28.22   85% 54) [11.915s] obj-tup/js/src: CXX /home/gmaudoux/projets/gecko-tup/gecko-dev/js/src/frontend/BinSource.cpp
 6:30.24   86% 55) [28.535s] obj-tup/js/src/shell: CXX Unified_cpp_js_src_shell0.cpp
 6:31.73   88% 56) [22.405s] obj-tup/js/src: CXX /home/gmaudoux/projets/gecko-tup/gecko-dev/js/src/builtin/Array.cpp
 6:35.81   89% 57) [25.926s] obj-tup/js/src: CXX /home/gmaudoux/projets/gecko-tup/gecko-dev/js/src/frontend/BinSource-auto.cpp
 6:35.82 /home/gmaudoux/projets/gecko-tup/gecko-dev/js/src/frontend/BinSource-auto.cpp: In member function 'JS::Result<js::frontend::ParseNode*> js::frontend::BinASTParser<Tok>::parseInterfaceBinaryExpression(size_t, js::frontend::BinKind, const BinFields&) [with Tok = js::frontend::BinTokenReaderTester]':
 6:35.82 /home/gmaudoux/projets/gecko-tup/gecko-dev/js/src/frontend/BinSource-auto.cpp:3523:27: warning: 'pnk' may be used uninitialized in this function [-Wmaybe-uninitialized]
 6:35.82      if (left->isKind(pnk) &&
 6:35.82 In file included from /home/gmaudoux/projets/gecko-tup/gecko-dev/js/src/frontend/FullParseHandler.h:15:0,
 6:35.82                  from /home/gmaudoux/projets/gecko-tup/gecko-dev/js/src/frontend/BCEParserHandle.h:11,
 6:35.82                  from /home/gmaudoux/projets/gecko-tup/gecko-dev/js/src/frontend/BinSource.h:19,
 6:35.82                  from /home/gmaudoux/projets/gecko-tup/gecko-dev/js/src/frontend/BinSource-auto.cpp:20:
 6:35.82 /home/gmaudoux/projets/gecko-tup/gecko-dev/js/src/frontend/ParseNode.h: In member function 'JS::Result<js::frontend::ParseNode*> js::frontend::BinASTParser<Tok>::parseInterfaceUnaryExpression(size_t, js::frontend::BinKind, const BinFields&) [with Tok = js::frontend::BinTokenReaderTester]':
 6:35.82 /home/gmaudoux/projets/gecko-tup/gecko-dev/js/src/frontend/ParseNode.h:493:24: warning: 'pnk' may be used uninitialized in this function [-Wmaybe-uninitialized]
 6:35.82          pn_next(nullptr)
 6:35.82                         ^
 6:35.82 /home/gmaudoux/projets/gecko-tup/gecko-dev/js/src/frontend/BinSource-auto.cpp:7355:19: note: 'pnk' was declared here
 6:35.82      ParseNodeKind pnk;
 6:35.82                    ^~~
 6:35.82 In file included from /home/gmaudoux/projets/gecko-tup/gecko-dev/js/src/frontend/FullParseHandler.h:15:0,
 6:35.82                  from /home/gmaudoux/projets/gecko-tup/gecko-dev/js/src/frontend/BCEParserHandle.h:11,
 6:35.82                  from /home/gmaudoux/projets/gecko-tup/gecko-dev/js/src/frontend/BinSource.h:19,
 6:35.82                  from /home/gmaudoux/projets/gecko-tup/gecko-dev/js/src/frontend/BinSource-auto.cpp:20:
 6:35.82 /home/gmaudoux/projets/gecko-tup/gecko-dev/js/src/frontend/ParseNode.h: In member function 'JS::Result<js::frontend::ParseNode*> js::frontend::BinASTParser<Tok>::parseInterfaceUpdateExpression(size_t, js::frontend::BinKind, const BinFields&) [with Tok = js::frontend::BinTokenReaderTester]':
 6:35.83 /home/gmaudoux/projets/gecko-tup/gecko-dev/js/src/frontend/ParseNode.h:493:24: warning: 'pnk' may be used uninitialized in this function [-Wmaybe-uninitialized]
 6:35.83          pn_next(nullptr)
 6:35.83                         ^
 6:35.83 /home/gmaudoux/projets/gecko-tup/gecko-dev/js/src/frontend/BinSource-auto.cpp:7453:19: note: 'pnk' was declared here
 6:35.83      ParseNodeKind pnk;
 6:35.83                    ^~~
 6:35.83 In file included from /home/gmaudoux/projets/gecko-tup/gecko-dev/js/src/frontend/BCEParserHandle.h:11:0,
 6:35.83                  from /home/gmaudoux/projets/gecko-tup/gecko-dev/js/src/frontend/BinSource.h:19,
 6:35.83                  from /home/gmaudoux/projets/gecko-tup/gecko-dev/js/src/frontend/BinSource-auto.cpp:20:
 6:35.83 /home/gmaudoux/projets/gecko-tup/gecko-dev/js/src/frontend/FullParseHandler.h: In member function 'JS::Result<js::frontend::ParseNode*> js::frontend::BinASTParser<Tok>::parseInterfaceCompoundAssignmentExpression(size_t, js::frontend::BinKind, const BinFields&) [with Tok = js::frontend::BinTokenReaderTester]':
 6:35.84 /home/gmaudoux/projets/gecko-tup/gecko-dev/js/src/frontend/FullParseHandler.h:750:79: warning: 'pnk' may be used uninitialized in this function [-Wmaybe-uninitialized]
 6:35.84          if (kind == ParseNodeKind::Assign && lhs->isKind(ParseNodeKind::Name) &&
 6:35.84              ~~~~~~~~~~~~~~~~~~~~~~~~~~~~~~~~~~~~~~~~~~~~~~~~~~~~~~~~~~~~~~~~~~^~
 6:35.84              !lhs->isInParens())
 6:35.84              ~~~~~~~~~~~~~~~~~~
 6:35.84 /home/gmaudoux/projets/gecko-tup/gecko-dev/js/src/frontend/BinSource-auto.cpp:4048:19: note: 'pnk' was declared here
 6:35.84      ParseNodeKind pnk;
 6:35.84                    ^~~
 6:35.84 In file included from /home/gmaudoux/projets/gecko-tup/gecko-dev/js/src/frontend/FullParseHandler.h:15:0,
 6:35.84                  from /home/gmaudoux/projets/gecko-tup/gecko-dev/js/src/frontend/BCEParserHandle.h:11,
 6:35.84                  from /home/gmaudoux/projets/gecko-tup/gecko-dev/js/src/frontend/BinSource.h:19,
 6:35.84                  from /home/gmaudoux/projets/gecko-tup/gecko-dev/js/src/frontend/BinSource-auto.cpp:20:
 6:35.84 /home/gmaudoux/projets/gecko-tup/gecko-dev/js/src/frontend/ParseNode.h: In member function 'JS::Result<js::frontend::ParseNode*> js::frontend::BinASTParser<Tok>::parseInterfaceVariableDeclaration(size_t, js::frontend::BinKind, const BinFields&) [with Tok = js::frontend::BinTokenReaderTester]':
 6:35.84 /home/gmaudoux/projets/gecko-tup/gecko-dev/js/src/frontend/ParseNode.h:509:17: warning: 'pnk' may be used uninitialized in this function [-Wmaybe-uninitialized]
 6:35.85          pn_type = kind;
 6:35.85          ~~~~~~~~^~~~~~
 6:35.85 /home/gmaudoux/projets/gecko-tup/gecko-dev/js/src/frontend/BinSource-auto.cpp:7519:19: note: 'pnk' was declared here
 6:35.85      ParseNodeKind pnk;
 6:35.85                    ^~~
 6:35.85 /home/gmaudoux/projets/gecko-tup/gecko-dev/js/src/frontend/BinSource-auto.cpp: In member function 'JS::Result<js::frontend::ParseNode*> js::frontend::BinASTParser<Tok>::parseInterfaceBinaryExpression(size_t, js::frontend::BinKind, const BinFields&) [with Tok = js::frontend::BinTokenReaderMultipart]':
 6:35.85 /home/gmaudoux/projets/gecko-tup/gecko-dev/js/src/frontend/BinSource-auto.cpp:3523:27: warning: 'pnk' may be used uninitialized in this function [-Wmaybe-uninitialized]
 6:35.85      if (left->isKind(pnk) &&
 6:35.85 In file included from /home/gmaudoux/projets/gecko-tup/gecko-dev/js/src/frontend/FullParseHandler.h:15:0,
 6:35.85                  from /home/gmaudoux/projets/gecko-tup/gecko-dev/js/src/frontend/BCEParserHandle.h:11,
 6:35.85                  from /home/gmaudoux/projets/gecko-tup/gecko-dev/js/src/frontend/BinSource.h:19,
 6:35.85                  from /home/gmaudoux/projets/gecko-tup/gecko-dev/js/src/frontend/BinSource-auto.cpp:20:
 6:35.85 /home/gmaudoux/projets/gecko-tup/gecko-dev/js/src/frontend/ParseNode.h: In member function 'JS::Result<js::frontend::ParseNode*> js::frontend::BinASTParser<Tok>::parseInterfaceUnaryExpression(size_t, js::frontend::BinKind, const BinFields&) [with Tok = js::frontend::BinTokenReaderMultipart]':
 6:35.86 /home/gmaudoux/projets/gecko-tup/gecko-dev/js/src/frontend/ParseNode.h:493:24: warning: 'pnk' may be used uninitialized in this function [-Wmaybe-uninitialized]
 6:35.86          pn_next(nullptr)
 6:35.86                         ^
 6:35.86 /home/gmaudoux/projets/gecko-tup/gecko-dev/js/src/frontend/BinSource-auto.cpp:7355:19: note: 'pnk' was declared here
 6:35.86      ParseNodeKind pnk;
 6:35.86                    ^~~
 6:35.86 In file included from /home/gmaudoux/projets/gecko-tup/gecko-dev/js/src/frontend/FullParseHandler.h:15:0,
 6:35.86                  from /home/gmaudoux/projets/gecko-tup/gecko-dev/js/src/frontend/BCEParserHandle.h:11,
 6:35.86                  from /home/gmaudoux/projets/gecko-tup/gecko-dev/js/src/frontend/BinSource.h:19,
 6:35.86                  from /home/gmaudoux/projets/gecko-tup/gecko-dev/js/src/frontend/BinSource-auto.cpp:20:
 6:35.86 /home/gmaudoux/projets/gecko-tup/gecko-dev/js/src/frontend/ParseNode.h: In member function 'JS::Result<js::frontend::ParseNode*> js::frontend::BinASTParser<Tok>::parseInterfaceUpdateExpression(size_t, js::frontend::BinKind, const BinFields&) [with Tok = js::frontend::BinTokenReaderMultipart]':
 6:35.86 /home/gmaudoux/projets/gecko-tup/gecko-dev/js/src/frontend/ParseNode.h:493:24: warning: 'pnk' may be used uninitialized in this function [-Wmaybe-uninitialized]
 6:35.86          pn_next(nullptr)
 6:35.86                         ^
 6:35.86 /home/gmaudoux/projets/gecko-tup/gecko-dev/js/src/frontend/BinSource-auto.cpp:7453:19: note: 'pnk' was declared here
 6:35.87      ParseNodeKind pnk;
 6:35.87                    ^~~
 6:35.87 In file included from /home/gmaudoux/projets/gecko-tup/gecko-dev/js/src/frontend/BCEParserHandle.h:11:0,
 6:35.87                  from /home/gmaudoux/projets/gecko-tup/gecko-dev/js/src/frontend/BinSource.h:19,
 6:35.87                  from /home/gmaudoux/projets/gecko-tup/gecko-dev/js/src/frontend/BinSource-auto.cpp:20:
 6:35.87 /home/gmaudoux/projets/gecko-tup/gecko-dev/js/src/frontend/FullParseHandler.h: In member function 'JS::Result<js::frontend::ParseNode*> js::frontend::BinASTParser<Tok>::parseInterfaceCompoundAssignmentExpression(size_t, js::frontend::BinKind, const BinFields&) [with Tok = js::frontend::BinTokenReaderMultipart]':
 6:35.87 /home/gmaudoux/projets/gecko-tup/gecko-dev/js/src/frontend/FullParseHandler.h:750:79: warning: 'pnk' may be used uninitialized in this function [-Wmaybe-uninitialized]
 6:35.87          if (kind == ParseNodeKind::Assign && lhs->isKind(ParseNodeKind::Name) &&
 6:35.87              ~~~~~~~~~~~~~~~~~~~~~~~~~~~~~~~~~~~~~~~~~~~~~~~~~~~~~~~~~~~~~~~~~~^~
 6:35.87              !lhs->isInParens())
 6:35.87              ~~~~~~~~~~~~~~~~~~
 6:35.87 /home/gmaudoux/projets/gecko-tup/gecko-dev/js/src/frontend/BinSource-auto.cpp:4048:19: note: 'pnk' was declared here
 6:35.87      ParseNodeKind pnk;
 6:35.87                    ^~~
 6:35.87 In file included from /home/gmaudoux/projets/gecko-tup/gecko-dev/js/src/frontend/FullParseHandler.h:15:0,
 6:35.87                  from /home/gmaudoux/projets/gecko-tup/gecko-dev/js/src/frontend/BCEParserHandle.h:11,
 6:35.88                  from /home/gmaudoux/projets/gecko-tup/gecko-dev/js/src/frontend/BinSource.h:19,
 6:35.88                  from /home/gmaudoux/projets/gecko-tup/gecko-dev/js/src/frontend/BinSource-auto.cpp:20:
 6:35.88 /home/gmaudoux/projets/gecko-tup/gecko-dev/js/src/frontend/ParseNode.h: In member function 'JS::Result<js::frontend::ParseNode*> js::frontend::BinASTParser<Tok>::parseInterfaceVariableDeclaration(size_t, js::frontend::BinKind, const BinFields&) [with Tok = js::frontend::BinTokenReaderMultipart]':
 6:35.88 /home/gmaudoux/projets/gecko-tup/gecko-dev/js/src/frontend/ParseNode.h:509:17: warning: 'pnk' may be used uninitialized in this function [-Wmaybe-uninitialized]
 6:35.88          pn_type = kind;
 6:35.88          ~~~~~~~~^~~~~~
 6:35.88 /home/gmaudoux/projets/gecko-tup/gecko-dev/js/src/frontend/BinSource-auto.cpp:7519:19: note: 'pnk' was declared here
 6:35.88      ParseNodeKind pnk;
 6:35.88                    ^~~
 6:37.36   90% 58) [9.137s] obj-tup/js/src: CXX /home/gmaudoux/projets/gecko-tup/gecko-dev/js/src/frontend/BinToken.cpp
 6:38.12   90% 59) [7.878s] obj-tup/js/src: CXX /home/gmaudoux/projets/gecko-tup/gecko-dev/js/src/frontend/BinTokenReaderBase.cpp
 6:40.33   91% 60) [8.609s] obj-tup/js/src: CXX /home/gmaudoux/projets/gecko-tup/gecko-dev/js/src/frontend/BinTokenReaderMultipart.cpp
 6:44.69   91% 61) [8.867s] obj-tup/js/src: CXX /home/gmaudoux/projets/gecko-tup/gecko-dev/js/src/frontend/BinTokenReaderTester.cpp
 6:49.02   92% 62) [11.658s] obj-tup/js/src: CXX /home/gmaudoux/projets/gecko-tup/gecko-dev/js/src/vm/JSAtom.cpp
 6:49.02 In file included from /home/gmaudoux/projets/gecko-tup/gecko-dev/js/src/gc/GCRuntime.h:25:0,
 6:49.02                  from /home/gmaudoux/projets/gecko-tup/gecko-dev/js/src/vm/Runtime.h:29,
 6:49.02                  from /home/gmaudoux/projets/gecko-tup/gecko-dev/js/src/vm/JSAtom-inl.h:16,
 6:49.02                  from /home/gmaudoux/projets/gecko-tup/gecko-dev/js/src/vm/JSAtom.cpp:11:
 6:49.02 /home/gmaudoux/projets/gecko-tup/gecko-dev/js/src/vm/AtomsTable.h: In function 'JSAtom* js::Atomize(JSContext*, const char*, size_t, js::PinningBehavior, const mozilla::Maybe<unsigned int>&)':
 6:49.02 /home/gmaudoux/projets/gecko-tup/gecko-dev/js/src/vm/AtomsTable.h:27:66: warning: 'zonePtr.js::detail::HashTable<const js::AtomStateEntry, js::HashSet<js::AtomStateEntry, js::AtomHasher, js::SystemAllocPolicy>::SetOps, js::SystemAllocPolicy>::AddPtr::<anonymous>.js::detail::HashTable<const js::AtomStateEntry, js::HashSet<js::AtomStateEntry, js::AtomHasher, js::SystemAllocPolicy>::SetOps, js::SystemAllocPolicy>::Ptr::entry_' may be used uninitialized in this function [-Wmaybe-uninitialized]
 6:49.02      AtomStateEntry(const AtomStateEntry& other) : bits(other.bits) {}
 6:49.02                                                                   ^
 6:49.02 /home/gmaudoux/projets/gecko-tup/gecko-dev/js/src/vm/JSAtom.cpp:366:28: note: 'zonePtr.js::detail::HashTable<const js::AtomStateEntry, js::HashSet<js::AtomStateEntry, js::AtomHasher, js::SystemAllocPolicy>::SetOps, js::SystemAllocPolicy>::AddPtr::<anonymous>.js::detail::HashTable<const js::AtomStateEntry, js::HashSet<js::AtomStateEntry, js::AtomHasher, js::SystemAllocPolicy>::SetOps, js::SystemAllocPolicy>::Ptr::entry_' was declared here
 6:49.02      Maybe<AtomSet::AddPtr> zonePtr;
 6:49.02                             ^~~~~~~
 6:49.02 In file included from /home/gmaudoux/projets/gecko-tup/gecko-dev/obj-tup/dist/include/js/TracingAPI.h:11:0,
 6:49.02                  from /home/gmaudoux/projets/gecko-tup/gecko-dev/obj-tup/dist/include/js/GCPolicyAPI.h:47,
 6:49.02                  from /home/gmaudoux/projets/gecko-tup/gecko-dev/obj-tup/dist/include/js/GCVector.h:12,
 6:49.02                  from /home/gmaudoux/projets/gecko-tup/gecko-dev/js/src/gc/Rooting.h:10,
 6:49.02                  from /home/gmaudoux/projets/gecko-tup/gecko-dev/js/src/vm/JSAtom.h:12,
 6:49.02                  from /home/gmaudoux/projets/gecko-tup/gecko-dev/js/src/vm/JSAtom-inl.h:10,
 6:49.02                  from /home/gmaudoux/projets/gecko-tup/gecko-dev/js/src/vm/JSAtom.cpp:11:
 6:49.02 /home/gmaudoux/projets/gecko-tup/gecko-dev/obj-tup/dist/include/js/HashTable.h:1330:25: warning: '*((void*)& zonePtr +8)' may be used uninitialized in this function [-Wmaybe-uninitialized]
 6:49.02          return hash0 >> hashShift;
 6:49.02                          ^~~~~~~~~
 6:49.02 /home/gmaudoux/projets/gecko-tup/gecko-dev/js/src/vm/JSAtom.cpp:366:28: note: '*((void*)& zonePtr +8)' was declared here
 6:49.02      Maybe<AtomSet::AddPtr> zonePtr;
 6:49.02                             ^~~~~~~
 6:49.02 In file included from /home/gmaudoux/projets/gecko-tup/gecko-dev/js/src/gc/GCRuntime.h:25:0,
 6:49.02                  from /home/gmaudoux/projets/gecko-tup/gecko-dev/js/src/vm/Runtime.h:29,
 6:49.02                  from /home/gmaudoux/projets/gecko-tup/gecko-dev/js/src/vm/JSAtom-inl.h:16,
 6:49.02                  from /home/gmaudoux/projets/gecko-tup/gecko-dev/js/src/vm/JSAtom.cpp:11:
 6:49.02 /home/gmaudoux/projets/gecko-tup/gecko-dev/js/src/vm/AtomsTable.h: In function 'JSAtom* js::AtomizeChars(JSContext*, const CharT*, size_t, js::PinningBehavior) [with CharT = unsigned char]':
 6:49.02 /home/gmaudoux/projets/gecko-tup/gecko-dev/js/src/vm/AtomsTable.h:27:66: warning: 'zonePtr.js::detail::HashTable<const js::AtomStateEntry, js::HashSet<js::AtomStateEntry, js::AtomHasher, js::SystemAllocPolicy>::SetOps, js::SystemAllocPolicy>::AddPtr::<anonymous>.js::detail::HashTable<const js::AtomStateEntry, js::HashSet<js::AtomStateEntry, js::AtomHasher, js::SystemAllocPolicy>::SetOps, js::SystemAllocPolicy>::Ptr::entry_' may be used uninitialized in this function [-Wmaybe-uninitialized]
 6:49.02      AtomStateEntry(const AtomStateEntry& other) : bits(other.bits) {}
 6:49.02                                                                   ^
 6:49.02 /home/gmaudoux/projets/gecko-tup/gecko-dev/js/src/vm/JSAtom.cpp:366:28: note: 'zonePtr.js::detail::HashTable<const js::AtomStateEntry, js::HashSet<js::AtomStateEntry, js::AtomHasher, js::SystemAllocPolicy>::SetOps, js::SystemAllocPolicy>::AddPtr::<anonymous>.js::detail::HashTable<const js::AtomStateEntry, js::HashSet<js::AtomStateEntry, js::AtomHasher, js::SystemAllocPolicy>::SetOps, js::SystemAllocPolicy>::Ptr::entry_' was declared here
 6:49.03      Maybe<AtomSet::AddPtr> zonePtr;
 6:49.03                             ^~~~~~~
 6:49.03 In file included from /home/gmaudoux/projets/gecko-tup/gecko-dev/obj-tup/dist/include/js/TracingAPI.h:11:0,
 6:49.03                  from /home/gmaudoux/projets/gecko-tup/gecko-dev/obj-tup/dist/include/js/GCPolicyAPI.h:47,
 6:49.03                  from /home/gmaudoux/projets/gecko-tup/gecko-dev/obj-tup/dist/include/js/GCVector.h:12,
 6:49.03                  from /home/gmaudoux/projets/gecko-tup/gecko-dev/js/src/gc/Rooting.h:10,
 6:49.03                  from /home/gmaudoux/projets/gecko-tup/gecko-dev/js/src/vm/JSAtom.h:12,
 6:49.03                  from /home/gmaudoux/projets/gecko-tup/gecko-dev/js/src/vm/JSAtom-inl.h:10,
 6:49.03                  from /home/gmaudoux/projets/gecko-tup/gecko-dev/js/src/vm/JSAtom.cpp:11:
 6:49.03 /home/gmaudoux/projets/gecko-tup/gecko-dev/obj-tup/dist/include/js/HashTable.h:1330:25: warning: '*((void*)& zonePtr +8)' may be used uninitialized in this function [-Wmaybe-uninitialized]
 6:49.03          return hash0 >> hashShift;
 6:49.03                          ^~~~~~~~~
 6:49.03 /home/gmaudoux/projets/gecko-tup/gecko-dev/js/src/vm/JSAtom.cpp:366:28: note: '*((void*)& zonePtr +8)' was declared here
 6:49.03      Maybe<AtomSet::AddPtr> zonePtr;
 6:49.03                             ^~~~~~~
 6:49.03 In file included from /home/gmaudoux/projets/gecko-tup/gecko-dev/js/src/gc/GCRuntime.h:25:0,
 6:49.03                  from /home/gmaudoux/projets/gecko-tup/gecko-dev/js/src/vm/Runtime.h:29,
 6:49.03                  from /home/gmaudoux/projets/gecko-tup/gecko-dev/js/src/vm/JSAtom-inl.h:16,
 6:49.03                  from /home/gmaudoux/projets/gecko-tup/gecko-dev/js/src/vm/JSAtom.cpp:11:
 6:49.03 /home/gmaudoux/projets/gecko-tup/gecko-dev/js/src/vm/AtomsTable.h: In function 'JSAtom* js::AtomizeChars(JSContext*, const CharT*, size_t, js::PinningBehavior) [with CharT = char16_t]':
 6:49.03 /home/gmaudoux/projets/gecko-tup/gecko-dev/js/src/vm/AtomsTable.h:27:66: warning: 'zonePtr.js::detail::HashTable<const js::AtomStateEntry, js::HashSet<js::AtomStateEntry, js::AtomHasher, js::SystemAllocPolicy>::SetOps, js::SystemAllocPolicy>::AddPtr::<anonymous>.js::detail::HashTable<const js::AtomStateEntry, js::HashSet<js::AtomStateEntry, js::AtomHasher, js::SystemAllocPolicy>::SetOps, js::SystemAllocPolicy>::Ptr::entry_' may be used uninitialized in this function [-Wmaybe-uninitialized]
 6:49.03      AtomStateEntry(const AtomStateEntry& other) : bits(other.bits) {}
 6:49.03                                                                   ^
 6:49.03 /home/gmaudoux/projets/gecko-tup/gecko-dev/js/src/vm/JSAtom.cpp:366:28: note: 'zonePtr.js::detail::HashTable<const js::AtomStateEntry, js::HashSet<js::AtomStateEntry, js::AtomHasher, js::SystemAllocPolicy>::SetOps, js::SystemAllocPolicy>::AddPtr::<anonymous>.js::detail::HashTable<const js::AtomStateEntry, js::HashSet<js::AtomStateEntry, js::AtomHasher, js::SystemAllocPolicy>::SetOps, js::SystemAllocPolicy>::Ptr::entry_' was declared here
 6:49.03      Maybe<AtomSet::AddPtr> zonePtr;
 6:49.03                             ^~~~~~~
 6:49.03 In file included from /home/gmaudoux/projets/gecko-tup/gecko-dev/obj-tup/dist/include/js/TracingAPI.h:11:0,
 6:49.03                  from /home/gmaudoux/projets/gecko-tup/gecko-dev/obj-tup/dist/include/js/GCPolicyAPI.h:47,
 6:49.03                  from /home/gmaudoux/projets/gecko-tup/gecko-dev/obj-tup/dist/include/js/GCVector.h:12,
 6:49.03                  from /home/gmaudoux/projets/gecko-tup/gecko-dev/js/src/gc/Rooting.h:10,
 6:49.03                  from /home/gmaudoux/projets/gecko-tup/gecko-dev/js/src/vm/JSAtom.h:12,
 6:49.03                  from /home/gmaudoux/projets/gecko-tup/gecko-dev/js/src/vm/JSAtom-inl.h:10,
 6:49.03                  from /home/gmaudoux/projets/gecko-tup/gecko-dev/js/src/vm/JSAtom.cpp:11:
 6:49.03 /home/gmaudoux/projets/gecko-tup/gecko-dev/obj-tup/dist/include/js/HashTable.h:1330:25: warning: '*((void*)& zonePtr +8)' may be used uninitialized in this function [-Wmaybe-uninitialized]
 6:49.03          return hash0 >> hashShift;
 6:49.03                          ^~~~~~~~~
 6:49.03 /home/gmaudoux/projets/gecko-tup/gecko-dev/js/src/vm/JSAtom.cpp:366:28: note: '*((void*)& zonePtr +8)' was declared here
 6:49.03      Maybe<AtomSet::AddPtr> zonePtr;
 6:49.03                             ^~~~~~~
 6:49.03 In file included from /home/gmaudoux/projets/gecko-tup/gecko-dev/obj-tup/dist/include/js/TracingAPI.h:11:0,
 6:49.03                  from /home/gmaudoux/projets/gecko-tup/gecko-dev/obj-tup/dist/include/js/GCPolicyAPI.h:47,
 6:49.03                  from /home/gmaudoux/projets/gecko-tup/gecko-dev/obj-tup/dist/include/js/GCVector.h:12,
 6:49.03                  from /home/gmaudoux/projets/gecko-tup/gecko-dev/js/src/gc/Rooting.h:10,
 6:49.03                  from /home/gmaudoux/projets/gecko-tup/gecko-dev/js/src/vm/JSAtom.h:12,
 6:49.03                  from /home/gmaudoux/projets/gecko-tup/gecko-dev/js/src/vm/JSAtom-inl.h:10,
 6:49.03                  from /home/gmaudoux/projets/gecko-tup/gecko-dev/js/src/vm/JSAtom.cpp:11:
 6:49.04 /home/gmaudoux/projets/gecko-tup/gecko-dev/obj-tup/dist/include/js/HashTable.h: In function 'JSAtom* js::AtomizeString(JSContext*, JSString*, js::PinningBehavior)':
 6:49.04 /home/gmaudoux/projets/gecko-tup/gecko-dev/obj-tup/dist/include/js/HashTable.h:1343:26: warning: '*((void*)& zonePtr +8)' may be used uninitialized in this function [-Wmaybe-uninitialized]
 6:49.04              ((curKeyHash << sizeLog2) >> hashShift) | 1,
 6:49.04               ~~~~~~~~~~~~^~~~~~~~~~~~
 6:49.04 /home/gmaudoux/projets/gecko-tup/gecko-dev/js/src/vm/JSAtom.cpp:366:28: note: '*((void*)& zonePtr +8)' was declared here
 6:49.04      Maybe<AtomSet::AddPtr> zonePtr;
 6:49.04                             ^~~~~~~
 6:49.04 In file included from /home/gmaudoux/projets/gecko-tup/gecko-dev/js/src/gc/GCRuntime.h:25:0,
 6:49.04                  from /home/gmaudoux/projets/gecko-tup/gecko-dev/js/src/vm/Runtime.h:29,
 6:49.04                  from /home/gmaudoux/projets/gecko-tup/gecko-dev/js/src/vm/JSAtom-inl.h:16,
 6:49.04                  from /home/gmaudoux/projets/gecko-tup/gecko-dev/js/src/vm/JSAtom.cpp:11:
 6:49.04 /home/gmaudoux/projets/gecko-tup/gecko-dev/js/src/vm/AtomsTable.h:27:66: warning: 'zonePtr.js::detail::HashTable<const js::AtomStateEntry, js::HashSet<js::AtomStateEntry, js::AtomHasher, js::SystemAllocPolicy>::SetOps, js::SystemAllocPolicy>::AddPtr::<anonymous>.js::detail::HashTable<const js::AtomStateEntry, js::HashSet<js::AtomStateEntry, js::AtomHasher, js::SystemAllocPolicy>::SetOps, js::SystemAllocPolicy>::Ptr::entry_' may be used uninitialized in this function [-Wmaybe-uninitialized]
 6:49.04      AtomStateEntry(const AtomStateEntry& other) : bits(other.bits) {}
 6:49.04                                                                   ^
 6:49.04 /home/gmaudoux/projets/gecko-tup/gecko-dev/js/src/vm/JSAtom.cpp:366:28: note: 'zonePtr.js::detail::HashTable<const js::AtomStateEntry, js::HashSet<js::AtomStateEntry, js::AtomHasher, js::SystemAllocPolicy>::SetOps, js::SystemAllocPolicy>::AddPtr::<anonymous>.js::detail::HashTable<const js::AtomStateEntry, js::HashSet<js::AtomStateEntry, js::AtomHasher, js::SystemAllocPolicy>::SetOps, js::SystemAllocPolicy>::Ptr::entry_' was declared here
 6:49.04      Maybe<AtomSet::AddPtr> zonePtr;
 6:49.04                             ^~~~~~~
 6:49.04 In file included from /home/gmaudoux/projets/gecko-tup/gecko-dev/obj-tup/dist/include/js/TracingAPI.h:11:0,
 6:49.04                  from /home/gmaudoux/projets/gecko-tup/gecko-dev/obj-tup/dist/include/js/GCPolicyAPI.h:47,
 6:49.04                  from /home/gmaudoux/projets/gecko-tup/gecko-dev/obj-tup/dist/include/js/GCVector.h:12,
 6:49.04                  from /home/gmaudoux/projets/gecko-tup/gecko-dev/js/src/gc/Rooting.h:10,
 6:49.04                  from /home/gmaudoux/projets/gecko-tup/gecko-dev/js/src/vm/JSAtom.h:12,
 6:49.04                  from /home/gmaudoux/projets/gecko-tup/gecko-dev/js/src/vm/JSAtom-inl.h:10,
 6:49.04                  from /home/gmaudoux/projets/gecko-tup/gecko-dev/js/src/vm/JSAtom.cpp:11:
 6:49.04 /home/gmaudoux/projets/gecko-tup/gecko-dev/obj-tup/dist/include/js/HashTable.h:1343:26: warning: '*((void*)& zonePtr +8)' may be used uninitialized in this function [-Wmaybe-uninitialized]
 6:49.04              ((curKeyHash << sizeLog2) >> hashShift) | 1,
 6:49.04               ~~~~~~~~~~~~^~~~~~~~~~~~
 6:49.04 /home/gmaudoux/projets/gecko-tup/gecko-dev/js/src/vm/JSAtom.cpp:366:28: note: '*((void*)& zonePtr +8)' was declared here
 6:49.04      Maybe<AtomSet::AddPtr> zonePtr;
 6:49.04                             ^~~~~~~
 6:49.04 In file included from /home/gmaudoux/projets/gecko-tup/gecko-dev/js/src/gc/GCRuntime.h:25:0,
 6:49.04                  from /home/gmaudoux/projets/gecko-tup/gecko-dev/js/src/vm/Runtime.h:29,
 6:49.04                  from /home/gmaudoux/projets/gecko-tup/gecko-dev/js/src/vm/JSAtom-inl.h:16,
 6:49.04                  from /home/gmaudoux/projets/gecko-tup/gecko-dev/js/src/vm/JSAtom.cpp:11:
 6:49.04 /home/gmaudoux/projets/gecko-tup/gecko-dev/js/src/vm/AtomsTable.h:27:66: warning: 'zonePtr.js::detail::HashTable<const js::AtomStateEntry, js::HashSet<js::AtomStateEntry, js::AtomHasher, js::SystemAllocPolicy>::SetOps, js::SystemAllocPolicy>::AddPtr::<anonymous>.js::detail::HashTable<const js::AtomStateEntry, js::HashSet<js::AtomStateEntry, js::AtomHasher, js::SystemAllocPolicy>::SetOps, js::SystemAllocPolicy>::Ptr::entry_' may be used uninitialized in this function [-Wmaybe-uninitialized]
 6:49.04      AtomStateEntry(const AtomStateEntry& other) : bits(other.bits) {}
 6:49.04                                                                   ^
 6:49.04 /home/gmaudoux/projets/gecko-tup/gecko-dev/js/src/vm/JSAtom.cpp:366:28: note: 'zonePtr.js::detail::HashTable<const js::AtomStateEntry, js::HashSet<js::AtomStateEntry, js::AtomHasher, js::SystemAllocPolicy>::SetOps, js::SystemAllocPolicy>::AddPtr::<anonymous>.js::detail::HashTable<const js::AtomStateEntry, js::HashSet<js::AtomStateEntry, js::AtomHasher, js::SystemAllocPolicy>::SetOps, js::SystemAllocPolicy>::Ptr::entry_' was declared here
 6:49.04      Maybe<AtomSet::AddPtr> zonePtr;
 6:49.04                             ^~~~~~~
 6:49.04 In file included from /home/gmaudoux/projets/gecko-tup/gecko-dev/js/src/jsnum.h:18:0,
 6:49.04                  from /home/gmaudoux/projets/gecko-tup/gecko-dev/js/src/vm/JSAtom-inl.h:14,
 6:49.04                  from /home/gmaudoux/projets/gecko-tup/gecko-dev/js/src/vm/JSAtom.cpp:11:
 6:49.04 /home/gmaudoux/projets/gecko-tup/gecko-dev/js/src/vm/StringType.h:929:30: warning: 'indexValue' may be used uninitialized in this function [-Wmaybe-uninitialized]
 6:49.04          d.u1.flags |= (index << INDEX_VALUE_SHIFT) | INDEX_VALUE_BIT;
 6:49.04                        ~~~~~~~^~~~~~~~~~~~~~~~~~~~~
 6:49.04 /home/gmaudoux/projets/gecko-tup/gecko-dev/js/src/vm/JSAtom.cpp:524:21: note: 'indexValue' was declared here
 6:49.04      Maybe<uint32_t> indexValue;
 6:49.04                      ^~~~~~~~~~
 6:55.59   94% 63) [17.459s] obj-tup/js/src: CXX Unified_cpp_js_src44.cpp
 6:55.59 In file included from /home/gmaudoux/projets/gecko-tup/gecko-dev/js/src/wasm/WasmTextToBinary.cpp:33:0,
 6:55.59                  from Unified_cpp_js_src44.cpp:2:
 6:55.59 /home/gmaudoux/projets/gecko-tup/gecko-dev/js/src/wasm/WasmAST.h: In function 'js::wasm::AstConst* ParseConst({anonymous}::WasmParseContext&, {anonymous}::WasmToken)':
 6:55.59 /home/gmaudoux/projets/gecko-tup/gecko-dev/js/src/wasm/WasmAST.h:290:17: warning: 'result' may be used uninitialized in this function [-Wmaybe-uninitialized]
 6:55.59          val_(val)
 6:55.59                  ^
 6:55.59 In file included from Unified_cpp_js_src44.cpp:2:0:
 6:55.59 /home/gmaudoux/projets/gecko-tup/gecko-dev/js/src/wasm/WasmTextToBinary.cpp:2183:11: note: 'result' was declared here
 6:55.59      Float result;
 6:55.59            ^~~~~~
 6:55.59 In file included from /home/gmaudoux/projets/gecko-tup/gecko-dev/js/src/wasm/WasmTextToBinary.cpp:33:0,
 6:55.59                  from Unified_cpp_js_src44.cpp:2:
 6:55.59 /home/gmaudoux/projets/gecko-tup/gecko-dev/js/src/wasm/WasmAST.h:290:17: warning: 'result' may be used uninitialized in this function [-Wmaybe-uninitialized]
 6:55.59          val_(val)
 6:55.59                  ^
 6:55.59 In file included from Unified_cpp_js_src44.cpp:2:0:
 6:55.59 /home/gmaudoux/projets/gecko-tup/gecko-dev/js/src/wasm/WasmTextToBinary.cpp:2183:11: note: 'result' was declared here
 6:55.59      Float result;
 6:55.59            ^~~~~~
 6:57.84   94% 64) [2.258s] obj-tup/js/src/build: AR libjs_static.a
 7:02.64   94% 65) [4.799s] obj-tup/js/src/build: python /home/gmaudoux/projets/gecko-tup/gecko-dev/config/run_spidermonkey_checks.py:main -> [spidermonkey_checks spidermonkey_checks.pp]
 7:02.64 TEST-PASS | check_spidermonkey_style.py | ok
 7:02.64 TEST-PASS | check_macroassembler_style.py | ok
 7:02.64 TEST-PASS | check_js_opcode.py | ok
 7:06.99   95% 66) [9.141s] obj-tup/js/src/shell: LINK ../../../dist/bin/js
 8:09.29   99% 67) [71.448s] obj-tup/toolkit/library: LINK libxul.so
 8:10.22   99% 68) [0.932s] obj-tup/toolkit/library: python /home/gmaudoux/projets/gecko-tup/gecko-dev/toolkit/library/dependentlibs.py:gen_list -> [dependentlibs.list dependentlibs.list.gtest dependentlibs.list.pp]
 8:11.05   99% 69) [1.767s] obj-tup/ipc/app: LINK ../../dist/bin/plugin-container
 8:11.11  100% 70) [1.817s] obj-tup/js/xpconnect/shell: LINK ../../../dist/bin/xpcshell
 8:11.14 [ tup ] [490.663s] Updated.
 8:11.70 418 compiler warnings present.
 8:11.97 Overall system resources - Wall time: 491s; CPU: 88%; Read bytes: 2365693952; Write bytes: 3940790272; Read time: 15958; Write time: 1098327
 8:11.97 Swap in/out (MB): 0/0
 8:12.08 warning: js/src/frontend/BinSource-auto.cpp:3523:27 [-Wmaybe-uninitialized] 'pnk' may be used uninitialized in this function
 8:12.08 warning: js/src/frontend/FullParseHandler.h:750:79 [-Wmaybe-uninitialized] 'pnk' may be used uninitialized in this function
 8:12.08 warning: js/src/frontend/ParseNode.h:493:24 [-Wmaybe-uninitialized] 'pnk' may be used uninitialized in this function
 8:12.08 warning: js/src/frontend/ParseNode.h:509:17 [-Wmaybe-uninitialized] 'pnk' may be used uninitialized in this function
 8:12.08 warning: js/src/jit/InlineList.h:352:9 [-Wmaybe-uninitialized] 'falseValue' may be used uninitialized in this function
 8:12.08 warning: js/src/jit/IonCacheIRCompiler.cpp:1616:32 [-Wmaybe-uninitialized] '*((void*)& scratch +8)' may be used uninitialized in this function
 8:12.08 warning: js/src/jit/IonCacheIRCompiler.cpp:1775:32 [-Wmaybe-uninitialized] '*((void*)& scratch +8)' may be used uninitialized in this function
 8:12.08 warning: js/src/jit/MIR.cpp:4544:46 [-Wmaybe-uninitialized] 'res' may be used uninitialized in this function
 8:12.08 warning: js/src/util/StringBuffer.h:303:35 [-Wmaybe-uninitialized] 'voffset' may be used uninitialized in this function
 8:12.08 warning: js/src/vm/AtomsTable.h:27:66 [-Wmaybe-uninitialized] 'zonePtr.js::detail::HashTable<const js::AtomStateEntry, js::HashSet<js::AtomStateEntry, js::AtomHasher, js::SystemAllocPolicy>::SetOps, js::SystemAllocPolicy>::AddPtr::<anonymous>.js::detail::HashTable<const js::AtomStateEntry, js::HashSet<js::AtomStateEntry, js::AtomHasher, js::SystemAllocPolicy>::SetOps, js::SystemAllocPolicy>::Ptr::entry_' may be used uninitialized in this function
 8:12.08 warning: js/src/vm/Debugger.cpp:10849:52 [-Wmaybe-uninitialized] 's' may be used uninitialized in this function
 8:12.08 warning: js/src/vm/StringType.h:929:30 [-Wmaybe-uninitialized] 'indexValue' may be used uninitialized in this function
 8:12.08 warning: js/src/wasm/AsmJS.cpp:2261:43 [-Wmaybe-uninitialized] 'sigIndex' may be used uninitialized in this function
 8:12.08 warning: js/src/wasm/WasmAST.h:232:32 [-Wmaybe-uninitialized] 'type' may be used uninitialized in this function
 8:12.08 warning: js/src/wasm/WasmAST.h:290:17 [-Wmaybe-uninitialized] 'result' may be used uninitialized in this function
 8:12.08 warning: js/src/wasm/WasmBaselineCompile.cpp:5644:34 [-Wmaybe-uninitialized] 'type' may be used uninitialized in this function
 8:12.08 warning: js/src/wasm/WasmBaselineCompile.cpp:6077:22 [-Wmaybe-uninitialized] 'c' may be used uninitialized in this function
 8:12.08 warning: js/src/wasm/WasmBaselineCompile.cpp:6145:22 [-Wmaybe-uninitialized] 'c' may be used uninitialized in this function
 8:12.08 warning: js/src/wasm/WasmBaselineCompile.cpp:7454:33 [-Wmaybe-uninitialized] 'thenType' may be used uninitialized in this function
 8:12.08 warning: js/src/wasm/WasmBaselineCompile.cpp:7527:5 [-Wmaybe-uninitialized] 'kind' may be used uninitialized in this function
 8:12.08 warning: js/src/wasm/WasmBaselineCompile.cpp:7528:38 [-Wmaybe-uninitialized] 'type' may be used uninitialized in this function
 8:12.08 warning: js/src/wasm/WasmBaselineCompile.cpp:7557:48 [-Wmaybe-uninitialized] 'type' may be used uninitialized in this function
 8:12.08 warning: js/src/wasm/WasmBaselineCompile.cpp:8635:5 [-Wmaybe-uninitialized] 'type' may be used uninitialized in this function
 8:12.08 warning: js/src/wasm/WasmBinaryToAST.cpp:55:18 [-Wmaybe-uninitialized] 'type' may be used uninitialized in this function
 8:12.08 warning: js/src/wasm/WasmBinaryToAST.cpp:2130:64 [-Wmaybe-uninitialized] 'index' may be used uninitialized in this function
 8:12.08 warning: js/src/wasm/WasmIonCompile.cpp:2007:5 [-Wmaybe-uninitialized] 'thenType' may be used uninitialized in this function
 8:12.08 warning: js/src/wasm/WasmIonCompile.cpp:2029:5 [-Wmaybe-uninitialized] 'type' may be used uninitialized in this function
 8:12.08 warning: js/src/wasm/WasmIonCompile.cpp:2033:5 [-Wmaybe-uninitialized] 'kind' may be used uninitialized in this function
 8:12.08 warning: js/src/wasm/WasmIonCompile.cpp:2074:5 [-Wmaybe-uninitialized] 'type' may be used uninitialized in this function
 8:12.08 warning: js/src/wasm/WasmIonCompile.cpp:2836:78 [-Wmaybe-uninitialized] 'op' may be used uninitialized in this function
 8:12.08 warning: js/src/wasm/WasmIonCompile.cpp:3000:23 [-Wmaybe-uninitialized] 'lane' may be used uninitialized in this function
 8:12.08 warning: js/src/wasm/WasmIonCompile.cpp:3026:23 [-Wmaybe-uninitialized] 'lane' may be used uninitialized in this function
 8:12.08 warning: js/src/wasm/WasmOpIter.h:120:5 [-Wmaybe-uninitialized] 'falseType' may be used uninitialized in this function
 8:12.08 warning: js/src/wasm/WasmOpIter.h:120:5 [-Wmaybe-uninitialized] 'trueType' may be used uninitialized in this function
 8:12.08 warning: js/src/wasm/WasmOpIter.h:135:44 [-Wmaybe-uninitialized] 'falseType' may be used uninitialized in this function
 8:12.08 warning: js/src/wasm/WasmOpIter.h:135:62 [-Wmaybe-uninitialized] 'trueType' may be used uninitialized in this function
 8:12.08 warning: obj-tup/dist/include/js/HashTable.h:1127:17 [-Wmaybe-uninitialized] 'e.js::detail::HashTable<js::HashMapEntry<JSCompartment*, js::NurseryAwareHashMap<js::CrossCompartmentKey, JS::Value, js::CrossCompartmentKey::Hasher, js::SystemAllocPolicy> >, js::HashMap<JSCompartment*, js::NurseryAwareHashMap<js::CrossCompartmentKey, JS::Value, js::CrossCompartmentKey::Hasher, js::SystemAllocPolicy>, js::DefaultHasher<JSCompartment*>, js::SystemAllocPolicy>::MapHashPolicy, js::SystemAllocPolicy>::Enum::rekeyed' may be used uninitialized in this function
 8:12.08 warning: obj-tup/dist/include/js/HashTable.h:1128:17 [-Wmaybe-uninitialized] 'e.js::detail::HashTable<js::HashMapEntry<JSCompartment*, js::NurseryAwareHashMap<js::CrossCompartmentKey, JS::Value, js::CrossCompartmentKey::Hasher, js::SystemAllocPolicy> >, js::HashMap<JSCompartment*, js::NurseryAwareHashMap<js::CrossCompartmentKey, JS::Value, js::CrossCompartmentKey::Hasher, js::SystemAllocPolicy>, js::DefaultHasher<JSCompartment*>, js::SystemAllocPolicy>::MapHashPolicy, js::SystemAllocPolicy>::Enum::table_' may be used uninitialized in this function
 8:12.08 warning: obj-tup/dist/include/js/HashTable.h:1132:17 [-Wmaybe-uninitialized] 'e.js::detail::HashTable<js::HashMapEntry<JSCompartment*, js::NurseryAwareHashMap<js::CrossCompartmentKey, JS::Value, js::CrossCompartmentKey::Hasher, js::SystemAllocPolicy> >, js::HashMap<JSCompartment*, js::NurseryAwareHashMap<js::CrossCompartmentKey, JS::Value, js::CrossCompartmentKey::Hasher, js::SystemAllocPolicy>, js::DefaultHasher<JSCompartment*>, js::SystemAllocPolicy>::MapHashPolicy, js::SystemAllocPolicy>::Enum::removed' may be used uninitialized in this function
 8:12.08 warning: obj-tup/dist/include/js/HashTable.h:1133:17 [-Wmaybe-uninitialized] 'e.js::detail::HashTable<js::HashMapEntry<JSCompartment*, js::NurseryAwareHashMap<js::CrossCompartmentKey, JS::Value, js::CrossCompartmentKey::Hasher, js::SystemAllocPolicy> >, js::HashMap<JSCompartment*, js::NurseryAwareHashMap<js::CrossCompartmentKey, JS::Value, js::CrossCompartmentKey::Hasher, js::SystemAllocPolicy>, js::DefaultHasher<JSCompartment*>, js::SystemAllocPolicy>::MapHashPolicy, js::SystemAllocPolicy>::Enum::table_' may be used uninitialized in this function
 8:12.08 warning: obj-tup/dist/include/js/HashTable.h:1330:25 [-Wmaybe-uninitialized] '*((void*)& zonePtr +8)' may be used uninitialized in this function
 8:12.08 warning: obj-tup/dist/include/js/HashTable.h:1343:26 [-Wmaybe-uninitialized] '*((void*)& zonePtr +8)' may be used uninitialized in this function
 8:12.08 warning: obj-tup/dist/include/js/Value.h:404:51 [-Wmaybe-uninitialized] 'res' may be used uninitialized in this function
 8:12.08 warning: obj-tup/dist/include/js/Value.h:404:51 [-Wmaybe-uninitialized] 'result' may be used uninitialized in this function
 8:12.08 warning: obj-tup/dist/include/mozilla/Tuple.h:152:41 [-Wmaybe-uninitialized] 't.mozilla::detail::TupleImpl<1, JSObject*, js::CrossCompartmentKey::DebuggerObjectKind>::mHead' may be used uninitialized in this function
 8:12.08 warning: obj-tup/dist/include/mozilla/Tuple.h:152:41 [-Wmaybe-uninitialized] 't.mozilla::detail::TupleImpl<0, js::NativeObject*, JSObject*, js::CrossCompartmentKey::DebuggerObjectKind>::mHead' may be used uninitialized in this function
 8:12.08 warning: obj-tup/dist/include/mozilla/Vector.h:172:5 [-Wmaybe-uninitialized] 'func' may be used uninitialized in this function
 8:12.08 warning: obj-tup/dist/include/mozilla/Vector.h:1399:11 [-Wmaybe-uninitialized] 'vlength' may be used uninitialized in this function
 8:12.09 /nix/store/vbvlba36jl5dfqnma2xqdl1ci294rnbr-libnotify-0.7.7/bin/notify-send --app-name=Mozilla Build System Mozilla Build System Build complete
 8:12.20 Your build was successful!
To view resource usage of the build, run |mach resource-usage|.
To take your build for a test drive, run: |mach run|
For more information on what to do now, see https://developer.mozilla.org/docs/Developer_Guide/So_You_Just_Built_Firefox
