+runOnce:7> mach build
+mach:1> env - 'HOME=/home/gmaudoux' 'DISPLAY=:0' 'TERM=screen' 'PKG_CONFIG_PATH=/nix/store/1dm1zygy7n0iqvxzzqf3livr7ydvs2mf-python3-3.6.5/lib/pkgconfig:/nix/store/wfv291gbplmq0l7h5pypdjb5xjnv5axg-libICE-1.0.9-dev/lib/pkgconfig:/nix/store/sl5cjzdpd2vk1lam52sxh4nyqa6s72zl-xproto-7.0.31/lib/pkgconfig:/nix/store/wdhvmkwrsd7ayxq24lz3wsnqhmxbfv1x-libSM-1.2.2-dev/lib/pkgconfig:/nix/store/l5acsgbn1vbl1m7iv12y56fvx83p5kn7-libX11-1.6.5-dev/lib/pkgconfig:/nix/store/kgylbxg6b6chcsa888rg45zr6q6mcg6v-libxcb-1.12-dev/lib/pkgconfig:/nix/store/8rw2fvr5xrmc8ri0i7l2v1fvabkp18r8-kbproto-1.0.7/lib/pkgconfig:/nix/store/pfldr84r68dg1rybrrfl7l03jhws4ph1-libXau-1.0.8-dev/lib/pkgconfig:/nix/store/3qv4dmbzrjkxnsxmgkh5ji3cwyxfvkpq-libXdmcp-1.1.2-dev/lib/pkgconfig:/nix/store/lxyd3mgllr8jj8vly4xfwrsbf2fk8pgn-libXext-1.3.3-dev/lib/pkgconfig:/nix/store/j38nc3a31ship4vznz5q33hizngifgbv-xextproto-7.3.0/lib/pkgconfig:/nix/store/kmkr3xk314mcnvmpyz716cr8qx4kbqar-libXt-1.1.5-dev/lib/pkgconfig:/nix/store/a6yf6gg9mkaabdnv1cpya9k2ssb9wi8i-printproto-1.0.5/lib/pkgconfig:/nix/store/k4wb4vyja1dcjqxpfgvzznwhg30nvhkp-renderproto-0.11.1/lib/pkgconfig:/nix/store/vqfayvls2gcvph9789krq36abnz9dcvs-libXcomposite-0.4.4-dev/lib/pkgconfig:/nix/store/6la8h3r7lxzkly4qf5knlsyfm8drjwhg-libXfixes-5.0.3-dev/lib/pkgconfig:/nix/store/jwbfi28vwyzjijr50zbkb98q7xa3zvij-fixesproto-5.0/lib/pkgconfig:/nix/store/xrdpdcidbngwwwia41ads3rlhxnv3xnv-compositeproto-0.4.2/lib/pkgconfig:/nix/store/2ym5x49h8fjyghjbzg3b0krcz0kqiswa-damageproto-1.2.1/lib/pkgconfig:/nix/store/0n6k21rggvk5c3zi7dpfadrhbwq7rjjf-libXdamage-1.1.4-dev/lib/pkgconfig:/nix/store/6ha6fvm8bjs9l0jd2sm43r13dfb5bagf-libXrender-0.9.10-dev/lib/pkgconfig:/nix/store/2r6bvw7za4ynd1n2xr65b1jrqfg0yjfp-libart_lgpl-2.3.21/lib/pkgconfig:/nix/store/8qizrxfh0yk1s9n1kzrc1lk7v1qprxrg-libbonobo-2.32.1-dev/lib/pkgconfig:/nix/store/yqv1mkxddrhd9m079cqwslxq8h2yl440-popt-1.16/lib/pkgconfig:/nix/store/cxf1sj5mkgb2z60qji1lyb9wp7fp76wa-glib-2.54.3-dev/lib/pkgconfig:/nix/store/8bsyix63bn598h4vr6zkx9r5yhv8f13r-zlib-1.2.11-dev/lib/pkgconfig:/nix/store/yb9axzdqhnamqssl2i9l8kl30x22pcb9-libffi-3.2.1-dev/lib/pkgconfig:/nix/store/7szhczx871gdip17crd7bg3rchhqa86y-ORBit2-2.14.19-dev/lib/pkgconfig:/nix/store/nccbs1aiwwajqg7gz8y3bgag31hmlqfb-libIDL-0.8.14/lib/pkgconfig:/nix/store/0sf0v8fz43n5sz0k7cjxaifkzjimh0x6-libbonoboui-2.24.5-dev/lib/pkgconfig:/nix/store/9mzk7afm6m8dh1iz197kqqdra9rnji4v-libgnomecanvas-2.30.3-dev/lib/pkgconfig:/nix/store/cc8z8srk4rqdrz234a4xzbbaf9i5b0nr-gtk+-2.24.32-dev/lib/pkgconfig:/nix/store/qbhfjb2fagmn9vz9wh280w0j73lq2hjg-cairo-1.14.10-dev/lib/pkgconfig:/nix/store/2lgd6qnfhrzhy3vy7lw25qn0fvsbvzd7-fontconfig-2.12.1-dev/lib/pkgconfig:/nix/store/9yksdd65yard03m7ads6mysrxgnnmdss-freetype-2.7.1-dev/lib/pkgconfig:/nix/store/yhzxhwikm403q7m01g63rr0rzvrsg825-bzip2-1.0.6.0.1-dev/lib/pkgconfig:/nix/store/k9fjbxm37cq6pv0m4j9hp74lg64p038z-libpng-apng-1.6.34-dev/lib/pkgconfig:/nix/store/8ncpzbdgbwg3h8889w67fmb0ay06dpm1-expat-2.2.5-dev/lib/pkgconfig:/nix/store/8zwkx851l4v782f8jdcvk1lk4z42s8x0-pixman-0.34.0/lib/pkgconfig:/nix/store/1j4yb6jnn5d1vkb8pbv25c51hvgdibpr-xcb-util-0.4.0-dev/lib/pkgconfig:/nix/store/yn4mvjyiif6vp37ys7kxq3m7yfkkhjrc-mesa-noglu-17.3.6-dev/lib/pkgconfig:/nix/store/8p0n1zla4w9ybj6iqzmd8qgikjm0fahf-libXxf86vm-1.1.4-dev/lib/pkgconfig:/nix/store/gsdakxyxgzb2j0fch1hgb9zq8cppasxa-xf86vidmodeproto-2.3.1/lib/pkgconfig:/nix/store/2pds79ywmlvxhzd90q7xyjda5vc4jp60-libdrm-2.4.90-dev/lib/pkgconfig:/nix/store/mxqzc40rai0j8z73lgxh1bsnxmddw3kz-pango-1.40.14-dev/lib/pkgconfig:/nix/store/45py252dqicp5zr8hm0gm6hacdmsks82-harfbuzz-1.7.1-dev/lib/pkgconfig:/nix/store/0cj94v3rj7ixn5fqd7a4kh1ajnlprz4r-graphite2-1.3.6/lib/pkgconfig:/nix/store/5hy0yyp0qnyb8xngb285z1vzg3lm5k10-libXft-2.3.2-dev/lib/pkgconfig:/nix/store/jwjlcjj1qq6hnf90kdfpqii5v8qhsnh3-gdk-pixbuf-2.36.7-dev/lib/pkgconfig:/nix/store/vaqvlcgav3ly3hdx5yvk6gssnh5b9wkb-libtiff-4.0.9-dev/lib/pkgconfig:/nix/store/g5wlw7fshg23288pbqyc505vm6ilhqxm-libjpeg-turbo-1.5.3-dev/lib/pkgconfig:/nix/store/ww996cjyv9gdsfvg5v6467adp5x00fjp-xz-5.2.3-dev/lib/pkgconfig:/nix/store/4wrn67c4r6lbx70vw5yvx7z9nl8yfkqk-jasper-2.0.14-dev/lib/pkgconfig:/nix/store/k5kaamp13w1jx8di5931zvc5nd4dnp10-atk-2.26.1-dev/lib/pkgconfig:/nix/store/nnd9y92fglhn0yw3brhz6yffxy97kvr2-libXrandr-1.5.1-dev/lib/pkgconfig:/nix/store/vcvhflwnwsmxfxljqcmq7y9fzraj4a2a-randrproto-1.5.0/lib/pkgconfig:/nix/store/bwb18dlcr0zsrk5pmb3wlj9kh8x3hgib-libXi-1.7.9-dev/lib/pkgconfig:/nix/store/fss7sk3lrr4v19qp3h5narp4xlyrzps6-inputproto-2.3.2/lib/pkgconfig:/nix/store/j89lj703pvshcw9b30ma68x191z42zrj-libXcursor-1.1.15-dev/lib/pkgconfig:/nix/store/m2jfscscvzp0x1isnqf35rvx5nmbz4ch-libXinerama-1.1.3-dev/lib/pkgconfig:/nix/store/64igm2b6wsffw4ab4rwsr0d6syq4cliq-xineramaproto-1.2.1/lib/pkgconfig:/nix/store/0vr9lni0n2y31r3q9a0ppmhvvz4mwh9d-libgnome-2.32.1-dev/lib/pkgconfig:/nix/store/2fvw424y8sk7k78wx91ypygp97bbpaql-libogg-1.3.3-dev/lib/pkgconfig:/nix/store/603pjqb39js7i6j4122vb90iij1z8sfh-libgnomeui-2.24.5-dev/lib/pkgconfig:/nix/store/5miakzzfrkqrx1pyanws2125m1r4msxf-gnome-vfs-2.24.4-dev/lib/pkgconfig:/nix/store/hql1dc0vdmwxv5dalr75nmkgwjl3m601-gconf-2.32.4-dev/lib/pkgconfig:/nix/store/30gy5qynrb97zyhlc9v4r74ryfxx9l5i-dbus-1.10.24-dev/lib/pkgconfig:/nix/store/64hw8wpmp4xq19kxl5m59qn916iciixa-dbus-glib-0.108-dev/lib/pkgconfig:/nix/store/la9ssv41cvkrp0pksh5lbv1qq4qxrjl1-alsa-lib-1.1.5-dev/lib/pkgconfig:/nix/store/8bxzpqbchyha2bn8qabd23dg34fpgp6v-libpulseaudio-11.1-dev/lib/pkgconfig:/nix/store/4k61wqjqi8qs6clmir5af09viwqvihj8-libcap-2.25-dev/lib/pkgconfig:/nix/store/rjx2ncvp8g4bq1xkr494sfzzga01pybh-gstreamer-0.10.36-dev/lib/pkgconfig:/nix/store/3143f24xkdh6ihww7q8cgjnlyzqd5zmc-libxml2-2.9.7-dev/lib/pkgconfig:/nix/store/3b3avm6bj80dlvjrv7qjk42lfq6i6w28-gst-plugins-base-0.10.36-dev/lib/pkgconfig:/nix/store/0mz62gba7s21qlhq4mph81ixf2v0nlb4-gtk+3-3.22.28-dev/lib/pkgconfig:/nix/store/wq9dxr9vzrv1gfzlb0z7jam6lp7m7xq1-at-spi2-atk-2.26.1/lib/pkgconfig:/nix/store/4p1h4n411927l2s2mwca33m0s1l1z61q-gsettings-desktop-schemas-3.24.1/share/pkgconfig:/nix/store/mlmm2a007gg49ia1wa2klniki4ph0jv1-wayland-1.14.0/lib/pkgconfig:/nix/store/qz0rr5xiqh4wa1ls5cqywkgz1brmb5fh-wayland-protocols-1.11/share/pkgconfig:/nix/store/vc7a2ay0pbs5isscc1fda3wa557jchs3-gobject-introspection-1.54.1-dev/lib/pkgconfig:/nix/store/awsi1h746ian2afdmrhpw8ajkn0gsavb-procps-3.3.12/lib/pkgconfig:/nix/store/nx3jw576gqw01iiijgsav39w2qa4cni2-python-2.7.14/lib/pkgconfig:/nix/store/jd644x3ppch1i92lbiw837bd1rylqgip-openssl-1.0.2o-dev/lib/pkgconfig:/nix/store/vbvlba36jl5dfqnma2xqdl1ci294rnbr-libnotify-0.7.7/lib/pkgconfig:/nix/store/i4k7d8vmqhxhzkq775067mf6gjmw439f-valgrind-3.13.0-dev/lib/pkgconfig:/nix/store/kwdbw37kpgym0a1bnd5yczcsxl84vya4-icu4c-59.1-dev/lib/pkgconfig:/nix/store/bwh528xapwgjzxnxsjbj3fyppxzpawh0-nss-3.35-dev/lib/pkgconfig:/nix/store/ysgkjcxkci63mj6smp8s2w72abhzxv4p-nspr-4.18-dev/lib/pkgconfig:/nix/store/n2w7c9m4kbwlqrlxcja1akvwasagpcbp-libvpx-1.6.1-dev/lib/pkgconfig:/nix/store/cxn4wv56d1871pq38fqbyd996p1kc8nj-hunspell-1.6.2-dev/lib/pkgconfig:/nix/store/gzcly4bpvm78alliyl8vbzjdxm3bsgfv-sqlite-3.21.0-dev/lib/pkgconfig:/nix/store/jnlz9n0avbnlrccdqmi91ibhkf905q7x-libstartup-notification-0.12/lib/pkgconfig' 'SHELL=/nix/store/zqh3l3lyw32q1ayb15bnvg9f24j5v2p0-bash-4.4-p12/bin/bash' 'PATH=/nix/store/y5rlyv6nz8134s687d95ysc2gakwx7am-patchelf-0.9/bin:/nix/store/rf7pnq8qk9bkjpl4s2pm5dm2pk4yqhrc-paxctl-0.9/bin:/nix/store/gqg2vrcq7krqi9rrl6pphvsg81sb8pjw-gcc-wrapper-7.3.0/bin:/nix/store/bm7pb1s7rx1ad80706b5xqrznq7fgpgx-gcc-7.3.0/bin:/nix/store/6ca5dl2wy0nh37li1n4b152fcazsp3f6-glibc-2.26-131-bin/bin:/nix/store/cb3slv3szhp46xkrczqw7mscy5mnk64l-coreutils-8.29/bin:/nix/store/cmxaqb5cbzy4jk26na842n6hy1s4yn19-binutils-wrapper-2.28.1/bin:/nix/store/b0zlxla7dmy1iwc3g459rjznx59797xy-binutils-2.28.1/bin:/nix/store/1dm1zygy7n0iqvxzzqf3livr7ydvs2mf-python3-3.6.5/bin:/nix/store/ixlf9p8sjmw0zvd2ggzmfcsl7i5dp3pq-python3.6-setuptools-38.4.0/bin:/nix/store/pnjn1fv5s5a89vpqa63cvb407dapzy6c-which-2.21/bin:/nix/store/6m16jx9snhl5k1y078az476g9vfqvk4k-autoconf-2.13/bin:/nix/store/s029gmjpgvm776wfb56naqny9qja9339-perl-5.24.3/bin:/nix/store/afs58x7k2mpgv9wdq5v6xr7g31jjihpl-unzip-6.0/bin:/nix/store/rq684hfjyi84crlry4pwdqhbyyxjsk2d-zip-3.0/bin:/nix/store/lhp5rw0dagi5mgqwr9i3x41240ba4ypz-gnumake-4.2.1/bin:/nix/store/ax0xvjs9kqz7fn2gr5giciiigi6q7n0k-yasm-1.3.0/bin:/nix/store/340wmknqs4by554nwpg3hcr52lshqdj2-pkg-config-0.29.2/bin:/nix/store/2r6bvw7za4ynd1n2xr65b1jrqfg0yjfp-libart_lgpl-2.3.21/bin:/nix/store/cxf1sj5mkgb2z60qji1lyb9wp7fp76wa-glib-2.54.3-dev/bin:/nix/store/7szhczx871gdip17crd7bg3rchhqa86y-ORBit2-2.14.19-dev/bin:/nix/store/nccbs1aiwwajqg7gz8y3bgag31hmlqfb-libIDL-0.8.14/bin:/nix/store/1psa21c6ycl337k7pm698l75bhxgyfzy-ORBit2-2.14.19/bin:/nix/store/jljvnr34rv1fzh2m03d46isvzk95ssdr-libbonobo-2.32.1/bin:/nix/store/cc8z8srk4rqdrz234a4xzbbaf9i5b0nr-gtk+-2.24.32-dev/bin:/nix/store/qbhfjb2fagmn9vz9wh280w0j73lq2hjg-cairo-1.14.10-dev/bin:/nix/store/9yksdd65yard03m7ads6mysrxgnnmdss-freetype-2.7.1-dev/bin:/nix/store/qqv6r9vkpb44rw5d8wyfpx64rgqzlvdm-bzip2-1.0.6.0.1-bin/bin:/nix/store/k9fjbxm37cq6pv0m4j9hp74lg64p038z-libpng-apng-1.6.34-dev/bin:/nix/store/0alz3scxpgnirzkyz254j3jvf2syf9d8-fontconfig-2.12.1-bin/bin:/nix/store/8ncpzbdgbwg3h8889w67fmb0ay06dpm1-expat-2.2.5-dev/bin:/nix/store/1pdl62g1inalcc13mfwbmvc5alzqal2n-libdrm-2.4.90-bin/bin:/nix/store/45py252dqicp5zr8hm0gm6hacdmsks82-harfbuzz-1.7.1-dev/bin:/nix/store/0cj94v3rj7ixn5fqd7a4kh1ajnlprz4r-graphite2-1.3.6/bin:/nix/store/3qvsxrsw5ij79wi1sn1y3z3hwqygx9gx-pango-1.40.14-bin/bin:/nix/store/jwjlcjj1qq6hnf90kdfpqii5v8qhsnh3-gdk-pixbuf-2.36.7-dev/bin:/nix/store/ssmhdid5b2s3gf4kwvky8q0119dy5vyf-libjpeg-turbo-1.5.3-bin/bin:/nix/store/aakgkcvw6j54zg38zrn1w00sgxx0zj8b-xz-5.2.3-bin/bin:/nix/store/nr17jlbss1jffdgh6rknf0wxvz9df219-libtiff-4.0.9-bin/bin:/nix/store/x0jclbms2bldcq7azzsw6c9z68sbhdgs-jasper-2.0.14-bin/bin:/nix/store/nnd0d1jbaph3xgs1z0s969xv5n3csdxa-gdk-pixbuf-2.36.7/bin:/nix/store/avcr8ri97kynqpqafg5c2bq3l67cca5v-cups-2.2.6-dev/bin:/nix/store/qbwhkl8qs76715cl5sa0893vp4fm8k7b-cups-2.2.6/bin:/nix/store/xwyp69b2b85y56h7akw9j7sxwzkr0y92-gtk+-2.24.32/bin:/nix/store/9ccy81kzwjnxjxsar78gkmakwwdfq26n-libgnome-2.32.1/bin:/nix/store/p2xv7zcg9pak48j5i689jl5nmkssmf98-libbonoboui-2.24.5/bin:/nix/store/s2xvg8k21w3y9pzhh51wlscwgz6h9v83-gconf-2.32.4/bin:/nix/store/rkzpvfz9f45lghj9i35p2z9ls66flvpi-gnome-vfs-2.24.4/bin:/nix/store/fcg60r125nzdzk0cimrd4z277gqf8ca9-dbus-1.10.24-lib/bin:/nix/store/ia9x1pjgqb3slk15sv2y1llrk9nplpri-dbus-1.10.24/bin:/nix/store/64hw8wpmp4xq19kxl5m59qn916iciixa-dbus-glib-0.108-dev/bin:/nix/store/n07bypvyip8xgjmynqg50q37wvmnfvs2-alsa-lib-1.1.5/bin:/nix/store/6bzyb2y3mkz1spg6l3i4wp2lmkkh6f3v-attr-2.4.47-bin/bin:/nix/store/ygi8766zlysmzqxvk7dhc6wkv93jcpzd-libcap-2.25/bin:/nix/store/3143f24xkdh6ihww7q8cgjnlyzqd5zmc-libxml2-2.9.7-dev/bin:/nix/store/mnm5w1h20ddkrd3i435n03qiqqqvll97-libxml2-2.9.7-bin/bin:/nix/store/c4i4fi42drpzyik34h0rlbkxk9g5nbc5-gstreamer-0.10.36/bin:/nix/store/icc4mss4gpi9yw8hk1wc7by1scmrv53v-gst-plugins-base-0.10.36/bin:/nix/store/0mz62gba7s21qlhq4mph81ixf2v0nlb4-gtk+3-3.22.28-dev/bin:/nix/store/mlmm2a007gg49ia1wa2klniki4ph0jv1-wayland-1.14.0/bin:/nix/store/19y1sm233aa4q93qsbib04za9brvax64-gtk+3-3.22.28/bin:/nix/store/vc7a2ay0pbs5isscc1fda3wa557jchs3-gobject-introspection-1.54.1-dev/bin:/nix/store/awsi1h746ian2afdmrhpw8ajkn0gsavb-procps-3.3.12/bin:/nix/store/6lkl4g8jbg0m4fgl5s1jclafic2k6lhx-git-2.16.2/bin:/nix/store/d7gspk4njym9k88qk2a3sqjasi8ab2z6-mercurial-4.5/bin:/nix/store/a3qhl9b5v89b3gh0qjna6my1wl5vbqq7-python2.7-dulwich-0.18.6/bin:/nix/store/nx3jw576gqw01iiijgsav39w2qa4cni2-python-2.7.14/bin:/nix/store/xr3li4as4jycwk9lgqn08s0q9s86svqf-python2.7-setuptools-38.4.0/bin:/nix/store/0bgnx6v0i3zi6kpc4dnh98l8isix3rw2-openssl-1.0.2o-bin/bin:/nix/store/5dh5x82i892s162bqrlrym71qp4dwvq3-cmake-3.10.2/bin:/nix/store/vbvlba36jl5dfqnma2xqdl1ci294rnbr-libnotify-0.7.7/bin:/nix/store/j35sgbqnyxfn7rz31812r7l82az9zmzk-valgrind-3.13.0/bin:/nix/store/vyl4q1bhxnqbgkslbaxzp09nh48x6wdb-gdb-8.1/bin:/nix/store/1591qvjywwvw9f1m0smzkb1p3yfk8gpd-rr-5.1.0/bin:/nix/store/bk3hvkxywzc537m2w3di68aw7pwz80df-ccache-3.4.1/bin:/nix/store/0i0b8390dab21pd34x7wjgl49301qqgb-rustc-1.24.0/bin:/nix/store/d6g30kgzg9j7jvf1hci8k813vbay2iqb-cargo-0.24.0/bin:/nix/store/77bsskn86yf6h11mx96xkxm9bqv42kqg-zsh-5.5.1/bin:/nix/store/lmq72s0kwyd3dfm1k9ahmaha5zcj5igh-tup/bin:/nix/store/pxsrm9avcrp833rd96sp6vgs45yzrij9-fusermount/bin:/nix/store/xa5qvlg5pp5rh2dshlwvd708ks066azv-librsvg-2.42.2/bin:/nix/store/kwdbw37kpgym0a1bnd5yczcsxl84vya4-icu4c-59.1-dev/bin:/nix/store/bwh528xapwgjzxnxsjbj3fyppxzpawh0-nss-3.35-dev/bin:/nix/store/ysgkjcxkci63mj6smp8s2w72abhzxv4p-nspr-4.18-dev/bin:/nix/store/cffgk5hna0yljhy7japikcbxy7f55arl-libvpx-1.6.1-bin/bin:/nix/store/iy5737v30gb1zwyai59c5y83f3ymy797-hunspell-1.6.2-bin/bin:/nix/store/jhrwlpfijc4igz6xsx01z4z45k50kjsv-sqlite-3.21.0-bin/bin:/nix/store/364b5gkvgrm87bh1scxm5h8shp975n0r-findutils-4.6.0/bin:/nix/store/cg3yhpr5hfr00y0aah23pgxiijpzl6nz-diffutils-3.6/bin:/nix/store/navldm477k3ar6cy0zlw9rk43i459g69-gnused-4.4/bin:/nix/store/s63b2myh6rxfl4aqwi9yxd6rq66djk33-gnugrep-3.1/bin:/nix/store/j79xs2j519bmvq0gihz8ff4nw5aj3vlh-gawk-4.2.0/bin:/nix/store/2p00w952ljb1172nsf3jm7nsjgsw5qpw-gnutar-1.30/bin:/nix/store/d7895h1an2pgcd6a3vx3yb5fbg786lci-gzip-1.9/bin:/nix/store/zqh3l3lyw32q1ayb15bnvg9f24j5v2p0-bash-4.4-p12/bin:/nix/store/gd1mp76qr4zpbw3lccivhvi30b025x51-patch-2.7.6/bin' 'PYTHONDONTWRITEBYTECODE=True' ./mach build
 0:00.46 /nix/store/lmq72s0kwyd3dfm1k9ahmaha5zcj5igh-tup/bin/tup upd /home/gmaudoux/projets/gecko-tup/gecko-dev/obj-tup -j4 --no-environ-check
 0:00.47 [ tup ] [0.000s] Scanning filesystem...
 0:01.40 [ tup ] [0.935s] No tup.config changes (environment check disabled).
 0:01.40 [ tup ] [0.936s] Parsing Tupfiles...
 0:01.42   25% 1) [0.002s] .
 0:01.42   50% 2) [0.001s] obj-tup
 0:01.42   75% 3) [0.001s] obj-tup/dist/bin
 0:01.42  100% 4) [0.001s] obj-tup/build
 0:01.42 [ tup ] [0.948s] No files to delete.
 0:01.42 [ tup ] [0.948s] Generating .gitignore files...
 0:01.45 [ tup ] [0.983s] Executing Commands...
 0:25.32    0%   1) [23.867s] obj-tup/dom/webbrowserpersist: CXX Unified_cpp_webbrowserpersist0.cpp
 0:25.56    1%   2) [24.108s] obj-tup/dom/network: CXX Unified_cpp_dom_network0.cpp
 0:27.73    2%   3) [26.277s] obj-tup/editor/libeditor: CXX Unified_cpp_editor_libeditor2.cpp
 0:31.44    3%   4) [29.989s] obj-tup/editor/libeditor: CXX Unified_cpp_editor_libeditor0.cpp
 0:31.44 In file included from /home/gmaudoux/projets/gecko-tup/gecko-dev/obj-tup/dist/include/js/GCPolicyAPI.h:43:0,
 0:31.44                  from /home/gmaudoux/projets/gecko-tup/gecko-dev/obj-tup/dist/include/js/RootingAPI.h:22,
 0:31.44                  from /home/gmaudoux/projets/gecko-tup/gecko-dev/obj-tup/dist/include/nsCycleCollectionParticipant.h:13,
 0:31.44                  from /home/gmaudoux/projets/gecko-tup/gecko-dev/obj-tup/dist/include/mozilla/EditTransactionBase.h:9,
 0:31.44                  from /home/gmaudoux/projets/gecko-tup/gecko-dev/obj-tup/dist/include/mozilla/ChangeStyleTransaction.h:9,
 0:31.44                  from /home/gmaudoux/projets/gecko-tup/gecko-dev/obj-tup/dist/include/mozilla/CSSEditUtils.h:9,
 0:31.44                  from /home/gmaudoux/projets/gecko-tup/gecko-dev/editor/libeditor/CSSEditUtils.cpp:6,
 0:31.44                  from Unified_cpp_editor_libeditor0.cpp:2:
 0:31.44 /home/gmaudoux/projets/gecko-tup/gecko-dev/obj-tup/dist/include/mozilla/Maybe.h: In member function 'virtual nsresult mozilla::CreateElementTransaction::DoTransaction()':
 0:31.44 /home/gmaudoux/projets/gecko-tup/gecko-dev/obj-tup/dist/include/mozilla/Maybe.h:321:16: warning: '*((void*)& afterNewNode +16)' may be used uninitialized in this function [-Wmaybe-uninitialized]
 0:31.44      return ref();
 0:31.44                 ^
 0:31.44 /home/gmaudoux/projets/gecko-tup/gecko-dev/obj-tup/dist/include/mozilla/Maybe.h: In member function 'already_AddRefed<mozilla::dom::Element> mozilla::EditorBase::InsertContainerWithTransactionInternal(nsIContent&, nsAtom&, nsAtom&, const nsAString&)':
 0:31.44 /home/gmaudoux/projets/gecko-tup/gecko-dev/obj-tup/dist/include/mozilla/Maybe.h:321:16: warning: '*((void*)& pointToInsertNewContainer +16)' may be used uninitialized in this function [-Wmaybe-uninitialized]
 0:31.44      return ref();
 0:31.44                 ^
 0:40.28    3%   5) [12.552s] obj-tup/dom/media: CXX Unified_cpp_dom_media1.cpp
 0:42.27    4%   6) [16.949s] obj-tup/dom/browser-element: CXX /home/gmaudoux/projets/gecko-tup/gecko-dev/dom/browser-element/BrowserElementParent.cpp
 0:55.68    5%   7) [24.238s] obj-tup/dom/media: CXX Unified_cpp_dom_media2.cpp
 1:01.73    5%   8) [21.451s] obj-tup/dom/media/systemservices: CXX Unified_cpp_systemservices0.cpp
 1:08.28    6%   9) [26.009s] obj-tup/dom/events: CXX /home/gmaudoux/projets/gecko-tup/gecko-dev/dom/events/EventStateManager.cpp
 1:08.98    7%  10) [43.418s] obj-tup/dom/indexedDB: CXX /home/gmaudoux/projets/gecko-tup/gecko-dev/dom/indexedDB/ActorsParent.cpp
 1:08.98 /home/gmaudoux/projets/gecko-tup/gecko-dev/dom/indexedDB/ActorsParent.cpp: In member function 'virtual nsresult mozilla::dom::indexedDB::{anonymous}::DatabaseMaintenance::Run()':
 1:08.98 /home/gmaudoux/projets/gecko-tup/gecko-dev/dom/indexedDB/ActorsParent.cpp:18913:3: warning: 'maintenanceAction' may be used uninitialized in this function [-Wmaybe-uninitialized]
 1:08.98    switch (maintenanceAction) {
 1:08.98    ^~~~~~
 1:08.98 /home/gmaudoux/projets/gecko-tup/gecko-dev/dom/indexedDB/ActorsParent.cpp:18907:21: note: 'maintenanceAction' was declared here
 1:08.98    MaintenanceAction maintenanceAction;
 1:08.98                      ^~~~~~~~~~~~~~~~~
 1:25.83    8%  11) [30.156s] obj-tup/dom/events: CXX Unified_cpp_dom_events0.cpp
 1:32.50    9%  12) [30.767s] obj-tup/dom/events: CXX Unified_cpp_dom_events1.cpp
 1:34.15   10%  13) [25.872s] obj-tup/dom/events: CXX Unified_cpp_dom_events2.cpp
 1:36.05   11%  14) [27.064s] obj-tup/dom/presentation: CXX Unified_cpp_dom_presentation0.cpp
 1:44.61   12%  15) [18.778s] obj-tup/dom/presentation: CXX Unified_cpp_dom_presentation1.cpp
 2:00.51   12%  16) [26.355s] obj-tup/dom/plugins/ipc: CXX Unified_cpp_dom_plugins_ipc0.cpp
 2:00.82   13%  17) [28.320s] obj-tup/dom/plugins/base: CXX Unified_cpp_dom_plugins_base0.cpp
 2:03.34   14%  18) [27.290s] obj-tup/dom/html: CXX Unified_cpp_dom_html0.cpp
 2:15.01   15%  19) [11.676s] obj-tup/dom/canvas: CXX Unified_cpp_dom_canvas3.cpp
 2:18.05   15%  20) [17.227s] obj-tup/dom/canvas: CXX Unified_cpp_dom_canvas2.cpp
 2:27.84   16%  21) [27.339s] obj-tup/dom/canvas: CXX Unified_cpp_dom_canvas1.cpp
 2:30.33   17%  22) [45.720s] obj-tup/dom/canvas: CXX Unified_cpp_dom_canvas0.cpp
 2:35.27   18%  23) [20.257s] obj-tup/dom/canvas: CXX Unified_cpp_dom_canvas4.cpp
 2:44.24   19%  24) [16.394s] obj-tup/dom/vr: CXX Unified_cpp_dom_vr0.cpp
 2:53.67   20%  25) [35.628s] obj-tup/dom/canvas: CXX Unified_cpp_dom_canvas5.cpp
 2:57.21   20%  26) [12.967s] obj-tup/dom/base: CXX /home/gmaudoux/projets/gecko-tup/gecko-dev/dom/base/nsImageLoadingContent.cpp
 3:02.77   21%  27) [27.506s] obj-tup/dom/base: CXX /home/gmaudoux/projets/gecko-tup/gecko-dev/dom/base/nsDOMWindowUtils.cpp
 3:03.88   22%  28) [33.546s] obj-tup/dom/base: CXX /home/gmaudoux/projets/gecko-tup/gecko-dev/dom/base/nsContentUtils.cpp
 3:16.01   23%  29) [22.334s] obj-tup/dom/base: CXX /home/gmaudoux/projets/gecko-tup/gecko-dev/dom/base/nsObjectLoadingContent.cpp
 3:21.89   24%  30) [24.684s] obj-tup/dom/base: CXX Unified_cpp_dom_base4.cpp
 3:38.13   25%  31) [35.354s] obj-tup/dom/base: CXX Unified_cpp_dom_base5.cpp
 3:40.68   26%  32) [18.789s] obj-tup/dom/ipc: CXX /home/gmaudoux/projets/gecko-tup/gecko-dev/dom/ipc/ProcessHangMonitor.cpp
 3:46.23   27%  33) [30.213s] obj-tup/dom/base: CXX Unified_cpp_dom_base8.cpp
 4:05.79   27%  34) [19.570s] obj-tup/widget: CXX /home/gmaudoux/projets/gecko-tup/gecko-dev/widget/nsBaseDragService.cpp
 4:08.39   28%  35) [27.702s] obj-tup/dom/ipc: CXX Unified_cpp_dom_ipc1.cpp
 4:17.02   30%  36) [73.133s] obj-tup/dom/base: CXX Unified_cpp_dom_base6.cpp
 4:29.87   31%  37) [12.860s] obj-tup/widget: CXX Unified_cpp_widget2.cpp
 4:30.10   33%  38) [51.973s] obj-tup/dom/ipc: CXX Unified_cpp_dom_ipc0.cpp
 4:30.10 In file included from Unified_cpp_dom_ipc0.cpp:56:0:
 4:30.10 /home/gmaudoux/projets/gecko-tup/gecko-dev/dom/ipc/ContentProcess.cpp: In member function 'virtual bool mozilla::dom::ContentProcess::Init(int, char**)':
 4:30.10 /home/gmaudoux/projets/gecko-tup/gecko-dev/dom/ipc/ContentProcess.cpp:217:22: warning: 'schedulerPrefs' may be used uninitialized in this function [-Wmaybe-uninitialized]
 4:30.10    Scheduler::SetPrefs(*schedulerPrefs);
 4:30.10    ~~~~~~~~~~~~~~~~~~~^~~~~~~~~~~~~~~~~
 4:30.10 /home/gmaudoux/projets/gecko-tup/gecko-dev/dom/ipc/ContentProcess.cpp:210:15: warning: 'prefsLen' may be used uninitialized in this function [-Wmaybe-uninitialized]
 4:30.10    if (!shm.Map(*prefsLen)) {
 4:30.10         ~~~~~~~^~~~~~~~~~~
 4:30.10 /home/gmaudoux/projets/gecko-tup/gecko-dev/dom/ipc/ContentProcess.cpp:222:17: warning: 'isForBrowser' may be used uninitialized in this function [-Wmaybe-uninitialized]
 4:30.10                  *isForBrowser);
 4:30.10                  ^~~~~~~~~~~~~
 4:30.10 /home/gmaudoux/projets/gecko-tup/gecko-dev/dom/ipc/ContentProcess.cpp:218:16: warning: 'childID' may be used uninitialized in this function [-Wmaybe-uninitialized]
 4:30.10    mContent.Init(IOThreadChild::message_loop(),
 4:30.10    ~~~~~~~~~~~~~^~~~~~~~~~~~~~~~~~~~~~~~~~~~~~~
 4:30.10                  ParentPid(),
 4:30.10                  ~~~~~~~~~~~~
 4:30.10                  IOThreadChild::channel(),
 4:30.10                  ~~~~~~~~~~~~~~~~~~~~~~~~~
 4:30.10                  *childID,
 4:30.10                  ~~~~~~~~~
 4:30.10                  *isForBrowser);
 4:30.10                  ~~~~~~~~~~~~~~
 4:31.27   33%  39) [25.470s] obj-tup/widget: CXX /home/gmaudoux/projets/gecko-tup/gecko-dev/widget/nsBaseWidget.cpp
 4:40.66   34%  40) [32.278s] obj-tup/widget: CXX Unified_cpp_widget0.cpp
 4:50.68   35%  41) [20.562s] obj-tup/xpcom/build: CXX Unified_cpp_xpcom_build0.cpp
 4:56.65   36%  42) [26.553s] obj-tup/widget/gtk: CXX /home/gmaudoux/projets/gecko-tup/gecko-dev/widget/gtk/nsWindow.cpp
 5:04.76   37%  43) [33.489s] obj-tup/accessible/generic: CXX Unified_cpp_accessible_generic0.cpp
 5:05.64   38%  44) [24.973s] obj-tup/accessible/base: CXX Unified_cpp_accessible_base0.cpp
 5:08.11   38%  45) [17.435s] obj-tup/accessible/ipc: CXX Unified_cpp_accessible_ipc0.cpp
 5:14.26   39%  46) [17.608s] obj-tup/accessible/ipc/other: CXX /home/gmaudoux/projets/gecko-tup/gecko-dev/accessible/ipc/other/ProxyAccessible.cpp
 5:27.87   39%  47) [22.235s] obj-tup/docshell/shistory: CXX Unified_cpp_docshell_shistory0.cpp
 5:28.23   40%  48) [23.475s] obj-tup/xpfe/appshell: CXX Unified_cpp_xpfe_appshell0.cpp
 5:37.93   41%  49) [23.667s] obj-tup/netwerk/protocol/ftp: CXX Unified_cpp_netwerk_protocol_ftp0.cpp
 5:49.67   42%  50) [41.555s] obj-tup/netwerk/protocol/http: CXX Unified_cpp_protocol_http1.cpp
 5:49.77   43%  51) [21.890s] obj-tup/netwerk/ipc: CXX Unified_cpp_netwerk_ipc0.cpp
 5:49.82   44%  52) [21.593s] obj-tup/js/xpconnect/src: CXX Unified_cpp_js_xpconnect_src1.cpp
 6:01.84   44%  53) [23.913s] obj-tup/ipc/ipdl: CXX UnifiedProtocols16.cpp
 6:07.59   45%  54) [17.769s] obj-tup/hal: CXX Unified_cpp_hal0.cpp
 6:12.69   46%  55) [22.863s] obj-tup/uriloader/exthandler: CXX Unified_cpp_uriloader_exthandler0.cpp
 6:16.90   46%  56) [4.207s] obj-tup/gfx/ycbcr: CXX Unified_cpp_gfx_ycbcr0.cpp
 6:23.06   47%  57) [33.393s] obj-tup/ipc/ipdl: CXX UnifiedProtocols9.cpp
 6:24.17   48%  58) [22.324s] obj-tup/uriloader/prefetch: CXX Unified_cpp_uriloader_prefetch0.cpp
 6:25.55   48%  59) [17.956s] obj-tup/gfx/2d: CXX Unified_cpp_gfx_2d1.cpp
 6:25.55 In file included from Unified_cpp_gfx_2d1.cpp:47:0:
 6:25.56 /home/gmaudoux/projets/gecko-tup/gecko-dev/gfx/2d/Path.cpp: In function 'void mozilla::gfx::FlattenBezier(const mozilla::gfx::BezierControlPoints&, mozilla::gfx::PathSink*, double)':
 6:25.56 /home/gmaudoux/projets/gecko-tup/gecko-dev/gfx/2d/Path.cpp:472:34: warning: 't2' may be used uninitialized in this function [-Wmaybe-uninitialized]
 6:25.56    double t1min = t1, t1max = t1, t2min = t2, t2max = t2;
 6:25.56                                   ^~~~~
 6:29.46   48%  60) [6.396s] obj-tup/gfx/gl: CXX /home/gmaudoux/projets/gecko-tup/gecko-dev/gfx/gl/GLContextProviderGLX.cpp
 6:38.01   49%  61) [21.115s] obj-tup/gfx/src: CXX Unified_cpp_gfx_src0.cpp
 6:38.01 In file included from /home/gmaudoux/projets/gecko-tup/gecko-dev/obj-tup/dist/include/Units.h:18:0,
 6:38.01                  from /home/gmaudoux/projets/gecko-tup/gecko-dev/obj-tup/dist/include/nsITheme.h:15,
 6:38.01                  from /home/gmaudoux/projets/gecko-tup/gecko-dev/obj-tup/dist/include/nsIWidget.h:18,
 6:38.01                  from /home/gmaudoux/projets/gecko-tup/gecko-dev/obj-tup/dist/include/ipc/IPCMessageUtils.h:34,
 6:38.01                  from /home/gmaudoux/projets/gecko-tup/gecko-dev/obj-tup/ipc/ipdl/_ipdlheaders/mozilla/dom/PContentBridge.h:11,
 6:38.01                  from /home/gmaudoux/projets/gecko-tup/gecko-dev/obj-tup/ipc/ipdl/_ipdlheaders/mozilla/dom/PContentBridgeParent.h:9,
 6:38.01                  from /home/gmaudoux/projets/gecko-tup/gecko-dev/obj-tup/dist/include/mozilla/dom/ContentBridgeParent.h:10,
 6:38.01                  from /home/gmaudoux/projets/gecko-tup/gecko-dev/obj-tup/dist/include/mozilla/dom/ContentChild.h:12,
 6:38.01                  from /home/gmaudoux/projets/gecko-tup/gecko-dev/gfx/src/DriverCrashGuard.cpp:20,
 6:38.01                  from Unified_cpp_gfx_src0.cpp:2:
 6:38.01 /home/gmaudoux/projets/gecko-tup/gecko-dev/obj-tup/dist/include/nsRegion.h: In member function 'void nsRegion::Inflate(const nsMargin&)':
 6:38.01 /home/gmaudoux/projets/gecko-tup/gecko-dev/obj-tup/dist/include/nsRegion.h:2199:47: warning: 'iter.nsRegion::RectIterator::mCurrentStrip' may be used uninitialized in this function [-Wmaybe-uninitialized]
 6:38.01          mCurrentStrip->right - mCurrentStrip->left,
 6:38.01                                 ~~~~~~~~~~~~~~~^~~~
 6:38.01 In file included from Unified_cpp_gfx_src0.cpp:83:0:
 6:38.01 /home/gmaudoux/projets/gecko-tup/gecko-dev/gfx/src/nsRegion.cpp:132:21: note: 'iter.nsRegion::RectIterator::mCurrentStrip' was declared here
 6:38.01    for (RectIterator iter = RectIterator(*this); !iter.Done(); iter.Next()) {
 6:38.01                      ^~~~
 6:38.01 In file included from /home/gmaudoux/projets/gecko-tup/gecko-dev/obj-tup/dist/include/Units.h:18:0,
 6:38.01                  from /home/gmaudoux/projets/gecko-tup/gecko-dev/obj-tup/dist/include/nsITheme.h:15,
 6:38.01                  from /home/gmaudoux/projets/gecko-tup/gecko-dev/obj-tup/dist/include/nsIWidget.h:18,
 6:38.01                  from /home/gmaudoux/projets/gecko-tup/gecko-dev/obj-tup/dist/include/ipc/IPCMessageUtils.h:34,
 6:38.01                  from /home/gmaudoux/projets/gecko-tup/gecko-dev/obj-tup/ipc/ipdl/_ipdlheaders/mozilla/dom/PContentBridge.h:11,
 6:38.01                  from /home/gmaudoux/projets/gecko-tup/gecko-dev/obj-tup/ipc/ipdl/_ipdlheaders/mozilla/dom/PContentBridgeParent.h:9,
 6:38.02                  from /home/gmaudoux/projets/gecko-tup/gecko-dev/obj-tup/dist/include/mozilla/dom/ContentBridgeParent.h:10,
 6:38.02                  from /home/gmaudoux/projets/gecko-tup/gecko-dev/obj-tup/dist/include/mozilla/dom/ContentChild.h:12,
 6:38.02                  from /home/gmaudoux/projets/gecko-tup/gecko-dev/gfx/src/DriverCrashGuard.cpp:20,
 6:38.02                  from Unified_cpp_gfx_src0.cpp:2:
 6:38.02 /home/gmaudoux/projets/gecko-tup/gecko-dev/obj-tup/dist/include/nsRegion.h: In member function 'nsRegion& nsRegion::ScaleRoundOut(float, float)':
 6:38.02 /home/gmaudoux/projets/gecko-tup/gecko-dev/obj-tup/dist/include/nsRegion.h:2199:47: warning: 'iter.nsRegion::RectIterator::mCurrentStrip' may be used uninitialized in this function [-Wmaybe-uninitialized]
 6:38.02          mCurrentStrip->right - mCurrentStrip->left,
 6:38.02                                 ~~~~~~~~~~~~~~~^~~~
 6:38.02 In file included from Unified_cpp_gfx_src0.cpp:83:0:
 6:38.02 /home/gmaudoux/projets/gecko-tup/gecko-dev/gfx/src/nsRegion.cpp:491:21: note: 'iter.nsRegion::RectIterator::mCurrentStrip' was declared here
 6:38.02    for (RectIterator iter = RectIterator(*this); !iter.Done(); iter.Next()) {
 6:38.02                      ^~~~
 6:38.02 In file included from /home/gmaudoux/projets/gecko-tup/gecko-dev/obj-tup/dist/include/Units.h:18:0,
 6:38.02                  from /home/gmaudoux/projets/gecko-tup/gecko-dev/obj-tup/dist/include/nsITheme.h:15,
 6:38.02                  from /home/gmaudoux/projets/gecko-tup/gecko-dev/obj-tup/dist/include/nsIWidget.h:18,
 6:38.02                  from /home/gmaudoux/projets/gecko-tup/gecko-dev/obj-tup/dist/include/ipc/IPCMessageUtils.h:34,
 6:38.02                  from /home/gmaudoux/projets/gecko-tup/gecko-dev/obj-tup/ipc/ipdl/_ipdlheaders/mozilla/dom/PContentBridge.h:11,
 6:38.02                  from /home/gmaudoux/projets/gecko-tup/gecko-dev/obj-tup/ipc/ipdl/_ipdlheaders/mozilla/dom/PContentBridgeParent.h:9,
 6:38.02                  from /home/gmaudoux/projets/gecko-tup/gecko-dev/obj-tup/dist/include/mozilla/dom/ContentBridgeParent.h:10,
 6:38.02                  from /home/gmaudoux/projets/gecko-tup/gecko-dev/obj-tup/dist/include/mozilla/dom/ContentChild.h:12,
 6:38.02                  from /home/gmaudoux/projets/gecko-tup/gecko-dev/gfx/src/DriverCrashGuard.cpp:20,
 6:38.02                  from Unified_cpp_gfx_src0.cpp:2:
 6:38.02 /home/gmaudoux/projets/gecko-tup/gecko-dev/obj-tup/dist/include/nsRegion.h: In member function 'nsRegion& nsRegion::Transform(const Matrix4x4&)':
 6:38.02 /home/gmaudoux/projets/gecko-tup/gecko-dev/obj-tup/dist/include/nsRegion.h:2199:47: warning: 'iter.nsRegion::RectIterator::mCurrentStrip' may be used uninitialized in this function [-Wmaybe-uninitialized]
 6:38.02          mCurrentStrip->right - mCurrentStrip->left,
 6:38.03                                 ~~~~~~~~~~~~~~~^~~~
 6:38.03 In file included from Unified_cpp_gfx_src0.cpp:83:0:
 6:38.03 /home/gmaudoux/projets/gecko-tup/gecko-dev/gfx/src/nsRegion.cpp:536:21: note: 'iter.nsRegion::RectIterator::mCurrentStrip' was declared here
 6:38.03    for (RectIterator iter = RectIterator(*this); !iter.Done(); iter.Next()) {
 6:38.03                      ^~~~
 6:38.03 In file included from /home/gmaudoux/projets/gecko-tup/gecko-dev/obj-tup/dist/include/Units.h:18:0,
 6:38.04                  from /home/gmaudoux/projets/gecko-tup/gecko-dev/obj-tup/dist/include/nsITheme.h:15,
 6:38.04                  from /home/gmaudoux/projets/gecko-tup/gecko-dev/obj-tup/dist/include/nsIWidget.h:18,
 6:38.04                  from /home/gmaudoux/projets/gecko-tup/gecko-dev/obj-tup/dist/include/ipc/IPCMessageUtils.h:34,
 6:38.04                  from /home/gmaudoux/projets/gecko-tup/gecko-dev/obj-tup/ipc/ipdl/_ipdlheaders/mozilla/dom/PContentBridge.h:11,
 6:38.04                  from /home/gmaudoux/projets/gecko-tup/gecko-dev/obj-tup/ipc/ipdl/_ipdlheaders/mozilla/dom/PContentBridgeParent.h:9,
 6:38.04                  from /home/gmaudoux/projets/gecko-tup/gecko-dev/obj-tup/dist/include/mozilla/dom/ContentBridgeParent.h:10,
 6:38.04                  from /home/gmaudoux/projets/gecko-tup/gecko-dev/obj-tup/dist/include/mozilla/dom/ContentChild.h:12,
 6:38.04                  from /home/gmaudoux/projets/gecko-tup/gecko-dev/gfx/src/DriverCrashGuard.cpp:20,
 6:38.04                  from Unified_cpp_gfx_src0.cpp:2:
 6:38.04 /home/gmaudoux/projets/gecko-tup/gecko-dev/obj-tup/dist/include/nsRegion.h: In member function 'nsRegion& nsRegion::Or(const nsRegion&, const nsRegion&)':
 6:38.04 /home/gmaudoux/projets/gecko-tup/gecko-dev/obj-tup/dist/include/nsRegion.h:2199:47: warning: 'idx.nsRegion::RectIterator::mCurrentStrip' may be used uninitialized in this function [-Wmaybe-uninitialized]
 6:38.04          mCurrentStrip->right - mCurrentStrip->left,
 6:38.04                                 ~~~~~~~~~~~~~~~^~~~
 6:38.05 /home/gmaudoux/projets/gecko-tup/gecko-dev/obj-tup/dist/include/nsRegion.h:986:23: note: 'idx.nsRegion::RectIterator::mCurrentStrip' was declared here
 6:38.05      for (RectIterator idx(aRgn2); !idx.Done(); idx.Next()) {
 6:38.05                        ^~~
 6:38.05 /home/gmaudoux/projets/gecko-tup/gecko-dev/obj-tup/dist/include/nsRegion.h: In member function 'nsRegion nsRegion::ScaleToOtherAppUnitsRoundOut(int32_t, int32_t) const':
 6:38.05 /home/gmaudoux/projets/gecko-tup/gecko-dev/obj-tup/dist/include/nsRegion.h:2199:47: warning: 'iter.nsRegion::RectIterator::mCurrentStrip' may be used uninitialized in this function [-Wmaybe-uninitialized]
 6:38.05          mCurrentStrip->right - mCurrentStrip->left,
 6:38.05                                 ~~~~~~~~~~~~~~~^~~~
 6:38.05 In file included from Unified_cpp_gfx_src0.cpp:83:0:
 6:38.05 /home/gmaudoux/projets/gecko-tup/gecko-dev/gfx/src/nsRegion.cpp:552:21: note: 'iter.nsRegion::RectIterator::mCurrentStrip' was declared here
 6:38.05    for (RectIterator iter = RectIterator(*this); !iter.Done(); iter.Next()) {
 6:38.05                      ^~~~
 6:38.05 In file included from /home/gmaudoux/projets/gecko-tup/gecko-dev/obj-tup/dist/include/Units.h:18:0,
 6:38.05                  from /home/gmaudoux/projets/gecko-tup/gecko-dev/obj-tup/dist/include/nsITheme.h:15,
 6:38.05                  from /home/gmaudoux/projets/gecko-tup/gecko-dev/obj-tup/dist/include/nsIWidget.h:18,
 6:38.05                  from /home/gmaudoux/projets/gecko-tup/gecko-dev/obj-tup/dist/include/ipc/IPCMessageUtils.h:34,
 6:38.05                  from /home/gmaudoux/projets/gecko-tup/gecko-dev/obj-tup/ipc/ipdl/_ipdlheaders/mozilla/dom/PContentBridge.h:11,
 6:38.05                  from /home/gmaudoux/projets/gecko-tup/gecko-dev/obj-tup/ipc/ipdl/_ipdlheaders/mozilla/dom/PContentBridgeParent.h:9,
 6:38.05                  from /home/gmaudoux/projets/gecko-tup/gecko-dev/obj-tup/dist/include/mozilla/dom/ContentBridgeParent.h:10,
 6:38.05                  from /home/gmaudoux/projets/gecko-tup/gecko-dev/obj-tup/dist/include/mozilla/dom/ContentChild.h:12,
 6:38.05                  from /home/gmaudoux/projets/gecko-tup/gecko-dev/gfx/src/DriverCrashGuard.cpp:20,
 6:38.05                  from Unified_cpp_gfx_src0.cpp:2:
 6:38.05 /home/gmaudoux/projets/gecko-tup/gecko-dev/obj-tup/dist/include/nsRegion.h: In member function 'nsRegion nsRegion::ScaleToOtherAppUnitsRoundIn(int32_t, int32_t) const':
 6:38.05 /home/gmaudoux/projets/gecko-tup/gecko-dev/obj-tup/dist/include/nsRegion.h:2199:47: warning: 'iter.nsRegion::RectIterator::mCurrentStrip' may be used uninitialized in this function [-Wmaybe-uninitialized]
 6:38.05          mCurrentStrip->right - mCurrentStrip->left,
 6:38.05                                 ~~~~~~~~~~~~~~~^~~~
 6:38.05 In file included from Unified_cpp_gfx_src0.cpp:83:0:
 6:38.05 /home/gmaudoux/projets/gecko-tup/gecko-dev/gfx/src/nsRegion.cpp:568:21: note: 'iter.nsRegion::RectIterator::mCurrentStrip' was declared here
 6:38.06    for (RectIterator iter = RectIterator(*this); !iter.Done(); iter.Next()) {
 6:38.06                      ^~~~
 6:38.06 In file included from /home/gmaudoux/projets/gecko-tup/gecko-dev/obj-tup/dist/include/Units.h:18:0,
 6:38.06                  from /home/gmaudoux/projets/gecko-tup/gecko-dev/obj-tup/dist/include/nsITheme.h:15,
 6:38.06                  from /home/gmaudoux/projets/gecko-tup/gecko-dev/obj-tup/dist/include/nsIWidget.h:18,
 6:38.06                  from /home/gmaudoux/projets/gecko-tup/gecko-dev/obj-tup/dist/include/ipc/IPCMessageUtils.h:34,
 6:38.06                  from /home/gmaudoux/projets/gecko-tup/gecko-dev/obj-tup/ipc/ipdl/_ipdlheaders/mozilla/dom/PContentBridge.h:11,
 6:38.06                  from /home/gmaudoux/projets/gecko-tup/gecko-dev/obj-tup/ipc/ipdl/_ipdlheaders/mozilla/dom/PContentBridgeParent.h:9,
 6:38.06                  from /home/gmaudoux/projets/gecko-tup/gecko-dev/obj-tup/dist/include/mozilla/dom/ContentBridgeParent.h:10,
 6:38.06                  from /home/gmaudoux/projets/gecko-tup/gecko-dev/obj-tup/dist/include/mozilla/dom/ContentChild.h:12,
 6:38.06                  from /home/gmaudoux/projets/gecko-tup/gecko-dev/gfx/src/DriverCrashGuard.cpp:20,
 6:38.06                  from Unified_cpp_gfx_src0.cpp:2:
 6:38.06 /home/gmaudoux/projets/gecko-tup/gecko-dev/obj-tup/dist/include/nsRegion.h: In member function 'nsIntRegion nsRegion::ScaleToOutsidePixels(float, float, nscoord) const':
 6:38.06 /home/gmaudoux/projets/gecko-tup/gecko-dev/obj-tup/dist/include/nsRegion.h:2199:47: warning: 'iter.nsRegion::RectIterator::mCurrentStrip' may be used uninitialized in this function [-Wmaybe-uninitialized]
 6:38.06          mCurrentStrip->right - mCurrentStrip->left,
 6:38.06                                 ~~~~~~~~~~~~~~~^~~~
 6:38.06 In file included from Unified_cpp_gfx_src0.cpp:83:0:
 6:38.06 /home/gmaudoux/projets/gecko-tup/gecko-dev/gfx/src/nsRegion.cpp:620:21: note: 'iter.nsRegion::RectIterator::mCurrentStrip' was declared here
 6:38.06    for (RectIterator iter = RectIterator(*this); !iter.Done(); iter.Next()) {
 6:38.06                      ^~~~
 6:38.06 In file included from /home/gmaudoux/projets/gecko-tup/gecko-dev/obj-tup/dist/include/Units.h:18:0,
 6:38.06                  from /home/gmaudoux/projets/gecko-tup/gecko-dev/obj-tup/dist/include/nsITheme.h:15,
 6:38.06                  from /home/gmaudoux/projets/gecko-tup/gecko-dev/obj-tup/dist/include/nsIWidget.h:18,
 6:38.06                  from /home/gmaudoux/projets/gecko-tup/gecko-dev/obj-tup/dist/include/ipc/IPCMessageUtils.h:34,
 6:38.06                  from /home/gmaudoux/projets/gecko-tup/gecko-dev/obj-tup/ipc/ipdl/_ipdlheaders/mozilla/dom/PContentBridge.h:11,
 6:38.06                  from /home/gmaudoux/projets/gecko-tup/gecko-dev/obj-tup/ipc/ipdl/_ipdlheaders/mozilla/dom/PContentBridgeParent.h:9,
 6:38.06                  from /home/gmaudoux/projets/gecko-tup/gecko-dev/obj-tup/dist/include/mozilla/dom/ContentBridgeParent.h:10,
 6:38.06                  from /home/gmaudoux/projets/gecko-tup/gecko-dev/obj-tup/dist/include/mozilla/dom/ContentChild.h:12,
 6:38.06                  from /home/gmaudoux/projets/gecko-tup/gecko-dev/gfx/src/DriverCrashGuard.cpp:20,
 6:38.06                  from Unified_cpp_gfx_src0.cpp:2:
 6:38.06 /home/gmaudoux/projets/gecko-tup/gecko-dev/obj-tup/dist/include/nsRegion.h: In member function 'nsIntRegion nsRegion::ToPixels(nscoord, bool) const':
 6:38.06 /home/gmaudoux/projets/gecko-tup/gecko-dev/obj-tup/dist/include/nsRegion.h:2199:47: warning: 'iter.nsRegion::RectIterator::mCurrentStrip' may be used uninitialized in this function [-Wmaybe-uninitialized]
 6:38.06          mCurrentStrip->right - mCurrentStrip->left,
 6:38.06                                 ~~~~~~~~~~~~~~~^~~~
 6:38.06 In file included from Unified_cpp_gfx_src0.cpp:83:0:
 6:38.06 /home/gmaudoux/projets/gecko-tup/gecko-dev/gfx/src/nsRegion.cpp:580:21: note: 'iter.nsRegion::RectIterator::mCurrentStrip' was declared here
 6:38.06    for (RectIterator iter = RectIterator(*this); !iter.Done(); iter.Next()) {
 6:38.06                      ^~~~
 6:38.07 In file included from /home/gmaudoux/projets/gecko-tup/gecko-dev/obj-tup/dist/include/Units.h:18:0,
 6:38.07                  from /home/gmaudoux/projets/gecko-tup/gecko-dev/obj-tup/dist/include/nsITheme.h:15,
 6:38.07                  from /home/gmaudoux/projets/gecko-tup/gecko-dev/obj-tup/dist/include/nsIWidget.h:18,
 6:38.07                  from /home/gmaudoux/projets/gecko-tup/gecko-dev/obj-tup/dist/include/ipc/IPCMessageUtils.h:34,
 6:38.07                  from /home/gmaudoux/projets/gecko-tup/gecko-dev/obj-tup/ipc/ipdl/_ipdlheaders/mozilla/dom/PContentBridge.h:11,
 6:38.07                  from /home/gmaudoux/projets/gecko-tup/gecko-dev/obj-tup/ipc/ipdl/_ipdlheaders/mozilla/dom/PContentBridgeParent.h:9,
 6:38.07                  from /home/gmaudoux/projets/gecko-tup/gecko-dev/obj-tup/dist/include/mozilla/dom/ContentBridgeParent.h:10,
 6:38.07                  from /home/gmaudoux/projets/gecko-tup/gecko-dev/obj-tup/dist/include/mozilla/dom/ContentChild.h:12,
 6:38.07                  from /home/gmaudoux/projets/gecko-tup/gecko-dev/gfx/src/DriverCrashGuard.cpp:20,
 6:38.07                  from Unified_cpp_gfx_src0.cpp:2:
 6:38.07 /home/gmaudoux/projets/gecko-tup/gecko-dev/obj-tup/dist/include/nsRegion.h: In member function 'nsRegion& nsRegion::ScaleInverseRoundOut(float, float)':
 6:38.07 /home/gmaudoux/projets/gecko-tup/gecko-dev/obj-tup/dist/include/nsRegion.h:2199:47: warning: 'iter.nsRegion::RectIterator::mCurrentStrip' may be used uninitialized in this function [-Wmaybe-uninitialized]
 6:38.07          mCurrentStrip->right - mCurrentStrip->left,
 6:38.07                                 ~~~~~~~~~~~~~~~^~~~
 6:38.07 In file included from Unified_cpp_gfx_src0.cpp:83:0:
 6:38.07 /home/gmaudoux/projets/gecko-tup/gecko-dev/gfx/src/nsRegion.cpp:504:21: note: 'iter.nsRegion::RectIterator::mCurrentStrip' was declared here
 6:38.07    for (RectIterator iter = RectIterator(*this); !iter.Done(); iter.Next()) {
 6:38.07                      ^~~~
 6:50.62   50%  62) [25.076s] obj-tup/gfx/layers: CXX Unified_cpp_gfx_layers0.cpp
 6:55.34   51%  63) [31.178s] obj-tup/gfx/gl: CXX Unified_cpp_gfx_gl0.cpp
 6:55.35 In file included from /home/gmaudoux/projets/gecko-tup/gecko-dev/gfx/gl/GLContextEGL.h:10:0,
 6:55.35                  from /home/gmaudoux/projets/gecko-tup/gecko-dev/gfx/gl/EGLUtils.cpp:7,
 6:55.35                  from Unified_cpp_gfx_gl0.cpp:20:
 6:55.35 /home/gmaudoux/projets/gecko-tup/gecko-dev/gfx/gl/GLContext.h: In constructor 'mozilla::gl::ScopedSaveMultiTex::ScopedSaveMultiTex(mozilla::gl::GLContext*, uint8_t, GLenum)':
 6:55.35 /home/gmaudoux/projets/gecko-tup/gecko-dev/gfx/gl/GLContext.h:1216:21: warning: 'texBinding' may be used uninitialized in this function [-Wmaybe-uninitialized]
 6:55.35          fGetIntegerv(pname, (GLint*)&ret);
 6:55.35          ~~~~~~~~~~~~^~~~~~~~~~~~~~~~~~~~~
 6:55.35 In file included from Unified_cpp_gfx_gl0.cpp:29:0:
 6:55.35 /home/gmaudoux/projets/gecko-tup/gecko-dev/gfx/gl/GLBlitHelper.cpp:206:12: note: 'texBinding' was declared here
 6:55.35      GLenum texBinding;
 6:55.35             ^~~~~~~~~~
 6:55.35 In file included from /home/gmaudoux/projets/gecko-tup/gecko-dev/gfx/gl/GLContextEGL.h:10:0,
 6:55.35                  from /home/gmaudoux/projets/gecko-tup/gecko-dev/gfx/gl/EGLUtils.cpp:7,
 6:55.35                  from Unified_cpp_gfx_gl0.cpp:20:
 6:55.35 /home/gmaudoux/projets/gecko-tup/gecko-dev/gfx/gl/GLContext.h: In member function 'void mozilla::gl::DrawBlitProg::Draw(const mozilla::gl::DrawBlitProg::BaseArgs&, const mozilla::gl::DrawBlitProg::YUVArgs*) const':
 6:55.35 /home/gmaudoux/projets/gecko-tup/gecko-dev/gfx/gl/GLContext.h:2900:34: warning: 'oldVAO' may be used uninitialized in this function [-Wmaybe-uninitialized]
 6:55.35          mSymbols.fBindVertexArray(array);
 6:55.35          ~~~~~~~~~~~~~~~~~~~~~~~~~^~~~~~~
 6:55.35 In file included from Unified_cpp_gfx_gl0.cpp:29:0:
 6:55.35 /home/gmaudoux/projets/gecko-tup/gecko-dev/gfx/gl/GLBlitHelper.cpp:474:12: note: 'oldVAO' was declared here
 6:55.35      GLuint oldVAO;
 6:55.35             ^~~~~~
 7:04.64   52%  64) [35.183s] obj-tup/gfx/layers: CXX Unified_cpp_gfx_layers1.cpp
 7:07.87   53%  65) [29.826s] obj-tup/gfx/layers: CXX Unified_cpp_gfx_layers10.cpp
 7:26.82   54%  66) [36.194s] obj-tup/gfx/layers: CXX Unified_cpp_gfx_layers11.cpp
 7:30.58   55%  67) [25.936s] obj-tup/gfx/layers: CXX Unified_cpp_gfx_layers3.cpp
 7:36.62   56%  68) [28.765s] obj-tup/gfx/layers: CXX Unified_cpp_gfx_layers4.cpp
 7:38.59   57%  69) [43.240s] obj-tup/gfx/layers: CXX Unified_cpp_gfx_layers2.cpp
 7:57.35   58%  70) [30.533s] obj-tup/gfx/layers: CXX Unified_cpp_gfx_layers5.cpp
 8:07.63   59%  71) [37.052s] obj-tup/gfx/layers: CXX Unified_cpp_gfx_layers6.cpp
 8:09.73   60%  72) [33.104s] obj-tup/gfx/layers: CXX Unified_cpp_gfx_layers7.cpp
 8:17.35   62%  73) [38.758s] obj-tup/gfx/layers: CXX Unified_cpp_gfx_layers8.cpp
 8:18.42   62%  74) [8.683s] obj-tup/gfx/thebes: CXX /home/gmaudoux/projets/gecko-tup/gecko-dev/gfx/thebes/gfxPlatformGtk.cpp
 8:29.30   63%  75) [21.665s] obj-tup/gfx/thebes: CXX /home/gmaudoux/projets/gecko-tup/gecko-dev/gfx/thebes/gfxPlatform.cpp
 8:30.12   64%  76) [32.765s] obj-tup/gfx/layers: CXX Unified_cpp_gfx_layers9.cpp
 8:35.30   64%  77) [17.957s] obj-tup/gfx/thebes: CXX /home/gmaudoux/projets/gecko-tup/gecko-dev/gfx/thebes/gfxPrefs.cpp
 8:49.04   65%  78) [18.922s] obj-tup/gfx/ipc: CXX /home/gmaudoux/projets/gecko-tup/gecko-dev/gfx/ipc/GPUParent.cpp
 8:49.95   66%  79) [31.535s] obj-tup/gfx/thebes: CXX Unified_cpp_gfx_thebes0.cpp
 8:58.07   66%  80) [22.755s] obj-tup/gfx/ipc: CXX Unified_cpp_gfx_ipc0.cpp
 9:01.96   67%  81) [12.918s] obj-tup/gfx/vr: CXX /home/gmaudoux/projets/gecko-tup/gecko-dev/gfx/vr/VRDisplayHost.cpp
 9:04.76   67%  82) [14.811s] obj-tup/gfx/vr: CXX /home/gmaudoux/projets/gecko-tup/gecko-dev/gfx/vr/gfxVROpenVR.cpp
 9:04.76 /home/gmaudoux/projets/gecko-tup/gecko-dev/gfx/vr/gfxVROpenVR.cpp: In member function 'virtual void mozilla::gfx::VRSystemManagerOpenVR::HandleInput()':
 9:04.76 /home/gmaudoux/projets/gecko-tup/gecko-dev/gfx/vr/gfxVROpenVR.cpp:492:42: warning: 'hand' may be used uninitialized in this function [-Wmaybe-uninitialized]
 9:04.76    mControllerInfo.mControllerState.mHand = aHand;
 9:04.76    ~~~~~~~~~~~~~~~~~~~~~~~~~~~~~~~~~~~~~~~^~~~~~~
 9:04.76 /home/gmaudoux/projets/gecko-tup/gecko-dev/gfx/vr/gfxVROpenVR.cpp:1008:20: note: 'hand' was declared here
 9:04.76    dom::GamepadHand hand;
 9:04.76                     ^~~~
 9:04.76 /home/gmaudoux/projets/gecko-tup/gecko-dev/gfx/vr/gfxVROpenVR.cpp: In member function 'mozilla::dom::GamepadHand mozilla::gfx::VRSystemManagerOpenVR::GetGamepadHandFromControllerRole(vr::ETrackedControllerRole)':
 9:04.76 /home/gmaudoux/projets/gecko-tup/gecko-dev/gfx/vr/gfxVROpenVR.cpp:1025:10: warning: 'hand' may be used uninitialized in this function [-Wmaybe-uninitialized]
 9:04.76    return hand;
 9:04.76           ^~~~
 9:04.76 /home/gmaudoux/projets/gecko-tup/gecko-dev/gfx/vr/gfxVROpenVR.cpp: In member function 'virtual void mozilla::gfx::VRSystemManagerOpenVR::ScanForControllers()':
 9:04.76 /home/gmaudoux/projets/gecko-tup/gecko-dev/gfx/vr/gfxVROpenVR.cpp:1188:74: warning: 'hand' may be used uninitialized in this function [-Wmaybe-uninitialized]
 9:04.76                                 numButtons, numTriggers, numAxes, deviceId);
 9:04.76                                                                           ^
 9:05.26   68%  83) [35.966s] obj-tup/gfx/thebes: CXX Unified_cpp_gfx_thebes1.cpp
 9:05.26 In file included from Unified_cpp_gfx_thebes1.cpp:2:0:
 9:05.26 /home/gmaudoux/projets/gecko-tup/gecko-dev/gfx/thebes/gfxGraphiteShaper.cpp: In member function 'nsresult gfxGraphiteShaper::SetGlyphsFromSegment(gfxShapedText*, uint32_t, uint32_t, const char16_t*, gr_segment*, gfxFontShaper::RoundingFlags)':
 9:05.26 /home/gmaudoux/projets/gecko-tup/gecko-dev/gfx/thebes/gfxGraphiteShaper.cpp:349:36: warning: 'clusterLoc' may be used uninitialized in this function [-Wmaybe-uninitialized]
 9:05.26                      float dx = rtl ? (xLocs[j] - clusterLoc) :
 9:05.26                                 ~~~~^~~~~~~~~~~~~~~~~~~~~~~~~~~
 9:05.26                                       (xLocs[j] - clusterLoc - adv);
 9:05.26                                       ~~~~~~~~~~~~~~~~~~~~~~~~~~~~~
 9:21.10   69%  84) [23.019s] obj-tup/gfx/vr: CXX Unified_cpp_gfx_vr0.cpp
 9:22.69   70%  85) [20.731s] obj-tup/gfx/webrender_bindings: CXX Unified_cpp_webrender_bindings0.cpp
 9:23.44   70%  86) [18.678s] obj-tup/image: CXX Unified_cpp_image0.cpp
 9:28.81   71%  87) [7.716s] obj-tup/image/build: CXX /home/gmaudoux/projets/gecko-tup/gecko-dev/image/build/nsImageModule.cpp
 9:37.90   72%  88) [32.632s] obj-tup/image: CXX Unified_cpp_image1.cpp
 9:38.69   72%  89) [15.254s] obj-tup/view: CXX Unified_cpp_view0.cpp
 9:38.69 In file included from /home/gmaudoux/projets/gecko-tup/gecko-dev/view/nsView.h:12:0,
 9:38.69                  from /home/gmaudoux/projets/gecko-tup/gecko-dev/view/nsView.cpp:6,
 9:38.69                  from Unified_cpp_view0.cpp:2:
 9:38.69 /home/gmaudoux/projets/gecko-tup/gecko-dev/obj-tup/dist/include/nsRegion.h: In member function 'void nsViewManager::InvalidateViewNoSuppression(nsView*, const nsRect&)':
 9:38.69 /home/gmaudoux/projets/gecko-tup/gecko-dev/obj-tup/dist/include/nsRegion.h:2199:47: warning: 'idx.nsRegion::RectIterator::mCurrentStrip' may be used uninitialized in this function [-Wmaybe-uninitialized]
 9:38.69          mCurrentStrip->right - mCurrentStrip->left,
 9:38.70                                 ~~~~~~~~~~~~~~~^~~~
 9:38.70 /home/gmaudoux/projets/gecko-tup/gecko-dev/obj-tup/dist/include/nsRegion.h:986:23: note: 'idx.nsRegion::RectIterator::mCurrentStrip' was declared here
 9:38.70      for (RectIterator idx(aRgn2); !idx.Done(); idx.Next()) {
 9:38.70                        ^~~
 9:38.70 /home/gmaudoux/projets/gecko-tup/gecko-dev/obj-tup/dist/include/nsRegion.h: In member function 'void nsViewManager::Refresh(nsView*, const LayoutDeviceIntRegion&)':
 9:38.70 /home/gmaudoux/projets/gecko-tup/gecko-dev/obj-tup/dist/include/nsRegion.h:2199:47: warning: 'iter.nsRegion::RectIterator::mCurrentStrip' may be used uninitialized in this function [-Wmaybe-uninitialized]
 9:38.70          mCurrentStrip->right - mCurrentStrip->left,
 9:38.70                                 ~~~~~~~~~~~~~~~^~~~
 9:38.70 /home/gmaudoux/projets/gecko-tup/gecko-dev/obj-tup/dist/include/nsRegion.h:2461:15: note: 'iter.nsRegion::RectIterator::mCurrentStrip' was declared here
 9:38.70      for (auto iter = RectIterator(*this); !iter.Done(); iter.Next()) {
 9:38.70                ^~~~
 9:40.00   73%  90) [17.308s] obj-tup/image/decoders: CXX Unified_cpp_image_decoders0.cpp
 9:50.95   73%  91) [22.133s] obj-tup/layout/base: CXX /home/gmaudoux/projets/gecko-tup/gecko-dev/layout/base/nsRefreshDriver.cpp
10:02.53   74%  92) [22.527s] obj-tup/layout/generic: CXX /home/gmaudoux/projets/gecko-tup/gecko-dev/layout/generic/nsPluginFrame.cpp
10:11.16   75%  93) [20.205s] obj-tup/layout/generic: CXX Unified_cpp_layout_generic0.cpp
10:11.16 In file included from /home/gmaudoux/projets/gecko-tup/gecko-dev/layout/generic/ReflowInput.cpp:23:0,
10:11.16                  from Unified_cpp_layout_generic0.cpp:65:
10:11.16 /home/gmaudoux/projets/gecko-tup/gecko-dev/layout/tables/nsTableFrame.h: In member function 'void mozilla::ReflowInput::InitConstraints(nsPresContext*, const mozilla::LogicalSize&, const nsMargin*, const nsMargin*, mozilla::LayoutFrameType)':
10:11.16 /home/gmaudoux/projets/gecko-tup/gecko-dev/layout/tables/nsTableFrame.h:45:20: warning: 'fType' may be used uninitialized in this function [-Wmaybe-uninitialized]
10:11.16           frameType == mozilla::LayoutFrameType::BCTableCell;
10:11.16           ~~~~~~~~~~^~~~~~~~~~
10:11.16 In file included from Unified_cpp_layout_generic0.cpp:65:0:
10:11.16 /home/gmaudoux/projets/gecko-tup/gecko-dev/layout/generic/ReflowInput.cpp:2226:21: note: 'fType' was declared here
10:11.16      LayoutFrameType fType;
10:11.16                      ^~~~~
10:20.06   76%  94) [42.163s] obj-tup/layout/base: CXX Unified_cpp_layout_base0.cpp
10:20.06 In file included from Unified_cpp_layout_base0.cpp:65:0:
10:20.06 /home/gmaudoux/projets/gecko-tup/gecko-dev/layout/base/PresShell.cpp: In member function 'virtual void mozilla::PresShell::FrameNeedsReflow(nsIFrame*, nsIPresShell::IntrinsicDirty, nsFrameState, nsIPresShell::ReflowRootHandling)':
10:20.06 /home/gmaudoux/projets/gecko-tup/gecko-dev/layout/base/PresShell.cpp:2744:23: warning: 'targetNeedsReflowFromParent' may be used uninitialized in this function [-Wmaybe-uninitialized]
10:20.06     (_f != subtreeRoot || !targetNeedsReflowFromParent))
10:20.06                        ^~
10:42.93   78%  95) [64.241s] obj-tup/layout/base: CXX Unified_cpp_layout_base1.cpp
10:42.94 In file included from /home/gmaudoux/projets/gecko-tup/gecko-dev/layout/base/Units.h:18:0,
10:42.94                  from /home/gmaudoux/projets/gecko-tup/gecko-dev/layout/base/nsIPresShell.h:45,
10:42.94                  from /home/gmaudoux/projets/gecko-tup/gecko-dev/layout/base/nsPresContext.h:20,
10:42.94                  from /home/gmaudoux/projets/gecko-tup/gecko-dev/obj-tup/dist/include/mozilla/dom/Element.h:27,
10:42.94                  from /home/gmaudoux/projets/gecko-tup/gecko-dev/obj-tup/dist/include/mozilla/ServoElementSnapshot.h:13,
10:42.94                  from /home/gmaudoux/projets/gecko-tup/gecko-dev/obj-tup/dist/include/mozilla/ServoBindings.h:15,
10:42.94                  from /home/gmaudoux/projets/gecko-tup/gecko-dev/obj-tup/dist/include/mozilla/ComputedStyleInlines.h:20,
10:42.94                  from /home/gmaudoux/projets/gecko-tup/gecko-dev/obj-tup/dist/include/mozilla/WritingModes.h:11,
10:42.94                  from /home/gmaudoux/projets/gecko-tup/gecko-dev/layout/generic/nsIFrame.h:32,
10:42.94                  from /home/gmaudoux/projets/gecko-tup/gecko-dev/layout/base/nsBidi.h:12,
10:42.94                  from /home/gmaudoux/projets/gecko-tup/gecko-dev/layout/base/nsBidiPresUtils.h:11,
10:42.94                  from /home/gmaudoux/projets/gecko-tup/gecko-dev/layout/base/nsBidiPresUtils.cpp:7,
10:42.94                  from Unified_cpp_layout_base1.cpp:2:
10:42.94 /home/gmaudoux/projets/gecko-tup/gecko-dev/obj-tup/dist/include/nsRegion.h: In static member function 'static void nsLayoutUtils::TransformToAncestorAndCombineRegions(const nsRegion&, nsIFrame*, const nsIFrame*, nsRegion*, nsRegion*, mozilla::Maybe<mozilla::gfx::Matrix4x4TypedFlagged<mozilla::gfx::UnknownUnits, mozilla::gfx::UnknownUnits> >*, const mozilla::DisplayItemClip*)':
10:42.94 /home/gmaudoux/projets/gecko-tup/gecko-dev/obj-tup/dist/include/nsRegion.h:2199:47: warning: 'idx.nsRegion::RectIterator::mCurrentStrip' may be used uninitialized in this function [-Wmaybe-uninitialized]
10:42.94          mCurrentStrip->right - mCurrentStrip->left,
10:42.94                                 ~~~~~~~~~~~~~~~^~~~
10:42.94 /home/gmaudoux/projets/gecko-tup/gecko-dev/obj-tup/dist/include/nsRegion.h:971:23: note: 'idx.nsRegion::RectIterator::mCurrentStrip' was declared here
10:42.94      for (RectIterator idx(aOther); !idx.Done(); idx.Next()) {
10:42.94                        ^~~
10:57.91   79%  96) [37.850s] obj-tup/layout/generic: CXX Unified_cpp_layout_generic3.cpp
10:57.91 In file included from /home/gmaudoux/projets/gecko-tup/gecko-dev/layout/generic/nsIFrame.h:36:0,
10:57.91                  from /home/gmaudoux/projets/gecko-tup/gecko-dev/layout/xul/nsBox.h:11,
10:57.91                  from /home/gmaudoux/projets/gecko-tup/gecko-dev/layout/generic/nsFrame.h:15,
10:57.91                  from /home/gmaudoux/projets/gecko-tup/gecko-dev/layout/generic/nsSplittableFrame.h:16,
10:57.91                  from /home/gmaudoux/projets/gecko-tup/gecko-dev/layout/generic/nsContainerFrame.h:13,
10:57.91                  from /home/gmaudoux/projets/gecko-tup/gecko-dev/layout/generic/nsRubyBaseContainerFrame.h:12,
10:57.91                  from /home/gmaudoux/projets/gecko-tup/gecko-dev/layout/generic/nsRubyBaseContainerFrame.cpp:9,
10:57.91                  from Unified_cpp_layout_generic3.cpp:2:
10:57.91 /home/gmaudoux/projets/gecko-tup/gecko-dev/obj-tup/dist/include/mozilla/ReflowOutput.h: In member function 'virtual void nsVideoFrame::Reflow(nsPresContext*, nsIFrame::ReflowOutput&, const ReflowInput&, nsReflowStatus&)':
10:57.91 /home/gmaudoux/projets/gecko-tup/gecko-dev/obj-tup/dist/include/mozilla/ReflowOutput.h:259:12: warning: 'borderBoxBSize' may be used uninitialized in this function [-Wmaybe-uninitialized]
10:57.91      mISize = convertedSize.ISize(mWritingMode);
10:57.91      ~~~~~~~^~~~~~~~~~~~~~~~~~~~~~~~~~~~~~~~~~~
10:57.91 In file included from Unified_cpp_layout_generic3.cpp:110:0:
10:57.91 /home/gmaudoux/projets/gecko-tup/gecko-dev/layout/generic/nsVideoFrame.cpp:301:11: note: 'borderBoxBSize' was declared here
10:57.91    nscoord borderBoxBSize;
10:57.91            ^~~~~~~~~~~~~~
10:57.91 In file included from /home/gmaudoux/projets/gecko-tup/gecko-dev/layout/generic/nsIFrame.h:27:0,
10:57.91                  from /home/gmaudoux/projets/gecko-tup/gecko-dev/layout/xul/nsBox.h:11,
10:57.91                  from /home/gmaudoux/projets/gecko-tup/gecko-dev/layout/generic/nsFrame.h:15,
10:57.91                  from /home/gmaudoux/projets/gecko-tup/gecko-dev/layout/generic/nsSplittableFrame.h:16,
10:57.91                  from /home/gmaudoux/projets/gecko-tup/gecko-dev/layout/generic/nsContainerFrame.h:13,
10:57.91                  from /home/gmaudoux/projets/gecko-tup/gecko-dev/layout/generic/nsRubyBaseContainerFrame.h:12,
10:57.91                  from /home/gmaudoux/projets/gecko-tup/gecko-dev/layout/generic/nsRubyBaseContainerFrame.cpp:9,
10:57.92                  from Unified_cpp_layout_generic3.cpp:2:
10:57.92 /home/gmaudoux/projets/gecko-tup/gecko-dev/layout/base/FrameProperties.h: In member function 'virtual nsIFrame::RenderedText nsTextFrame::GetRenderedText(uint32_t, uint32_t, nsIFrame::TextOffsetType, nsIFrame::TrailingWhitespace)':
10:57.92 /home/gmaudoux/projets/gecko-tup/gecko-dev/layout/base/FrameProperties.h:179:5: warning: 'autoLineCursor.nsBlockFrame::AutoLineCursorSetup::mOrigCursor' may be used uninitialized in this function [-Wmaybe-uninitialized]
10:57.92      SetInternal(aProperty, ptr, aFrame);
10:57.92      ^~~~~~~~~~~
10:57.92 In file included from Unified_cpp_layout_generic3.cpp:83:0:
10:57.92 /home/gmaudoux/projets/gecko-tup/gecko-dev/layout/generic/nsTextFrame.cpp:10035:44: note: 'autoLineCursor.nsBlockFrame::AutoLineCursorSetup::mOrigCursor' was declared here
10:57.92    Maybe<nsBlockFrame::AutoLineCursorSetup> autoLineCursor;
10:57.92                                             ^~~~~~~~~~~~~~
10:57.92 In file included from /home/gmaudoux/projets/gecko-tup/gecko-dev/layout/xul/nsBox.h:11:0,
10:57.92                  from /home/gmaudoux/projets/gecko-tup/gecko-dev/layout/generic/nsFrame.h:15,
10:57.92                  from /home/gmaudoux/projets/gecko-tup/gecko-dev/layout/generic/nsSplittableFrame.h:16,
10:57.92                  from /home/gmaudoux/projets/gecko-tup/gecko-dev/layout/generic/nsContainerFrame.h:13,
10:57.92                  from /home/gmaudoux/projets/gecko-tup/gecko-dev/layout/generic/nsRubyBaseContainerFrame.h:12,
10:57.92                  from /home/gmaudoux/projets/gecko-tup/gecko-dev/layout/generic/nsRubyBaseContainerFrame.cpp:9,
10:57.92                  from Unified_cpp_layout_generic3.cpp:2:
10:57.92 /home/gmaudoux/projets/gecko-tup/gecko-dev/layout/generic/nsIFrame.h:3586:5: warning: 'autoLineCursor.nsBlockFrame::AutoLineCursorSetup::mFrame' may be used uninitialized in this function [-Wmaybe-uninitialized]
10:57.92      mProperties.Set(aProperty, aValue, this);
10:57.92      ^~~~~~~~~~~
10:57.92 In file included from Unified_cpp_layout_generic3.cpp:83:0:
10:57.92 /home/gmaudoux/projets/gecko-tup/gecko-dev/layout/generic/nsTextFrame.cpp:10035:44: note: 'autoLineCursor.nsBlockFrame::AutoLineCursorSetup::mFrame' was declared here
10:57.92    Maybe<nsBlockFrame::AutoLineCursorSetup> autoLineCursor;
10:57.92                                             ^~~~~~~~~~~~~~
10:58.24   81%  97) [55.706s] obj-tup/layout/generic: CXX Unified_cpp_layout_generic1.cpp
10:58.24 In file included from Unified_cpp_layout_generic1.cpp:128:0:
10:58.24 /home/gmaudoux/projets/gecko-tup/gecko-dev/layout/generic/nsFrame.cpp: In member function 'nscoord nsIFrame::ComputeISizeValue(gfxContext*, nscoord, nscoord, nscoord, const nsStyleCoord&, nsIFrame::ComputeSizeFlags)':
10:58.24 /home/gmaudoux/projets/gecko-tup/gecko-dev/layout/generic/nsFrame.cpp:6417:11: warning: 'result' may be used uninitialized in this function [-Wmaybe-uninitialized]
10:58.24    nscoord result;
10:58.24            ^~~~~~
10:58.24 In file included from Unified_cpp_layout_generic1.cpp:101:0:
10:58.24 /home/gmaudoux/projets/gecko-tup/gecko-dev/layout/generic/nsFlexContainerFrame.cpp: In member function 'void nsFlexContainerFrame::ResolveAutoFlexBasisAndMinSize(nsPresContext*, nsFlexContainerFrame::FlexItem&, const ReflowInput&, const nsFlexContainerFrame::FlexboxAxisTracker&)':
10:58.25 /home/gmaudoux/projets/gecko-tup/gecko-dev/layout/generic/nsFlexContainerFrame.cpp:1577:11: warning: 'resolvedMinSize' may be used uninitialized in this function [-Wmaybe-uninitialized]
10:58.25    nscoord resolvedMinSize; // (only set/used if isMainMinSizeAuto==true)
10:58.25            ^~~~~~~~~~~~~~~
10:58.25 In file included from /home/gmaudoux/projets/gecko-tup/gecko-dev/layout/base/Units.h:18:0,
10:58.25                  from /home/gmaudoux/projets/gecko-tup/gecko-dev/layout/base/nsIPresShell.h:45,
10:58.25                  from /home/gmaudoux/projets/gecko-tup/gecko-dev/layout/base/nsPresContext.h:20,
10:58.25                  from /home/gmaudoux/projets/gecko-tup/gecko-dev/obj-tup/dist/include/mozilla/dom/Element.h:27,
10:58.25                  from /home/gmaudoux/projets/gecko-tup/gecko-dev/obj-tup/dist/include/mozilla/ServoElementSnapshot.h:13,
10:58.25                  from /home/gmaudoux/projets/gecko-tup/gecko-dev/obj-tup/dist/include/mozilla/ServoBindings.h:15,
10:58.25                  from /home/gmaudoux/projets/gecko-tup/gecko-dev/obj-tup/dist/include/mozilla/ComputedStyleInlines.h:20,
10:58.25                  from /home/gmaudoux/projets/gecko-tup/gecko-dev/obj-tup/dist/include/mozilla/WritingModes.h:11,
10:58.25                  from /home/gmaudoux/projets/gecko-tup/gecko-dev/layout/generic/nsIFrame.h:32,
10:58.25                  from /home/gmaudoux/projets/gecko-tup/gecko-dev/layout/xul/nsBox.h:11,
10:58.25                  from /home/gmaudoux/projets/gecko-tup/gecko-dev/layout/generic/nsFrame.h:15,
10:58.25                  from /home/gmaudoux/projets/gecko-tup/gecko-dev/layout/generic/nsSplittableFrame.h:16,
10:58.25                  from /home/gmaudoux/projets/gecko-tup/gecko-dev/layout/generic/nsContainerFrame.h:13,
10:58.25                  from /home/gmaudoux/projets/gecko-tup/gecko-dev/layout/painting/nsDisplayList.h:27,
10:58.25                  from /home/gmaudoux/projets/gecko-tup/gecko-dev/layout/generic/TextOverflow.h:10,
10:58.25                  from /home/gmaudoux/projets/gecko-tup/gecko-dev/layout/generic/TextOverflow.cpp:7,
10:58.25                  from Unified_cpp_layout_generic1.cpp:2:
10:58.25 /home/gmaudoux/projets/gecko-tup/gecko-dev/obj-tup/dist/include/nsRegion.h: In member function 'void nsDisplayItem::ComputeInvalidationRegionDifference(nsDisplayListBuilder*, const nsDisplayItemBoundsGeometry*, nsRegion*) const':
10:58.25 /home/gmaudoux/projets/gecko-tup/gecko-dev/obj-tup/dist/include/nsRegion.h:2199:47: warning: 'idx.nsRegion::RectIterator::mCurrentStrip' may be used uninitialized in this function [-Wmaybe-uninitialized]
10:58.25          mCurrentStrip->right - mCurrentStrip->left,
10:58.25                                 ~~~~~~~~~~~~~~~^~~~
10:58.25 /home/gmaudoux/projets/gecko-tup/gecko-dev/obj-tup/dist/include/nsRegion.h:986:23: note: 'idx.nsRegion::RectIterator::mCurrentStrip' was declared here
10:58.25      for (RectIterator idx(aRgn2); !idx.Done(); idx.Next()) {
10:58.25                        ^~~
10:58.25 In file included from /home/gmaudoux/projets/gecko-tup/gecko-dev/obj-tup/dist/include/nsSize.h:10:0,
10:58.25                  from /home/gmaudoux/projets/gecko-tup/gecko-dev/obj-tup/dist/include/gfxASurface.h:16,
10:58.25                  from /home/gmaudoux/projets/gecko-tup/gecko-dev/obj-tup/dist/include/gfxContext.h:11,
10:58.25                  from /home/gmaudoux/projets/gecko-tup/gecko-dev/layout/painting/nsDisplayList.h:17,
10:58.25                  from /home/gmaudoux/projets/gecko-tup/gecko-dev/layout/generic/TextOverflow.h:10,
10:58.25                  from /home/gmaudoux/projets/gecko-tup/gecko-dev/layout/generic/TextOverflow.cpp:7,
10:58.25                  from Unified_cpp_layout_generic1.cpp:2:
10:58.25 /home/gmaudoux/projets/gecko-tup/gecko-dev/obj-tup/dist/include/nsCoord.h: In member function 'mozilla::LogicalSize nsFrame::ComputeSizeWithIntrinsicDimensions(gfxContext*, mozilla::WritingMode, const mozilla::IntrinsicSize&, nsSize, const mozilla::LogicalSize&, const mozilla::LogicalSize&, const mozilla::LogicalSize&, const mozilla::LogicalSize&, nsIFrame::ComputeSizeFlags)':
10:58.25 /home/gmaudoux/projets/gecko-tup/gecko-dev/obj-tup/dist/include/nsCoord.h:82:11: warning: 'bSize' may be used uninitialized in this function [-Wmaybe-uninitialized]
10:58.25    return (int64_t(aMult1) * int64_t(aMult2) / int64_t(aDiv));
10:58.25            ^~~~~~~~~~~~~~~
10:58.25 In file included from Unified_cpp_layout_generic1.cpp:128:0:
10:58.25 /home/gmaudoux/projets/gecko-tup/gecko-dev/layout/generic/nsFrame.cpp:5991:38: note: 'bSize' was declared here
10:58.25    nscoord iSize, minISize, maxISize, bSize, minBSize, maxBSize;
10:58.25                                       ^~~~~
10:58.26 /home/gmaudoux/projets/gecko-tup/gecko-dev/layout/generic/nsFrame.cpp:6193:45: warning: 'iSize' may be used uninitialized in this function [-Wmaybe-uninitialized]
10:58.26            stretchI != eStretch && tentISize > iSize) {
10:58.26                                    ~~~~~~~~~~^~~~~~~
10:58.26 In file included from /home/gmaudoux/projets/gecko-tup/gecko-dev/layout/generic/TextOverflow.h:10:0,
10:58.26                  from /home/gmaudoux/projets/gecko-tup/gecko-dev/layout/generic/TextOverflow.cpp:7,
10:58.26                  from Unified_cpp_layout_generic1.cpp:2:
10:58.26 /home/gmaudoux/projets/gecko-tup/gecko-dev/layout/painting/nsDisplayList.h: In member function 'void nsIFrame::BuildDisplayListForStackingContext(nsDisplayListBuilder*, nsDisplayList*, bool*)':
10:58.26 /home/gmaudoux/projets/gecko-tup/gecko-dev/layout/painting/nsDisplayList.h:1201:41: warning: 'perspectiveIndex.nsDisplayListBuilder::AutoSaveRestorePerspectiveIndex::mCachedItemIndex' may be used uninitialized in this function [-Wmaybe-uninitialized]
10:58.26          mBuilder->mPerspectiveItemIndex = mCachedItemIndex;
10:58.26          ~~~~~~~~~~~~~~~~~~~~~~~~~~~~~~~~^~~~~~~~~~~~~~~~~~
10:58.26 In file included from Unified_cpp_layout_generic1.cpp:128:0:
10:58.26 /home/gmaudoux/projets/gecko-tup/gecko-dev/layout/generic/nsFrame.cpp:3053:7: note: 'perspectiveIndex.nsDisplayListBuilder::AutoSaveRestorePerspectiveIndex::mCachedItemIndex' was declared here
10:58.26        perspectiveIndex(aBuilder, childrenHavePerspective);
10:58.26        ^~~~~~~~~~~~~~~~
10:58.26 In file included from Unified_cpp_layout_generic1.cpp:101:0:
10:58.27 /home/gmaudoux/projets/gecko-tup/gecko-dev/layout/generic/nsFlexContainerFrame.cpp: In member function 'void nsFlexContainerFrame::DoFlexLayout(nsPresContext*, nsIFrame::ReflowOutput&, const ReflowInput&, nsReflowStatus&, nscoord, nscoord, nsTArray<nsFlexContainerFrame::StrutInfo>&, const nsFlexContainerFrame::FlexboxAxisTracker&)':
10:58.27 /home/gmaudoux/projets/gecko-tup/gecko-dev/layout/generic/nsFlexContainerFrame.cpp:4821:31: warning: 'flexContainerAscent' may be used uninitialized in this function [-Wmaybe-uninitialized]
10:58.27            flexContainerAscent == nscoord_MIN) {
11:01.41   83%  98) [50.252s] obj-tup/layout/generic: CXX Unified_cpp_layout_generic2.cpp
11:01.41 In file included from Unified_cpp_layout_generic2.cpp:29:0:
11:01.41 /home/gmaudoux/projets/gecko-tup/gecko-dev/layout/generic/nsGfxScrollFrame.cpp: In member function 'void mozilla::ScrollFrameHelper::BuildDisplayList(nsDisplayListBuilder*, const nsDisplayListSet&)':
11:01.41 /home/gmaudoux/projets/gecko-tup/gecko-dev/layout/generic/nsGfxScrollFrame.cpp:3313:23: warning: 'extraContentBoxClipForNonCaretContent' may be used uninitialized in this function [-Wmaybe-uninitialized]
11:01.41    ClipItemsExceptCaret(aLists->Content(), aBuilder, aClipFrame, aExtraClip, cache);
11:01.41    ~~~~~~~~~~~~~~~~~~~~^~~~~~~~~~~~~~~~~~~~~~~~~~~~~~~~~~~~~~~~~~~~~~~~~~~~~~~~~~~~
11:01.41 /home/gmaudoux/projets/gecko-tup/gecko-dev/layout/generic/nsGfxScrollFrame.cpp:3470:38: note: 'extraContentBoxClipForNonCaretContent' was declared here
11:01.41    Maybe<const DisplayItemClipChain*> extraContentBoxClipForNonCaretContent;
11:01.41                                       ^~~~~~~~~~~~~~~~~~~~~~~~~~~~~~~~~~~~~
11:11.63   84%  99) [28.686s] obj-tup/layout/forms: CXX Unified_cpp_layout_forms0.cpp
11:11.63 In file included from /home/gmaudoux/projets/gecko-tup/gecko-dev/layout/generic/nsIFrame.h:36:0,
11:11.63                  from /home/gmaudoux/projets/gecko-tup/gecko-dev/layout/painting/nsCSSRenderingBorders.h:18,
11:11.63                  from /home/gmaudoux/projets/gecko-tup/gecko-dev/layout/forms/nsButtonFrameRenderer.h:12,
11:11.63                  from /home/gmaudoux/projets/gecko-tup/gecko-dev/layout/forms/nsButtonFrameRenderer.cpp:6,
11:11.63                  from Unified_cpp_layout_forms0.cpp:2:
11:11.63 /home/gmaudoux/projets/gecko-tup/gecko-dev/obj-tup/dist/include/mozilla/ReflowOutput.h: In member function 'virtual void nsDateTimeControlFrame::Reflow(nsPresContext*, nsIFrame::ReflowOutput&, const ReflowInput&, nsReflowStatus&)':
11:11.63 /home/gmaudoux/projets/gecko-tup/gecko-dev/obj-tup/dist/include/mozilla/ReflowOutput.h:258:12: warning: 'borderBoxBSize' may be used uninitialized in this function [-Wmaybe-uninitialized]
11:11.63      mBSize = convertedSize.BSize(mWritingMode);
11:11.63      ~~~~~~~^~~~~~~~~~~~~~~~~~~~~~~~~~~~~~~~~~~
11:11.63 In file included from Unified_cpp_layout_forms0.cpp:38:0:
11:11.63 /home/gmaudoux/projets/gecko-tup/gecko-dev/layout/forms/nsDateTimeControlFrame.cpp:217:11: note: 'borderBoxBSize' was declared here
11:11.63    nscoord borderBoxBSize;
11:11.63            ^~~~~~~~~~~~~~
11:18.22   84% 100) [19.978s] obj-tup/layout/svg: CXX Unified_cpp_layout_svg1.cpp
11:18.22 In file included from /home/gmaudoux/projets/gecko-tup/gecko-dev/layout/base/Units.h:18:0,
11:18.22                  from /home/gmaudoux/projets/gecko-tup/gecko-dev/layout/base/nsIPresShell.h:45,
11:18.22                  from /home/gmaudoux/projets/gecko-tup/gecko-dev/layout/base/nsPresContext.h:20,
11:18.22                  from /home/gmaudoux/projets/gecko-tup/gecko-dev/obj-tup/dist/include/mozilla/dom/Element.h:27,
11:18.22                  from /home/gmaudoux/projets/gecko-tup/gecko-dev/obj-tup/dist/include/mozilla/ServoElementSnapshot.h:13,
11:18.22                  from /home/gmaudoux/projets/gecko-tup/gecko-dev/obj-tup/dist/include/mozilla/ServoBindings.h:15,
11:18.22                  from /home/gmaudoux/projets/gecko-tup/gecko-dev/obj-tup/dist/include/mozilla/ComputedStyleInlines.h:20,
11:18.22                  from /home/gmaudoux/projets/gecko-tup/gecko-dev/obj-tup/dist/include/mozilla/WritingModes.h:11,
11:18.22                  from /home/gmaudoux/projets/gecko-tup/gecko-dev/layout/generic/nsIFrame.h:32,
11:18.22                  from /home/gmaudoux/projets/gecko-tup/gecko-dev/layout/xul/nsBox.h:11,
11:18.22                  from /home/gmaudoux/projets/gecko-tup/gecko-dev/layout/generic/nsFrame.h:15,
11:18.22                  from /home/gmaudoux/projets/gecko-tup/gecko-dev/layout/svg/nsSVGFilterFrame.h:11,
11:18.22                  from /home/gmaudoux/projets/gecko-tup/gecko-dev/layout/svg/nsSVGFilterFrame.cpp:8,
11:18.22                  from Unified_cpp_layout_svg1.cpp:2:
11:18.22 /home/gmaudoux/projets/gecko-tup/gecko-dev/obj-tup/dist/include/nsRegion.h: In static member function 'static nsIntRegion nsSVGIntegrationUtils::AdjustInvalidAreaForSVGEffects(nsIFrame*, const nsPoint&, const nsIntRegion&)':
11:18.22 /home/gmaudoux/projets/gecko-tup/gecko-dev/obj-tup/dist/include/nsRegion.h:2199:47: warning: 'iter.nsRegion::RectIterator::mCurrentStrip' may be used uninitialized in this function [-Wmaybe-uninitialized]
11:18.22          mCurrentStrip->right - mCurrentStrip->left,
11:18.22                                 ~~~~~~~~~~~~~~~^~~~
11:18.22 /home/gmaudoux/projets/gecko-tup/gecko-dev/obj-tup/dist/include/nsRegion.h:2461:15: note: 'iter.nsRegion::RectIterator::mCurrentStrip' was declared here
11:18.23      for (auto iter = RectIterator(*this); !iter.Done(); iter.Next()) {
11:18.23                ^~~~
11:18.23 /home/gmaudoux/projets/gecko-tup/gecko-dev/obj-tup/dist/include/nsRegion.h: In member function 'nsRegion& nsRegion::Or(const nsRegion&, const nsRegion&)':
11:18.23 /home/gmaudoux/projets/gecko-tup/gecko-dev/obj-tup/dist/include/nsRegion.h:2199:47: warning: 'idx.nsRegion::RectIterator::mCurrentStrip' may be used uninitialized in this function [-Wmaybe-uninitialized]
11:18.23          mCurrentStrip->right - mCurrentStrip->left,
11:18.23                                 ~~~~~~~~~~~~~~~^~~~
11:18.23 /home/gmaudoux/projets/gecko-tup/gecko-dev/obj-tup/dist/include/nsRegion.h:986:23: note: 'idx.nsRegion::RectIterator::mCurrentStrip' was declared here
11:18.23      for (RectIterator idx(aRgn2); !idx.Done(); idx.Next()) {
11:18.23                        ^~~
11:26.68   85% 101) [25.275s] obj-tup/layout/xul: CXX Unified_cpp_layout_xul0.cpp
11:33.19   86% 102) [35.271s] obj-tup/layout/tables: CXX Unified_cpp_layout_tables0.cpp
11:36.30   87% 103) [24.671s] obj-tup/layout/xul: CXX Unified_cpp_layout_xul1.cpp
11:40.98   88% 104) [22.755s] obj-tup/layout/ipc: CXX Unified_cpp_layout_ipc0.cpp
11:59.09   88% 105) [22.786s] obj-tup/toolkit/components/extensions/webrequest: CXX Unified_cpp_webrequest0.cpp
11:59.93   89% 106) [18.954s] obj-tup/toolkit/components/windowwatcher: CXX Unified_cpp_windowwatcher0.cpp
12:03.89   90% 107) [30.696s] obj-tup/layout/build: CXX Unified_cpp_layout_build0.cpp
12:17.70   91% 108) [18.614s] obj-tup/toolkit/components/printingui/ipc: CXX Unified_cpp_printingui_ipc0.cpp
12:17.87   91% 109) [17.942s] obj-tup/toolkit/xre: CXX /home/gmaudoux/projets/gecko-tup/gecko-dev/toolkit/xre/nsAppRunner.cpp
12:30.79   93% 110) [64.109s] obj-tup/layout/painting: CXX Unified_cpp_layout_painting0.cpp
12:30.79 In file included from /home/gmaudoux/projets/gecko-tup/gecko-dev/layout/painting/nsCSSRenderingBorders.cpp:22:0,
12:30.79                  from Unified_cpp_layout_painting0.cpp:110:
12:30.79 /home/gmaudoux/projets/gecko-tup/gecko-dev/layout/painting/nsCSSRenderingGradients.h: In static member function 'static mozilla::nsCSSGradientRenderer mozilla::nsCSSGradientRenderer::Create(nsPresContext*, nsStyleGradient*, const nsSize&)':
12:30.79 /home/gmaudoux/projets/gecko-tup/gecko-dev/layout/painting/nsCSSRenderingGradients.h:31:66: warning: 'position' may be used uninitialized in this function [-Wmaybe-uninitialized]
12:30.79      mPosition(aPosition), mIsMidpoint(aIsMidPoint), mColor(aColor) {}
12:30.79                                                                   ^
12:30.79 In file included from Unified_cpp_layout_painting0.cpp:119:0:
12:30.79 /home/gmaudoux/projets/gecko-tup/gecko-dev/layout/painting/nsCSSRenderingGradients.cpp:580:12: note: 'position' was declared here
12:30.79      double position;
12:30.79             ^~~~~~~~
12:30.79 In file included from /home/gmaudoux/projets/gecko-tup/gecko-dev/obj-tup/dist/include/Units.h:18:0,
12:30.79                  from /home/gmaudoux/projets/gecko-tup/gecko-dev/obj-tup/dist/include/nsIPresShell.h:45,
12:30.79                  from /home/gmaudoux/projets/gecko-tup/gecko-dev/obj-tup/dist/include/nsIDocument.h:25,
12:30.79                  from /home/gmaudoux/projets/gecko-tup/gecko-dev/obj-tup/dist/include/nsRFPService.h:12,
12:30.79                  from /home/gmaudoux/projets/gecko-tup/gecko-dev/obj-tup/dist/include/mozilla/AnimationUtils.h:13,
12:30.79                  from /home/gmaudoux/projets/gecko-tup/gecko-dev/layout/painting/ActiveLayerTracker.cpp:9,
12:30.79                  from Unified_cpp_layout_painting0.cpp:2:
12:30.79 /home/gmaudoux/projets/gecko-tup/gecko-dev/obj-tup/dist/include/nsRegion.h: In member function 'nsRegion& nsRegion::Or(const nsRegion&, const nsRegion&)':
12:30.80 /home/gmaudoux/projets/gecko-tup/gecko-dev/obj-tup/dist/include/nsRegion.h:2199:47: warning: 'idx.nsRegion::RectIterator::mCurrentStrip' may be used uninitialized in this function [-Wmaybe-uninitialized]
12:30.80          mCurrentStrip->right - mCurrentStrip->left,
12:30.80                                 ~~~~~~~~~~~~~~~^~~~
12:30.80 /home/gmaudoux/projets/gecko-tup/gecko-dev/obj-tup/dist/include/nsRegion.h:986:23: note: 'idx.nsRegion::RectIterator::mCurrentStrip' was declared here
12:30.80      for (RectIterator idx(aRgn2); !idx.Done(); idx.Next()) {
12:30.80                        ^~~
12:30.80 /home/gmaudoux/projets/gecko-tup/gecko-dev/obj-tup/dist/include/nsRegion.h: In member function 'nsRegion& nsRegion::OrWith(const nsRegion&)':
12:30.80 /home/gmaudoux/projets/gecko-tup/gecko-dev/obj-tup/dist/include/nsRegion.h:2199:47: warning: 'idx.nsRegion::RectIterator::mCurrentStrip' may be used uninitialized in this function [-Wmaybe-uninitialized]
12:30.80          mCurrentStrip->right - mCurrentStrip->left,
12:30.80                                 ~~~~~~~~~~~~~~~^~~~
12:30.80 /home/gmaudoux/projets/gecko-tup/gecko-dev/obj-tup/dist/include/nsRegion.h:971:23: note: 'idx.nsRegion::RectIterator::mCurrentStrip' was declared here
12:30.80      for (RectIterator idx(aOther); !idx.Done(); idx.Next()) {
12:30.80                        ^~~
12:30.80 /home/gmaudoux/projets/gecko-tup/gecko-dev/obj-tup/dist/include/nsRegion.h: In static member function 'static void mozilla::FrameLayerBuilder::RecomputeVisibilityForItems(nsTArray<mozilla::AssignedDisplayItem>&, nsDisplayListBuilder*, const nsIntRegion&, const nsIntPoint&, int32_t, float, float)':
12:30.80 /home/gmaudoux/projets/gecko-tup/gecko-dev/obj-tup/dist/include/nsRegion.h:2199:47: warning: 'iter.nsRegion::RectIterator::mCurrentStrip' may be used uninitialized in this function [-Wmaybe-uninitialized]
12:30.80          mCurrentStrip->right - mCurrentStrip->left,
12:30.80                                 ~~~~~~~~~~~~~~~^~~~
12:30.80 /home/gmaudoux/projets/gecko-tup/gecko-dev/obj-tup/dist/include/nsRegion.h:2461:15: note: 'iter.nsRegion::RectIterator::mCurrentStrip' was declared here
12:30.80      for (auto iter = RectIterator(*this); !iter.Done(); iter.Next()) {
12:30.80                ^~~~
12:31.67   94% 111) [27.780s] obj-tup/dom/base: CXX /home/gmaudoux/projets/gecko-tup/gecko-dev/dom/base/nsGlobalWindowInner.cpp
12:42.55   95% 112) [24.849s] obj-tup/dom/base: CXX /home/gmaudoux/projets/gecko-tup/gecko-dev/dom/base/nsGlobalWindowOuter.cpp
12:43.76   96% 113) [25.887s] obj-tup/ipc/ipdl: CXX UnifiedProtocols28.cpp
12:44.95   96% 114) [13.274s] obj-tup/gfx/vr: CXX /home/gmaudoux/projets/gecko-tup/gecko-dev/gfx/vr/gfxVRExternal.cpp
12:47.93   97% 115) [17.131s] obj-tup/layout/painting: CXX Unified_cpp_layout_painting1.cpp
12:50.59   97% 116) [8.040s] obj-tup/gfx/vr: CXX /home/gmaudoux/projets/gecko-tup/gecko-dev/gfx/vr/gfxVRPuppet.cpp
13:58.60   99% 117) [68.008s] obj-tup/toolkit/library: LINK libxul.so
14:01.31   99% 118) [2.709s] obj-tup/toolkit/library: python /home/gmaudoux/projets/gecko-tup/gecko-dev/toolkit/library/dependentlibs.py:gen_list -> [dependentlibs.list dependentlibs.list.gtest dependentlibs.list.pp]
14:01.67   99% 119) [3.075s] obj-tup/ipc/app: LINK ../../dist/bin/plugin-container
14:01.73  100% 120) [3.124s] obj-tup/js/xpconnect/shell: LINK ../../../dist/bin/xpcshell
14:01.90 [ tup ] [841.432s] Updated.
14:02.76 418 compiler warnings present.
14:03.25 Overall system resources - Wall time: 842s; CPU: 93%; Read bytes: 2307973120; Write bytes: 3852791808; Read time: 15812; Write time: 1217762
14:03.25 Swap in/out (MB): 0/0
14:03.44 warning: dom/indexedDB/ActorsParent.cpp:18913:3 [-Wmaybe-uninitialized] 'maintenanceAction' may be used uninitialized in this function
14:03.44 warning: dom/ipc/ContentProcess.cpp:210:15 [-Wmaybe-uninitialized] 'prefsLen' may be used uninitialized in this function
14:03.44 warning: dom/ipc/ContentProcess.cpp:217:22 [-Wmaybe-uninitialized] 'schedulerPrefs' may be used uninitialized in this function
14:03.44 warning: dom/ipc/ContentProcess.cpp:218:16 [-Wmaybe-uninitialized] 'childID' may be used uninitialized in this function
14:03.44 warning: dom/ipc/ContentProcess.cpp:222:17 [-Wmaybe-uninitialized] 'isForBrowser' may be used uninitialized in this function
14:03.44 warning: gfx/2d/Path.cpp:472:34 [-Wmaybe-uninitialized] 't2' may be used uninitialized in this function
14:03.44 warning: gfx/gl/GLContext.h:1216:21 [-Wmaybe-uninitialized] 'texBinding' may be used uninitialized in this function
14:03.44 warning: gfx/gl/GLContext.h:2900:34 [-Wmaybe-uninitialized] 'oldVAO' may be used uninitialized in this function
14:03.44 warning: gfx/thebes/gfxGraphiteShaper.cpp:349:36 [-Wmaybe-uninitialized] 'clusterLoc' may be used uninitialized in this function
14:03.44 warning: gfx/vr/gfxVROpenVR.cpp:492:42 [-Wmaybe-uninitialized] 'hand' may be used uninitialized in this function
14:03.44 warning: gfx/vr/gfxVROpenVR.cpp:1025:10 [-Wmaybe-uninitialized] 'hand' may be used uninitialized in this function
14:03.44 warning: gfx/vr/gfxVROpenVR.cpp:1188:74 [-Wmaybe-uninitialized] 'hand' may be used uninitialized in this function
14:03.44 warning: layout/base/FrameProperties.h:179:5 [-Wmaybe-uninitialized] 'autoLineCursor.nsBlockFrame::AutoLineCursorSetup::mOrigCursor' may be used uninitialized in this function
14:03.44 warning: layout/base/PresShell.cpp:2744:23 [-Wmaybe-uninitialized] 'targetNeedsReflowFromParent' may be used uninitialized in this function
14:03.44 warning: layout/generic/nsFlexContainerFrame.cpp:1577:11 [-Wmaybe-uninitialized] 'resolvedMinSize' may be used uninitialized in this function
14:03.44 warning: layout/generic/nsFlexContainerFrame.cpp:4821:31 [-Wmaybe-uninitialized] 'flexContainerAscent' may be used uninitialized in this function
14:03.44 warning: layout/generic/nsFrame.cpp:6193:45 [-Wmaybe-uninitialized] 'iSize' may be used uninitialized in this function
14:03.44 warning: layout/generic/nsFrame.cpp:6417:11 [-Wmaybe-uninitialized] 'result' may be used uninitialized in this function
14:03.44 warning: layout/generic/nsGfxScrollFrame.cpp:3313:23 [-Wmaybe-uninitialized] 'extraContentBoxClipForNonCaretContent' may be used uninitialized in this function
14:03.44 warning: layout/generic/nsIFrame.h:3586:5 [-Wmaybe-uninitialized] 'autoLineCursor.nsBlockFrame::AutoLineCursorSetup::mFrame' may be used uninitialized in this function
14:03.44 warning: layout/painting/nsCSSRenderingGradients.h:31:66 [-Wmaybe-uninitialized] 'position' may be used uninitialized in this function
14:03.44 warning: layout/painting/nsDisplayList.h:1201:41 [-Wmaybe-uninitialized] 'perspectiveIndex.nsDisplayListBuilder::AutoSaveRestorePerspectiveIndex::mCachedItemIndex' may be used uninitialized in this function
14:03.44 warning: layout/tables/nsTableFrame.h:45:20 [-Wmaybe-uninitialized] 'fType' may be used uninitialized in this function
14:03.44 warning: obj-tup/dist/include/mozilla/Maybe.h:321:16 [-Wmaybe-uninitialized] '*((void*)& pointToInsertNewContainer +16)' may be used uninitialized in this function
14:03.44 warning: obj-tup/dist/include/mozilla/Maybe.h:321:16 [-Wmaybe-uninitialized] '*((void*)& afterNewNode +16)' may be used uninitialized in this function
14:03.44 warning: obj-tup/dist/include/mozilla/ReflowOutput.h:258:12 [-Wmaybe-uninitialized] 'borderBoxBSize' may be used uninitialized in this function
14:03.44 warning: obj-tup/dist/include/mozilla/ReflowOutput.h:259:12 [-Wmaybe-uninitialized] 'borderBoxBSize' may be used uninitialized in this function
14:03.44 warning: obj-tup/dist/include/nsCoord.h:82:11 [-Wmaybe-uninitialized] 'bSize' may be used uninitialized in this function
14:03.44 warning: obj-tup/dist/include/nsRegion.h:2199:47 [-Wmaybe-uninitialized] 'iter.nsRegion::RectIterator::mCurrentStrip' may be used uninitialized in this function
14:03.44 warning: obj-tup/dist/include/nsRegion.h:2199:47 [-Wmaybe-uninitialized] 'idx.nsRegion::RectIterator::mCurrentStrip' may be used uninitialized in this function
14:03.45 /nix/store/vbvlba36jl5dfqnma2xqdl1ci294rnbr-libnotify-0.7.7/bin/notify-send --app-name=Mozilla Build System Mozilla Build System Build complete
14:03.57 We know it took a while, but your build finally finished successfully!
To view resource usage of the build, run |mach resource-usage|.
To take your build for a test drive, run: |mach run|
For more information on what to do now, see https://developer.mozilla.org/docs/Developer_Guide/So_You_Just_Built_Firefox
