+runOnce:7> mach build
+mach:1> env - 'HOME=/home/gmaudoux' 'DISPLAY=:0' 'TERM=screen' 'PKG_CONFIG_PATH=/nix/store/1dm1zygy7n0iqvxzzqf3livr7ydvs2mf-python3-3.6.5/lib/pkgconfig:/nix/store/wfv291gbplmq0l7h5pypdjb5xjnv5axg-libICE-1.0.9-dev/lib/pkgconfig:/nix/store/sl5cjzdpd2vk1lam52sxh4nyqa6s72zl-xproto-7.0.31/lib/pkgconfig:/nix/store/wdhvmkwrsd7ayxq24lz3wsnqhmxbfv1x-libSM-1.2.2-dev/lib/pkgconfig:/nix/store/l5acsgbn1vbl1m7iv12y56fvx83p5kn7-libX11-1.6.5-dev/lib/pkgconfig:/nix/store/kgylbxg6b6chcsa888rg45zr6q6mcg6v-libxcb-1.12-dev/lib/pkgconfig:/nix/store/8rw2fvr5xrmc8ri0i7l2v1fvabkp18r8-kbproto-1.0.7/lib/pkgconfig:/nix/store/pfldr84r68dg1rybrrfl7l03jhws4ph1-libXau-1.0.8-dev/lib/pkgconfig:/nix/store/3qv4dmbzrjkxnsxmgkh5ji3cwyxfvkpq-libXdmcp-1.1.2-dev/lib/pkgconfig:/nix/store/lxyd3mgllr8jj8vly4xfwrsbf2fk8pgn-libXext-1.3.3-dev/lib/pkgconfig:/nix/store/j38nc3a31ship4vznz5q33hizngifgbv-xextproto-7.3.0/lib/pkgconfig:/nix/store/kmkr3xk314mcnvmpyz716cr8qx4kbqar-libXt-1.1.5-dev/lib/pkgconfig:/nix/store/a6yf6gg9mkaabdnv1cpya9k2ssb9wi8i-printproto-1.0.5/lib/pkgconfig:/nix/store/k4wb4vyja1dcjqxpfgvzznwhg30nvhkp-renderproto-0.11.1/lib/pkgconfig:/nix/store/vqfayvls2gcvph9789krq36abnz9dcvs-libXcomposite-0.4.4-dev/lib/pkgconfig:/nix/store/6la8h3r7lxzkly4qf5knlsyfm8drjwhg-libXfixes-5.0.3-dev/lib/pkgconfig:/nix/store/jwbfi28vwyzjijr50zbkb98q7xa3zvij-fixesproto-5.0/lib/pkgconfig:/nix/store/xrdpdcidbngwwwia41ads3rlhxnv3xnv-compositeproto-0.4.2/lib/pkgconfig:/nix/store/2ym5x49h8fjyghjbzg3b0krcz0kqiswa-damageproto-1.2.1/lib/pkgconfig:/nix/store/0n6k21rggvk5c3zi7dpfadrhbwq7rjjf-libXdamage-1.1.4-dev/lib/pkgconfig:/nix/store/6ha6fvm8bjs9l0jd2sm43r13dfb5bagf-libXrender-0.9.10-dev/lib/pkgconfig:/nix/store/2r6bvw7za4ynd1n2xr65b1jrqfg0yjfp-libart_lgpl-2.3.21/lib/pkgconfig:/nix/store/8qizrxfh0yk1s9n1kzrc1lk7v1qprxrg-libbonobo-2.32.1-dev/lib/pkgconfig:/nix/store/yqv1mkxddrhd9m079cqwslxq8h2yl440-popt-1.16/lib/pkgconfig:/nix/store/cxf1sj5mkgb2z60qji1lyb9wp7fp76wa-glib-2.54.3-dev/lib/pkgconfig:/nix/store/8bsyix63bn598h4vr6zkx9r5yhv8f13r-zlib-1.2.11-dev/lib/pkgconfig:/nix/store/yb9axzdqhnamqssl2i9l8kl30x22pcb9-libffi-3.2.1-dev/lib/pkgconfig:/nix/store/7szhczx871gdip17crd7bg3rchhqa86y-ORBit2-2.14.19-dev/lib/pkgconfig:/nix/store/nccbs1aiwwajqg7gz8y3bgag31hmlqfb-libIDL-0.8.14/lib/pkgconfig:/nix/store/0sf0v8fz43n5sz0k7cjxaifkzjimh0x6-libbonoboui-2.24.5-dev/lib/pkgconfig:/nix/store/9mzk7afm6m8dh1iz197kqqdra9rnji4v-libgnomecanvas-2.30.3-dev/lib/pkgconfig:/nix/store/cc8z8srk4rqdrz234a4xzbbaf9i5b0nr-gtk+-2.24.32-dev/lib/pkgconfig:/nix/store/qbhfjb2fagmn9vz9wh280w0j73lq2hjg-cairo-1.14.10-dev/lib/pkgconfig:/nix/store/2lgd6qnfhrzhy3vy7lw25qn0fvsbvzd7-fontconfig-2.12.1-dev/lib/pkgconfig:/nix/store/9yksdd65yard03m7ads6mysrxgnnmdss-freetype-2.7.1-dev/lib/pkgconfig:/nix/store/yhzxhwikm403q7m01g63rr0rzvrsg825-bzip2-1.0.6.0.1-dev/lib/pkgconfig:/nix/store/k9fjbxm37cq6pv0m4j9hp74lg64p038z-libpng-apng-1.6.34-dev/lib/pkgconfig:/nix/store/8ncpzbdgbwg3h8889w67fmb0ay06dpm1-expat-2.2.5-dev/lib/pkgconfig:/nix/store/8zwkx851l4v782f8jdcvk1lk4z42s8x0-pixman-0.34.0/lib/pkgconfig:/nix/store/1j4yb6jnn5d1vkb8pbv25c51hvgdibpr-xcb-util-0.4.0-dev/lib/pkgconfig:/nix/store/yn4mvjyiif6vp37ys7kxq3m7yfkkhjrc-mesa-noglu-17.3.6-dev/lib/pkgconfig:/nix/store/8p0n1zla4w9ybj6iqzmd8qgikjm0fahf-libXxf86vm-1.1.4-dev/lib/pkgconfig:/nix/store/gsdakxyxgzb2j0fch1hgb9zq8cppasxa-xf86vidmodeproto-2.3.1/lib/pkgconfig:/nix/store/2pds79ywmlvxhzd90q7xyjda5vc4jp60-libdrm-2.4.90-dev/lib/pkgconfig:/nix/store/mxqzc40rai0j8z73lgxh1bsnxmddw3kz-pango-1.40.14-dev/lib/pkgconfig:/nix/store/45py252dqicp5zr8hm0gm6hacdmsks82-harfbuzz-1.7.1-dev/lib/pkgconfig:/nix/store/0cj94v3rj7ixn5fqd7a4kh1ajnlprz4r-graphite2-1.3.6/lib/pkgconfig:/nix/store/5hy0yyp0qnyb8xngb285z1vzg3lm5k10-libXft-2.3.2-dev/lib/pkgconfig:/nix/store/jwjlcjj1qq6hnf90kdfpqii5v8qhsnh3-gdk-pixbuf-2.36.7-dev/lib/pkgconfig:/nix/store/vaqvlcgav3ly3hdx5yvk6gssnh5b9wkb-libtiff-4.0.9-dev/lib/pkgconfig:/nix/store/g5wlw7fshg23288pbqyc505vm6ilhqxm-libjpeg-turbo-1.5.3-dev/lib/pkgconfig:/nix/store/ww996cjyv9gdsfvg5v6467adp5x00fjp-xz-5.2.3-dev/lib/pkgconfig:/nix/store/4wrn67c4r6lbx70vw5yvx7z9nl8yfkqk-jasper-2.0.14-dev/lib/pkgconfig:/nix/store/k5kaamp13w1jx8di5931zvc5nd4dnp10-atk-2.26.1-dev/lib/pkgconfig:/nix/store/nnd9y92fglhn0yw3brhz6yffxy97kvr2-libXrandr-1.5.1-dev/lib/pkgconfig:/nix/store/vcvhflwnwsmxfxljqcmq7y9fzraj4a2a-randrproto-1.5.0/lib/pkgconfig:/nix/store/bwb18dlcr0zsrk5pmb3wlj9kh8x3hgib-libXi-1.7.9-dev/lib/pkgconfig:/nix/store/fss7sk3lrr4v19qp3h5narp4xlyrzps6-inputproto-2.3.2/lib/pkgconfig:/nix/store/j89lj703pvshcw9b30ma68x191z42zrj-libXcursor-1.1.15-dev/lib/pkgconfig:/nix/store/m2jfscscvzp0x1isnqf35rvx5nmbz4ch-libXinerama-1.1.3-dev/lib/pkgconfig:/nix/store/64igm2b6wsffw4ab4rwsr0d6syq4cliq-xineramaproto-1.2.1/lib/pkgconfig:/nix/store/0vr9lni0n2y31r3q9a0ppmhvvz4mwh9d-libgnome-2.32.1-dev/lib/pkgconfig:/nix/store/2fvw424y8sk7k78wx91ypygp97bbpaql-libogg-1.3.3-dev/lib/pkgconfig:/nix/store/603pjqb39js7i6j4122vb90iij1z8sfh-libgnomeui-2.24.5-dev/lib/pkgconfig:/nix/store/5miakzzfrkqrx1pyanws2125m1r4msxf-gnome-vfs-2.24.4-dev/lib/pkgconfig:/nix/store/hql1dc0vdmwxv5dalr75nmkgwjl3m601-gconf-2.32.4-dev/lib/pkgconfig:/nix/store/30gy5qynrb97zyhlc9v4r74ryfxx9l5i-dbus-1.10.24-dev/lib/pkgconfig:/nix/store/64hw8wpmp4xq19kxl5m59qn916iciixa-dbus-glib-0.108-dev/lib/pkgconfig:/nix/store/la9ssv41cvkrp0pksh5lbv1qq4qxrjl1-alsa-lib-1.1.5-dev/lib/pkgconfig:/nix/store/8bxzpqbchyha2bn8qabd23dg34fpgp6v-libpulseaudio-11.1-dev/lib/pkgconfig:/nix/store/4k61wqjqi8qs6clmir5af09viwqvihj8-libcap-2.25-dev/lib/pkgconfig:/nix/store/rjx2ncvp8g4bq1xkr494sfzzga01pybh-gstreamer-0.10.36-dev/lib/pkgconfig:/nix/store/3143f24xkdh6ihww7q8cgjnlyzqd5zmc-libxml2-2.9.7-dev/lib/pkgconfig:/nix/store/3b3avm6bj80dlvjrv7qjk42lfq6i6w28-gst-plugins-base-0.10.36-dev/lib/pkgconfig:/nix/store/0mz62gba7s21qlhq4mph81ixf2v0nlb4-gtk+3-3.22.28-dev/lib/pkgconfig:/nix/store/wq9dxr9vzrv1gfzlb0z7jam6lp7m7xq1-at-spi2-atk-2.26.1/lib/pkgconfig:/nix/store/4p1h4n411927l2s2mwca33m0s1l1z61q-gsettings-desktop-schemas-3.24.1/share/pkgconfig:/nix/store/mlmm2a007gg49ia1wa2klniki4ph0jv1-wayland-1.14.0/lib/pkgconfig:/nix/store/qz0rr5xiqh4wa1ls5cqywkgz1brmb5fh-wayland-protocols-1.11/share/pkgconfig:/nix/store/vc7a2ay0pbs5isscc1fda3wa557jchs3-gobject-introspection-1.54.1-dev/lib/pkgconfig:/nix/store/awsi1h746ian2afdmrhpw8ajkn0gsavb-procps-3.3.12/lib/pkgconfig:/nix/store/nx3jw576gqw01iiijgsav39w2qa4cni2-python-2.7.14/lib/pkgconfig:/nix/store/jd644x3ppch1i92lbiw837bd1rylqgip-openssl-1.0.2o-dev/lib/pkgconfig:/nix/store/vbvlba36jl5dfqnma2xqdl1ci294rnbr-libnotify-0.7.7/lib/pkgconfig:/nix/store/i4k7d8vmqhxhzkq775067mf6gjmw439f-valgrind-3.13.0-dev/lib/pkgconfig:/nix/store/kwdbw37kpgym0a1bnd5yczcsxl84vya4-icu4c-59.1-dev/lib/pkgconfig:/nix/store/bwh528xapwgjzxnxsjbj3fyppxzpawh0-nss-3.35-dev/lib/pkgconfig:/nix/store/ysgkjcxkci63mj6smp8s2w72abhzxv4p-nspr-4.18-dev/lib/pkgconfig:/nix/store/n2w7c9m4kbwlqrlxcja1akvwasagpcbp-libvpx-1.6.1-dev/lib/pkgconfig:/nix/store/cxn4wv56d1871pq38fqbyd996p1kc8nj-hunspell-1.6.2-dev/lib/pkgconfig:/nix/store/gzcly4bpvm78alliyl8vbzjdxm3bsgfv-sqlite-3.21.0-dev/lib/pkgconfig:/nix/store/jnlz9n0avbnlrccdqmi91ibhkf905q7x-libstartup-notification-0.12/lib/pkgconfig' 'SHELL=/nix/store/zqh3l3lyw32q1ayb15bnvg9f24j5v2p0-bash-4.4-p12/bin/bash' 'PATH=/nix/store/y5rlyv6nz8134s687d95ysc2gakwx7am-patchelf-0.9/bin:/nix/store/rf7pnq8qk9bkjpl4s2pm5dm2pk4yqhrc-paxctl-0.9/bin:/nix/store/gqg2vrcq7krqi9rrl6pphvsg81sb8pjw-gcc-wrapper-7.3.0/bin:/nix/store/bm7pb1s7rx1ad80706b5xqrznq7fgpgx-gcc-7.3.0/bin:/nix/store/6ca5dl2wy0nh37li1n4b152fcazsp3f6-glibc-2.26-131-bin/bin:/nix/store/cb3slv3szhp46xkrczqw7mscy5mnk64l-coreutils-8.29/bin:/nix/store/cmxaqb5cbzy4jk26na842n6hy1s4yn19-binutils-wrapper-2.28.1/bin:/nix/store/b0zlxla7dmy1iwc3g459rjznx59797xy-binutils-2.28.1/bin:/nix/store/1dm1zygy7n0iqvxzzqf3livr7ydvs2mf-python3-3.6.5/bin:/nix/store/ixlf9p8sjmw0zvd2ggzmfcsl7i5dp3pq-python3.6-setuptools-38.4.0/bin:/nix/store/pnjn1fv5s5a89vpqa63cvb407dapzy6c-which-2.21/bin:/nix/store/6m16jx9snhl5k1y078az476g9vfqvk4k-autoconf-2.13/bin:/nix/store/s029gmjpgvm776wfb56naqny9qja9339-perl-5.24.3/bin:/nix/store/afs58x7k2mpgv9wdq5v6xr7g31jjihpl-unzip-6.0/bin:/nix/store/rq684hfjyi84crlry4pwdqhbyyxjsk2d-zip-3.0/bin:/nix/store/lhp5rw0dagi5mgqwr9i3x41240ba4ypz-gnumake-4.2.1/bin:/nix/store/ax0xvjs9kqz7fn2gr5giciiigi6q7n0k-yasm-1.3.0/bin:/nix/store/340wmknqs4by554nwpg3hcr52lshqdj2-pkg-config-0.29.2/bin:/nix/store/2r6bvw7za4ynd1n2xr65b1jrqfg0yjfp-libart_lgpl-2.3.21/bin:/nix/store/cxf1sj5mkgb2z60qji1lyb9wp7fp76wa-glib-2.54.3-dev/bin:/nix/store/7szhczx871gdip17crd7bg3rchhqa86y-ORBit2-2.14.19-dev/bin:/nix/store/nccbs1aiwwajqg7gz8y3bgag31hmlqfb-libIDL-0.8.14/bin:/nix/store/1psa21c6ycl337k7pm698l75bhxgyfzy-ORBit2-2.14.19/bin:/nix/store/jljvnr34rv1fzh2m03d46isvzk95ssdr-libbonobo-2.32.1/bin:/nix/store/cc8z8srk4rqdrz234a4xzbbaf9i5b0nr-gtk+-2.24.32-dev/bin:/nix/store/qbhfjb2fagmn9vz9wh280w0j73lq2hjg-cairo-1.14.10-dev/bin:/nix/store/9yksdd65yard03m7ads6mysrxgnnmdss-freetype-2.7.1-dev/bin:/nix/store/qqv6r9vkpb44rw5d8wyfpx64rgqzlvdm-bzip2-1.0.6.0.1-bin/bin:/nix/store/k9fjbxm37cq6pv0m4j9hp74lg64p038z-libpng-apng-1.6.34-dev/bin:/nix/store/0alz3scxpgnirzkyz254j3jvf2syf9d8-fontconfig-2.12.1-bin/bin:/nix/store/8ncpzbdgbwg3h8889w67fmb0ay06dpm1-expat-2.2.5-dev/bin:/nix/store/1pdl62g1inalcc13mfwbmvc5alzqal2n-libdrm-2.4.90-bin/bin:/nix/store/45py252dqicp5zr8hm0gm6hacdmsks82-harfbuzz-1.7.1-dev/bin:/nix/store/0cj94v3rj7ixn5fqd7a4kh1ajnlprz4r-graphite2-1.3.6/bin:/nix/store/3qvsxrsw5ij79wi1sn1y3z3hwqygx9gx-pango-1.40.14-bin/bin:/nix/store/jwjlcjj1qq6hnf90kdfpqii5v8qhsnh3-gdk-pixbuf-2.36.7-dev/bin:/nix/store/ssmhdid5b2s3gf4kwvky8q0119dy5vyf-libjpeg-turbo-1.5.3-bin/bin:/nix/store/aakgkcvw6j54zg38zrn1w00sgxx0zj8b-xz-5.2.3-bin/bin:/nix/store/nr17jlbss1jffdgh6rknf0wxvz9df219-libtiff-4.0.9-bin/bin:/nix/store/x0jclbms2bldcq7azzsw6c9z68sbhdgs-jasper-2.0.14-bin/bin:/nix/store/nnd0d1jbaph3xgs1z0s969xv5n3csdxa-gdk-pixbuf-2.36.7/bin:/nix/store/avcr8ri97kynqpqafg5c2bq3l67cca5v-cups-2.2.6-dev/bin:/nix/store/qbwhkl8qs76715cl5sa0893vp4fm8k7b-cups-2.2.6/bin:/nix/store/xwyp69b2b85y56h7akw9j7sxwzkr0y92-gtk+-2.24.32/bin:/nix/store/9ccy81kzwjnxjxsar78gkmakwwdfq26n-libgnome-2.32.1/bin:/nix/store/p2xv7zcg9pak48j5i689jl5nmkssmf98-libbonoboui-2.24.5/bin:/nix/store/s2xvg8k21w3y9pzhh51wlscwgz6h9v83-gconf-2.32.4/bin:/nix/store/rkzpvfz9f45lghj9i35p2z9ls66flvpi-gnome-vfs-2.24.4/bin:/nix/store/fcg60r125nzdzk0cimrd4z277gqf8ca9-dbus-1.10.24-lib/bin:/nix/store/ia9x1pjgqb3slk15sv2y1llrk9nplpri-dbus-1.10.24/bin:/nix/store/64hw8wpmp4xq19kxl5m59qn916iciixa-dbus-glib-0.108-dev/bin:/nix/store/n07bypvyip8xgjmynqg50q37wvmnfvs2-alsa-lib-1.1.5/bin:/nix/store/6bzyb2y3mkz1spg6l3i4wp2lmkkh6f3v-attr-2.4.47-bin/bin:/nix/store/ygi8766zlysmzqxvk7dhc6wkv93jcpzd-libcap-2.25/bin:/nix/store/3143f24xkdh6ihww7q8cgjnlyzqd5zmc-libxml2-2.9.7-dev/bin:/nix/store/mnm5w1h20ddkrd3i435n03qiqqqvll97-libxml2-2.9.7-bin/bin:/nix/store/c4i4fi42drpzyik34h0rlbkxk9g5nbc5-gstreamer-0.10.36/bin:/nix/store/icc4mss4gpi9yw8hk1wc7by1scmrv53v-gst-plugins-base-0.10.36/bin:/nix/store/0mz62gba7s21qlhq4mph81ixf2v0nlb4-gtk+3-3.22.28-dev/bin:/nix/store/mlmm2a007gg49ia1wa2klniki4ph0jv1-wayland-1.14.0/bin:/nix/store/19y1sm233aa4q93qsbib04za9brvax64-gtk+3-3.22.28/bin:/nix/store/vc7a2ay0pbs5isscc1fda3wa557jchs3-gobject-introspection-1.54.1-dev/bin:/nix/store/awsi1h746ian2afdmrhpw8ajkn0gsavb-procps-3.3.12/bin:/nix/store/6lkl4g8jbg0m4fgl5s1jclafic2k6lhx-git-2.16.2/bin:/nix/store/d7gspk4njym9k88qk2a3sqjasi8ab2z6-mercurial-4.5/bin:/nix/store/a3qhl9b5v89b3gh0qjna6my1wl5vbqq7-python2.7-dulwich-0.18.6/bin:/nix/store/nx3jw576gqw01iiijgsav39w2qa4cni2-python-2.7.14/bin:/nix/store/xr3li4as4jycwk9lgqn08s0q9s86svqf-python2.7-setuptools-38.4.0/bin:/nix/store/0bgnx6v0i3zi6kpc4dnh98l8isix3rw2-openssl-1.0.2o-bin/bin:/nix/store/5dh5x82i892s162bqrlrym71qp4dwvq3-cmake-3.10.2/bin:/nix/store/vbvlba36jl5dfqnma2xqdl1ci294rnbr-libnotify-0.7.7/bin:/nix/store/j35sgbqnyxfn7rz31812r7l82az9zmzk-valgrind-3.13.0/bin:/nix/store/vyl4q1bhxnqbgkslbaxzp09nh48x6wdb-gdb-8.1/bin:/nix/store/1591qvjywwvw9f1m0smzkb1p3yfk8gpd-rr-5.1.0/bin:/nix/store/bk3hvkxywzc537m2w3di68aw7pwz80df-ccache-3.4.1/bin:/nix/store/0i0b8390dab21pd34x7wjgl49301qqgb-rustc-1.24.0/bin:/nix/store/d6g30kgzg9j7jvf1hci8k813vbay2iqb-cargo-0.24.0/bin:/nix/store/77bsskn86yf6h11mx96xkxm9bqv42kqg-zsh-5.5.1/bin:/nix/store/lmq72s0kwyd3dfm1k9ahmaha5zcj5igh-tup/bin:/nix/store/pxsrm9avcrp833rd96sp6vgs45yzrij9-fusermount/bin:/nix/store/xa5qvlg5pp5rh2dshlwvd708ks066azv-librsvg-2.42.2/bin:/nix/store/kwdbw37kpgym0a1bnd5yczcsxl84vya4-icu4c-59.1-dev/bin:/nix/store/bwh528xapwgjzxnxsjbj3fyppxzpawh0-nss-3.35-dev/bin:/nix/store/ysgkjcxkci63mj6smp8s2w72abhzxv4p-nspr-4.18-dev/bin:/nix/store/cffgk5hna0yljhy7japikcbxy7f55arl-libvpx-1.6.1-bin/bin:/nix/store/iy5737v30gb1zwyai59c5y83f3ymy797-hunspell-1.6.2-bin/bin:/nix/store/jhrwlpfijc4igz6xsx01z4z45k50kjsv-sqlite-3.21.0-bin/bin:/nix/store/364b5gkvgrm87bh1scxm5h8shp975n0r-findutils-4.6.0/bin:/nix/store/cg3yhpr5hfr00y0aah23pgxiijpzl6nz-diffutils-3.6/bin:/nix/store/navldm477k3ar6cy0zlw9rk43i459g69-gnused-4.4/bin:/nix/store/s63b2myh6rxfl4aqwi9yxd6rq66djk33-gnugrep-3.1/bin:/nix/store/j79xs2j519bmvq0gihz8ff4nw5aj3vlh-gawk-4.2.0/bin:/nix/store/2p00w952ljb1172nsf3jm7nsjgsw5qpw-gnutar-1.30/bin:/nix/store/d7895h1an2pgcd6a3vx3yb5fbg786lci-gzip-1.9/bin:/nix/store/zqh3l3lyw32q1ayb15bnvg9f24j5v2p0-bash-4.4-p12/bin:/nix/store/gd1mp76qr4zpbw3lccivhvi30b025x51-patch-2.7.6/bin' 'PYTHONDONTWRITEBYTECODE=True' ./mach build
 0:00.47 /nix/store/lmq72s0kwyd3dfm1k9ahmaha5zcj5igh-tup/bin/tup upd /home/gmaudoux/projets/gecko-tup/gecko-dev/obj-tup -j4 --no-environ-check
 0:00.48 [ tup ] [0.000s] Scanning filesystem...
 0:01.42 [ tup ] [0.936s] No tup.config changes (environment check disabled).
 0:01.42 [ tup ] [0.937s] Parsing Tupfiles...
 0:01.42   25% 1) [0.002s] .
 0:01.43   50% 2) [0.001s] obj-tup
 0:01.43   75% 3) [0.001s] obj-tup/dist/bin
 0:01.43  100% 4) [0.001s] obj-tup/build
 0:01.43 [ tup ] [0.949s] No files to delete.
 0:01.43 [ tup ] [0.949s] Generating .gitignore files...
 0:01.46 [ tup ] [0.984s] Executing Commands...
 0:12.23    0%  1) [10.762s] obj-tup/dom/broadcastchannel: CXX Unified_cpp_dom_broadcastchannel0.cpp
 0:12.34    1%  2) [10.880s] obj-tup/dom/performance: CXX Unified_cpp_dom_performance0.cpp
 0:18.64    3%  3) [17.176s] obj-tup/dom/notification: CXX Unified_cpp_dom_notification0.cpp
 0:24.71    4%  4) [23.242s] obj-tup/dom/network: CXX Unified_cpp_dom_network0.cpp
 0:41.15    7%  5) [28.923s] obj-tup/dom/ipc: CXX /home/gmaudoux/projets/gecko-tup/gecko-dev/dom/ipc/ContentChild.cpp
 0:53.84   10%  6) [35.202s] obj-tup/docshell/base: CXX Unified_cpp_docshell_base0.cpp
 0:53.95   12%  7) [29.239s] obj-tup/netwerk/base: CXX Unified_cpp_netwerk_base0.cpp
 1:02.22   14%  8) [21.064s] obj-tup/netwerk/ipc: CXX Unified_cpp_netwerk_ipc0.cpp
 1:04.60   19%  9) [52.250s] obj-tup/dom/ipc: CXX Unified_cpp_dom_ipc0.cpp
 1:04.60 In file included from Unified_cpp_dom_ipc0.cpp:56:0:
 1:04.60 /home/gmaudoux/projets/gecko-tup/gecko-dev/dom/ipc/ContentProcess.cpp: In member function 'virtual bool mozilla::dom::ContentProcess::Init(int, char**)':
 1:04.60 /home/gmaudoux/projets/gecko-tup/gecko-dev/dom/ipc/ContentProcess.cpp:217:22: warning: 'schedulerPrefs' may be used uninitialized in this function [-Wmaybe-uninitialized]
 1:04.60    Scheduler::SetPrefs(*schedulerPrefs);
 1:04.60    ~~~~~~~~~~~~~~~~~~~^~~~~~~~~~~~~~~~~
 1:04.60 /home/gmaudoux/projets/gecko-tup/gecko-dev/dom/ipc/ContentProcess.cpp:210:15: warning: 'prefsLen' may be used uninitialized in this function [-Wmaybe-uninitialized]
 1:04.60    if (!shm.Map(*prefsLen)) {
 1:04.60         ~~~~~~~^~~~~~~~~~~
 1:04.60 /home/gmaudoux/projets/gecko-tup/gecko-dev/dom/ipc/ContentProcess.cpp:222:17: warning: 'isForBrowser' may be used uninitialized in this function [-Wmaybe-uninitialized]
 1:04.60                  *isForBrowser);
 1:04.60                  ^~~~~~~~~~~~~
 1:04.60 /home/gmaudoux/projets/gecko-tup/gecko-dev/dom/ipc/ContentProcess.cpp:218:16: warning: 'childID' may be used uninitialized in this function [-Wmaybe-uninitialized]
 1:04.60    mContent.Init(IOThreadChild::message_loop(),
 1:04.60    ~~~~~~~~~~~~~^~~~~~~~~~~~~~~~~~~~~~~~~~~~~~~
 1:04.60                  ParentPid(),
 1:04.60                  ~~~~~~~~~~~~
 1:04.60                  IOThreadChild::channel(),
 1:04.60                  ~~~~~~~~~~~~~~~~~~~~~~~~~
 1:04.60                  *childID,
 1:04.60                  ~~~~~~~~~
 1:04.60                  *isForBrowser);
 1:04.60                  ~~~~~~~~~~~~~~
 1:12.90   20% 10) [19.052s] obj-tup/image: CXX Unified_cpp_image0.cpp
 1:21.15   21% 11) [16.554s] obj-tup/dom/file: CXX Unified_cpp_dom_file0.cpp
 1:24.57   24% 12) [30.627s] obj-tup/layout/build: CXX Unified_cpp_layout_build0.cpp
 1:24.61   25% 13) [11.712s] obj-tup/dom/promise: CXX Unified_cpp_dom_promise0.cpp
 1:30.00   27% 14) [27.785s] obj-tup/dom/base: CXX /home/gmaudoux/projets/gecko-tup/gecko-dev/dom/base/nsGlobalWindowInner.cpp
 1:33.89   28% 15) [9.278s] obj-tup/dom/url: CXX Unified_cpp_dom_url0.cpp
 1:35.83   29% 16) [14.676s] obj-tup/dom/filesystem: CXX Unified_cpp_dom_filesystem0.cpp
 1:43.27   30% 17) [13.261s] obj-tup/dom/indexedDB: CXX Unified_cpp_dom_indexedDB1.cpp
 1:47.55   31% 18) [13.664s] obj-tup/dom/push: CXX Unified_cpp_dom_push0.cpp
 1:56.52   33% 19) [20.687s] obj-tup/dom/bindings: CXX Unified_cpp_dom_bindings0.cpp
 1:58.50   35% 20) [33.888s] obj-tup/dom/indexedDB: CXX Unified_cpp_dom_indexedDB0.cpp
 2:06.56   37% 21) [23.298s] obj-tup/dom/fetch: CXX Unified_cpp_dom_fetch0.cpp
 2:14.20   38% 22) [15.704s] obj-tup/dom/crypto: CXX Unified_cpp_dom_crypto0.cpp
 2:18.22   41% 23) [30.663s] obj-tup/dom/events: CXX Unified_cpp_dom_events0.cpp
 2:28.88   43% 24) [32.361s] obj-tup/dom/events: CXX Unified_cpp_dom_events1.cpp
 2:31.74   45% 25) [25.177s] obj-tup/dom/quota: CXX Unified_cpp_dom_quota0.cpp
 2:35.19   47% 26) [20.991s] obj-tup/dom/xhr: CXX Unified_cpp_dom_xhr0.cpp
 2:44.10   48% 27) [15.218s] obj-tup/dom/console: CXX Unified_cpp_dom_console0.cpp
 2:56.30   50% 28) [21.106s] obj-tup/dom/workers: CXX Unified_cpp_dom_workers1.cpp
 3:00.96   52% 29) [29.224s] obj-tup/dom/workers: CXX Unified_cpp_dom_workers0.cpp
 3:02.41   54% 30) [18.307s] obj-tup/dom/cache: CXX Unified_cpp_dom_cache0.cpp
 3:03.03   57% 31) [44.816s] obj-tup/dom/canvas: CXX Unified_cpp_dom_canvas0.cpp
 3:13.54   59% 32) [17.238s] obj-tup/dom/script: CXX Unified_cpp_dom_script0.cpp
 3:30.85   60% 33) [17.313s] obj-tup/ipc/glue: CXX Unified_cpp_ipc_glue0.cpp
 3:31.38   62% 34) [28.338s] obj-tup/dom/ipc: CXX Unified_cpp_dom_ipc1.cpp
 3:36.72   65% 35) [35.762s] obj-tup/dom/base: CXX Unified_cpp_dom_base2.cpp
 3:49.52   66% 36) [18.654s] obj-tup/ipc/glue: CXX Unified_cpp_ipc_glue1.cpp
 3:59.75   67% 37) [10.226s] obj-tup/dom/websocket: CXX Unified_cpp_dom_websocket0.cpp
 4:06.05   68% 38) [6.298s] obj-tup/dom/abort: CXX Unified_cpp_dom_abort0.cpp
 4:07.10   70% 39) [35.725s] obj-tup/gfx/thebes: CXX Unified_cpp_gfx_thebes1.cpp
 4:07.10 In file included from Unified_cpp_gfx_thebes1.cpp:2:0:
 4:07.10 /home/gmaudoux/projets/gecko-tup/gecko-dev/gfx/thebes/gfxGraphiteShaper.cpp: In member function 'nsresult gfxGraphiteShaper::SetGlyphsFromSegment(gfxShapedText*, uint32_t, uint32_t, const char16_t*, gr_segment*, gfxFontShaper::RoundingFlags)':
 4:07.10 /home/gmaudoux/projets/gecko-tup/gecko-dev/gfx/thebes/gfxGraphiteShaper.cpp:349:36: warning: 'clusterLoc' may be used uninitialized in this function [-Wmaybe-uninitialized]
 4:07.10                      float dx = rtl ? (xLocs[j] - clusterLoc) :
 4:07.10                                 ~~~~^~~~~~~~~~~~~~~~~~~~~~~~~~~
 4:07.10                                       (xLocs[j] - clusterLoc - adv);
 4:07.10                                       ~~~~~~~~~~~~~~~~~~~~~~~~~~~~~
 4:14.70   76% 40) [72.295s] obj-tup/dom/base: CXX Unified_cpp_dom_base6.cpp
 4:22.53   77% 41) [16.479s] obj-tup/dom/clients/manager: CXX Unified_cpp_dom_clients_manager0.cpp
 4:22.75   79% 42) [15.656s] obj-tup/dom/clients/manager: CXX Unified_cpp_dom_clients_manager1.cpp
 4:35.59   80% 43) [12.827s] obj-tup/dom/clients/api: CXX Unified_cpp_dom_clients_api0.cpp
 4:38.49   82% 44) [15.963s] obj-tup/dom/serviceworkers: CXX Unified_cpp_dom_serviceworkers1.cpp
 4:43.15   85% 45) [28.448s] obj-tup/dom/serviceworkers: CXX Unified_cpp_dom_serviceworkers0.cpp
 5:00.36   94% 46) [83.628s] obj-tup/dom/bindings: CXX UnifiedBindings21.cpp
 6:09.75   99% 47) [69.388s] obj-tup/toolkit/library: LINK libxul.so
 6:10.85   99% 48) [1.109s] obj-tup/toolkit/library: python /home/gmaudoux/projets/gecko-tup/gecko-dev/toolkit/library/dependentlibs.py:gen_list -> [dependentlibs.list dependentlibs.list.gtest dependentlibs.list.pp]
 6:11.59   99% 49) [1.843s] obj-tup/js/xpconnect/shell: LINK ../../../dist/bin/xpcshell
 6:11.59  100% 50) [1.846s] obj-tup/ipc/app: LINK ../../dist/bin/plugin-container
 6:11.62 [ tup ] [371.140s] Updated.
 6:12.20 418 compiler warnings present.
 6:12.33 Overall system resources - Wall time: 372s; CPU: 82%; Read bytes: 1697296384; Write bytes: 3351097344; Read time: 12943; Write time: 1202317
 6:12.33 Swap in/out (MB): 0/0
 6:12.42 warning: dom/ipc/ContentProcess.cpp:210:15 [-Wmaybe-uninitialized] 'prefsLen' may be used uninitialized in this function
 6:12.42 warning: dom/ipc/ContentProcess.cpp:217:22 [-Wmaybe-uninitialized] 'schedulerPrefs' may be used uninitialized in this function
 6:12.42 warning: dom/ipc/ContentProcess.cpp:218:16 [-Wmaybe-uninitialized] 'childID' may be used uninitialized in this function
 6:12.42 warning: dom/ipc/ContentProcess.cpp:222:17 [-Wmaybe-uninitialized] 'isForBrowser' may be used uninitialized in this function
 6:12.42 warning: gfx/thebes/gfxGraphiteShaper.cpp:349:36 [-Wmaybe-uninitialized] 'clusterLoc' may be used uninitialized in this function
 6:12.42 /nix/store/vbvlba36jl5dfqnma2xqdl1ci294rnbr-libnotify-0.7.7/bin/notify-send --app-name=Mozilla Build System Mozilla Build System Build complete
 6:12.54 Your build was successful!
To view resource usage of the build, run |mach resource-usage|.
To take your build for a test drive, run: |mach run|
For more information on what to do now, see https://developer.mozilla.org/docs/Developer_Guide/So_You_Just_Built_Firefox
